Log file open, 11/07/17 01:04:04
LogInit:Display: Running engine for game: The_Arsonist
LogPlatformFile: Not using cached read wrapper
LogInit:Display: RandInit(-97499828) SRandInit(-97499828).
LogTaskGraph: Started task graph with 5 named threads and 8 total threads with 1 sets of task threads.
LogStats: Stats thread started at 0.090525
LogInit: Using libcurl 7.47.1
LogInit:  - built for x86_64-pc-win32
LogInit:  - supports SSL with OpenSSL/1.0.2g
LogInit:  - supports HTTP deflate (compression) using libz 1.2.8
LogInit:  - other features:
LogInit:      CURL_VERSION_SSL
LogInit:      CURL_VERSION_LIBZ
LogInit:      CURL_VERSION_IPV6
LogInit:      CURL_VERSION_ASYNCHDNS
LogInit:      CURL_VERSION_LARGEFILE
LogInit:      CURL_VERSION_IDN
LogInit:  CurlRequestOptions (configurable via config and command line):
LogInit:  - bVerifyPeer = false  - Libcurl will NOT verify peer certificate
LogInit:  - bUseHttpProxy = false  - Libcurl will NOT use HTTP proxy
LogInit:  - bDontReuseConnections = false  - Libcurl will reuse connections
LogInit:  - CertBundlePath = nullptr  - Libcurl will use whatever was configured at build time.
LogInit: Build: ++UE4+Release-4.16-CL-3561208
LogInit: Engine Version: 4.16.3-3561208+++UE4+Release-4.16
LogInit: Compatible Engine Version: 4.16.0-3452394+++UE4+Release-4.16
LogInit: Net CL: 3452394
LogDevObjectVersion: Number of dev versions registered: 16
LogDevObjectVersion:   Dev-Blueprints (B0D832E4-1F89-4F0D-ACCF-7EB736FD4AA2): 9
LogDevObjectVersion:   Dev-Build (E1C64328-A22C-4D53-A36C-8E866417BD8C): 0
LogDevObjectVersion:   Dev-Core (375EC13C-06E4-48FB-B500-84F0262A717E): 2
LogDevObjectVersion:   Dev-Editor (E4B068ED-F494-42E9-A231-DA0B2E46BB41): 17
LogDevObjectVersion:   Dev-Framework (CFFC743F-43B0-4480-9391-14DF171D2073): 23
LogDevObjectVersion:   Dev-Mobile (B02B49B5-BB20-44E9-A304-32B752E40360): 0
LogDevObjectVersion:   Dev-Networking (A4E4105C-59A1-49B5-A7C5-40C4547EDFEE): 0
LogDevObjectVersion:   Dev-Online (39C831C9-5AE6-47DC-9A44-9C173E1C8E7C): 0
LogDevObjectVersion:   Dev-Physics (78F01B33-EBEA-4F98-B9B4-84EACCB95AA2): 0
LogDevObjectVersion:   Dev-Platform (6631380F-2D4D-43E0-8009-CF276956A95A): 0
LogDevObjectVersion:   Dev-Rendering (12F88B9F-8875-4AFC-A67C-D90C383ABD29): 15
LogDevObjectVersion:   Dev-Sequencer (7B5AE74C-D270-4C10-A958-57980B212A5A): 4
LogDevObjectVersion:   Dev-VR (D7296918-1DD6-4BDD-9DE2-64A83CC13884): 0
LogDevObjectVersion:   Dev-LoadTimes (C2A15278-BFE7-4AFE-6C17-90FF531DF755): 1
LogDevObjectVersion:   Private-Geometry (6EACA3D4-40EC-4CC1-B786-8BED09428FC5): 1
LogDevObjectVersion:   Dev-AnimPhys (29E575DD-E0A3-4627-9D10-D276232CDCEA): 3
LogInit: Compiled (64-bit): Jul 28 2017 11:49:47
LogInit: Compiled with Visual C++: 19.00.24215.01
LogInit: Build Configuration: Development
LogInit: Branch Name: ++UE4+Release-4.16
LogInit: Command line:  
LogInit: Base directory: F:/Unreal/UE_4.16/Engine/Binaries/Win64/
LogInit: Installed Engine Build: 1
LogInit: Presizing for max 8388607 objects, including 0 objects not considered by GC, pre-allocating 0 bytes for permanent pool.
LogInit: Object subsystem initialized
[2017.11.07-08.04.05:361][  0]LogInit: Selected Device Profile: [Windows]
[2017.11.07-08.04.05:361][  0]LogInit: Applying CVar settings loaded from the selected device profile: [Windows]
[2017.11.07-08.04.05:369][  0]LogInit: Computer: SPAGHETTI
[2017.11.07-08.04.05:369][  0]LogInit: User: default
[2017.11.07-08.04.05:369][  0]LogInit: CPU Page size=4096, Cores=4
[2017.11.07-08.04.05:369][  0]LogInit: High frequency timer resolution =3.429153 MHz
[2017.11.07-08.04.05:369][  0]LogMemory: Memory total: Physical=16.0GB (16GB approx)
[2017.11.07-08.04.05:369][  0]LogMemory: Platform Memory Stats for Windows
[2017.11.07-08.04.05:369][  0]LogMemory: Process Physical Memory: 271.87 MB used, 271.87 MB peak
[2017.11.07-08.04.05:369][  0]LogMemory: Process Virtual Memory: 261.14 MB used, 261.14 MB peak
[2017.11.07-08.04.05:369][  0]LogMemory: Physical Memory: 7428.60 MB used,  8922.54 MB free, 16351.14 MB total
[2017.11.07-08.04.05:369][  0]LogMemory: Virtual Memory: 638.35 MB used,  8922.54 MB free, 134217728.00 MB total
[2017.11.07-08.04.05:429][  0]LogInit: Using OS detected language (en-US).
[2017.11.07-08.04.05:429][  0]LogInit: Using OS detected locale (en-US).
[2017.11.07-08.04.05:432][  0]LogTextLocalizationManager: No specific localization for 'en-US' exists, so the 'en' localization will be used.
[2017.11.07-08.04.06:324][  0]LogD3D11RHI: D3D11 adapters:
[2017.11.07-08.04.06:364][  0]LogD3D11RHI:    0. 'NVIDIA GeForce GTX 1060 6GB' (Feature Level 11_0)
[2017.11.07-08.04.06:364][  0]LogD3D11RHI:       6064/0/8175 MB DedicatedVideo/DedicatedSystem/SharedSystem, Outputs:1, VendorId:0x10de
[2017.11.07-08.04.06:365][  0]LogD3D11RHI:    1. 'Microsoft Basic Render Driver' (Feature Level 11_0)
[2017.11.07-08.04.06:365][  0]LogD3D11RHI:       0/0/8175 MB DedicatedVideo/DedicatedSystem/SharedSystem, Outputs:0, VendorId:0x1414
[2017.11.07-08.04.06:365][  0]LogD3D11RHI: Chosen D3D11 Adapter: 0
[2017.11.07-08.04.06:369][  0]LogD3D11RHI: Creating new Direct3DDevice
[2017.11.07-08.04.06:369][  0]LogD3D11RHI:     GPU DeviceId: 0x1c03 (for the marketing name, search the web for "GPU Device Id")
[2017.11.07-08.04.06:369][  0]LogWindows: EnumDisplayDevices:
[2017.11.07-08.04.06:369][  0]LogWindows:    0. 'NVIDIA GeForce GTX 1060 6GB' (P:1 D:1)
[2017.11.07-08.04.06:369][  0]LogWindows:    1. 'NVIDIA GeForce GTX 1060 6GB' (P:0 D:0)
[2017.11.07-08.04.06:370][  0]LogWindows:    2. 'NVIDIA GeForce GTX 1060 6GB' (P:0 D:0)
[2017.11.07-08.04.06:370][  0]LogWindows:    3. 'NVIDIA GeForce GTX 1060 6GB' (P:0 D:0)
[2017.11.07-08.04.06:370][  0]LogWindows: DebugString: FoundDriverCount:4 
[2017.11.07-08.04.06:370][  0]LogD3D11RHI:     Adapter Name: NVIDIA GeForce GTX 1060 6GB
[2017.11.07-08.04.06:370][  0]LogD3D11RHI:   Driver Version: 388.00 (internal:23.21.13.8800, unified:388.00)
[2017.11.07-08.04.06:370][  0]LogD3D11RHI:      Driver Date: 10-12-2017
[2017.11.07-08.04.06:370][  0]LogRHI: Texture pool is 1361 MB (70% of 1945 MB)
[2017.11.07-08.04.06:395][  0]LogD3D11RHI: Async texture creation enabled
[2017.11.07-08.04.06:404][  0]LogD3D11RHI: GPU Timing Frequency: 1000.000000 (Debug: 2 1)
[2017.11.07-08.04.06:408][  0]LogShaderCompilers: Guid format shader working directory is 12 characters bigger than the processId version (../../../../Projects/The_Arsonist/The-Arsonist/Intermediate/Shaders/WorkingDirectory/11832/).
[2017.11.07-08.04.06:408][  0]LogShaderCompilers: Cleaned the shader compiler working directory 'C:/Users/default.default-PC/AppData/Local/Temp/UnrealShaderWorkingDir/A715C7134F828A269F931CAFA5FE3640/'.
[2017.11.07-08.04.06:408][  0]LogShaderCompilers:Display: Using Local Shader Compiler.
[2017.11.07-08.04.07:400][  0]LogTemp:Display: Loaded TP AllDesktopTargetPlatform
[2017.11.07-08.04.07:443][  0]LogTemp:Display: Loaded TP MacClientTargetPlatform
[2017.11.07-08.04.07:485][  0]LogTemp:Display: Loaded TP MacNoEditorTargetPlatform
[2017.11.07-08.04.07:528][  0]LogTemp:Display: Loaded TP MacServerTargetPlatform
[2017.11.07-08.04.07:571][  0]LogTemp:Display: Loaded TP MacTargetPlatform
[2017.11.07-08.04.07:614][  0]LogTemp:Display: Loaded TP WindowsClientTargetPlatform
[2017.11.07-08.04.07:657][  0]LogTemp:Display: Loaded TP WindowsNoEditorTargetPlatform
[2017.11.07-08.04.07:699][  0]LogTemp:Display: Loaded TP WindowsServerTargetPlatform
[2017.11.07-08.04.07:735][  0]LogTemp:Display: Loaded TP WindowsTargetPlatform
[2017.11.07-08.04.07:778][  0]LogTemp:Display: Loaded TP AndroidTargetPlatform
[2017.11.07-08.04.07:820][  0]LogTemp:Display: Loaded TP Android_ASTCTargetPlatform
[2017.11.07-08.04.07:861][  0]LogTemp:Display: Loaded TP Android_ATCTargetPlatform
[2017.11.07-08.04.07:904][  0]LogTemp:Display: Loaded TP Android_DXTTargetPlatform
[2017.11.07-08.04.07:947][  0]LogTemp:Display: Loaded TP Android_ETC1TargetPlatform
[2017.11.07-08.04.07:989][  0]LogTemp:Display: Loaded TP Android_ETC2TargetPlatform
[2017.11.07-08.04.08:074][  0]LogTemp:Display: Loaded TP Android_MultiTargetPlatform
[2017.11.07-08.04.08:074][  0]LogTemp:Display: Loaded TP Android_PVRTCTargetPlatform
[2017.11.07-08.04.08:106][  0]LogTemp:Display: Loaded TP HTML5TargetPlatform
[2017.11.07-08.04.08:187][  0]LogTemp:Display: Loaded TP IOSTargetPlatform
[2017.11.07-08.04.08:214][  0]LogTemp:Display: Loaded TP TVOSTargetPlatform
[2017.11.07-08.04.08:254][  0]LogTemp:Display: Loaded TP LinuxClientTargetPlatform
[2017.11.07-08.04.08:298][  0]LogTemp:Display: Loaded TP LinuxNoEditorTargetPlatform
[2017.11.07-08.04.08:340][  0]LogTemp:Display: Loaded TP LinuxServerTargetPlatform
[2017.11.07-08.04.08:381][  0]LogTemp:Display: Loaded TP LinuxTargetPlatform
[2017.11.07-08.04.08:381][  0]LogTargetPlatformManager:Display: Building Assets For Windows
[2017.11.07-08.04.08:794][  0]LogDerivedDataCache:Display: Max Cache Size: 512 MB
[2017.11.07-08.04.08:869][  0]LogDerivedDataCache: Loaded boot cache 0.07s 90MB C:/Users/default.default-PC/AppData/Local/UnrealEngine/4.16/DerivedDataCache/Boot.ddc.
[2017.11.07-08.04.08:869][  0]LogDerivedDataCache:Display: Loaded Boot cache: C:/Users/default.default-PC/AppData/Local/UnrealEngine/4.16/DerivedDataCache/Boot.ddc
[2017.11.07-08.04.08:869][  0]LogDerivedDataCache: FDerivedDataBackendGraph:  Pak pak cache file ../../../../Projects/The_Arsonist/The-Arsonist/DerivedDataCache/DDC.ddp not found, will not use a pak cache.
[2017.11.07-08.04.08:869][  0]LogDerivedDataCache: Unable to find inner node Pak for hierarchical cache Hierarchy.
[2017.11.07-08.04.08:869][  0]LogDerivedDataCache: FDerivedDataBackendGraph:  CompressedPak pak cache file ../../../../Projects/The_Arsonist/The-Arsonist/DerivedDataCache/Compressed.ddp not found, will not use a pak cache.
[2017.11.07-08.04.08:869][  0]LogDerivedDataCache: Unable to find inner node CompressedPak for hierarchical cache Hierarchy.
[2017.11.07-08.04.08:886][  0]LogDerivedDataCache:Display: Pak cache opened for reading ../../../Engine/DerivedDataCache/Compressed.ddp.
[2017.11.07-08.04.08:897][  0]LogDerivedDataCache: Using Local data cache path C:/Users/default.default-PC/AppData/Local/UnrealEngine/Common/DerivedDataCache: Writable
[2017.11.07-08.04.08:907][  0]LogMaterial: Verifying Global Shaders for PCD3D_SM5
[2017.11.07-08.04.08:907][  0]LogSlate: Using Freetype 2.6.0
[2017.11.07-08.04.08:908][  0]LogSlate: SlateFontCache - WITH_FREETYPE: 1, WITH_HARFBUZZ: 1
[2017.11.07-08.04.08:908][  0]LogSlate: SlateFontCache - WITH_FREETYPE: 1, WITH_HARFBUZZ: 1
[2017.11.07-08.04.09:239][  0]LogInit: Selected Device Profile: [Windows]
[2017.11.07-08.04.09:302][  0]LogContentStreaming: Texture pool size is 0.00 MB
[2017.11.07-08.04.09:453][  0]LogMeshUtilities: Using QuadricMeshReduction for automatic static mesh reduction
[2017.11.07-08.04.09:489][  0]LogSimplygon: Simplygon DLL not present - disabling.
[2017.11.07-08.04.09:529][  0]LogMeshUtilities: Using SimplygonSwarm for distributed automatic mesh merging
[2017.11.07-08.04.09:529][  0]LogMeshUtilities: No automatic skeletal mesh reduction module available
[2017.11.07-08.04.09:529][  0]LogMeshUtilities: No automatic mesh merging module available
[2017.11.07-08.04.10:028][  0]LogNetVersion: The_Arsonist , NetCL: 3452394, EngineNetVer: 2, GameNetVer: 0 (Checksum: 1174752045)
[2017.11.07-08.04.10:089][  0]LogAssetRegistry: FAssetRegistry took 0.0259 seconds to start up
[2017.11.07-08.04.10:133][  0]LogPackageLocalizationCache: Processed 4 localized package path(s) for 2 prioritized culture(s) in 0.026654 seconds
[2017.11.07-08.04.10:139][  0]LogUObjectArray: 34194 objects as part of root set at end of initial load.
[2017.11.07-08.04.10:139][  0]LogUObjectAllocator: 7260416 out of 0 bytes used by permanent object pool.
[2017.11.07-08.04.10:139][  0]LogUObjectArray: CloseDisregardForGC: 0/0 objects in disregard for GC pool
[2017.11.07-08.04.10:194][  0]LogInit: WinSock: version 1.1 (2.2), MaxSocks=32767, MaxUdp=65467
[2017.11.07-08.04.12:284][  0]LogTcpMessaging: Initializing TcpMessaging bridge
[2017.11.07-08.04.12:319][  0]LogUdpMessaging: Initializing bridge on interface 0.0.0.0:0 to multicast group 230.0.0.1:6666.
[2017.11.07-08.04.12:772][  0]LogMaterial: Uniform references updated for custom material expression Custom.
[2017.11.07-08.04.13:122][  0]SourceControl: Info Source control is disabled
[2017.11.07-08.04.13:124][  0]SourceControl: Info Source control is disabled
[2017.11.07-08.04.13:164][  0]SourceControl: Info Source control is disabled
[2017.11.07-08.04.13:202][  0]SourceControl: Info Source control is disabled
[2017.11.07-08.04.13:762][  0]LogAndroidPermission: UAndroidPermissionCallbackProxy::GetInstance
[2017.11.07-08.04.14:266][  0]LogEngine: Initializing Engine...
[2017.11.07-08.04.14:273][  0]LogHMD: Failed to initialize OpenVR with code 108
[2017.11.07-08.04.14:456][  0]LogStats: UGameplayTagsManager::ConstructGameplayTagTree: Construct from data asset -  0.000 s
[2017.11.07-08.04.14:456][  0]LogStats: UGameplayTagsManager::ConstructGameplayTagTree: GameplayTagTreeChangedEvent.Broadcast -  0.000 s
[2017.11.07-08.04.14:559][  0]LogAIModule: Creating AISystem for world Untitled
[2017.11.07-08.04.14:566][  0]LogInit: XAudio2 using 'Headset Earphone (Corsair VOID Surround USB Sound Adapter)' : 6 channels at 48 kHz using 16 bits per sample (channel mask 0x3f)
[2017.11.07-08.04.14:700][  0]LogInit: FAudioDevice initialized.
[2017.11.07-08.04.14:743][  0]LogDerivedDataCache: Saved boot cache 0.04s 90MB C:/Users/default.default-PC/AppData/Local/UnrealEngine/4.16/DerivedDataCache/Boot.ddc.
[2017.11.07-08.04.14:750][  0]LogInit: Texture streaming: Enabled
[2017.11.07-08.04.14:833][  0]LogEngineSessionManager: EngineSessionManager initialized
[2017.11.07-08.04.15:010][  0]LogInit: Transaction tracking system initialized
[2017.11.07-08.04.15:291][  0]BlueprintLog: New page: Editor Load
[2017.11.07-08.04.16:086][  0]LocalizationService: Info Localization service is disabled
[2017.11.07-08.04.16:902][  0]LogConsoleResponse:Display: 
[2017.11.07-08.04.17:037][  0]LogCook:Display: Max memory allowance for cook 16384mb min free memory 0mb
[2017.11.07-08.04.17:037][  0]LogCook:Display: Mobile HDR setting 1
[2017.11.07-08.04.17:600][  0]LogFileCache: Scanning file cache for directory 'F:/Unreal/Projects/The_Arsonist/The-Arsonist/Content/' took 0.01s
[2017.11.07-08.04.17:937][  0]SourceControl: Info Source control is disabled
[2017.11.07-08.04.17:937][  0]Cmd: MAP LOAD FILE="../../../Engine/Content/Maps/Templates/Template_Default.umap" TEMPLATE=1 SHOWPROGRESS=1 FEATURELEVEL=3
[2017.11.07-08.04.17:938][  0]LightingResults: New page: Lighting Build
[2017.11.07-08.04.17:974][  0]MapCheck: New page: Map Check
[2017.11.07-08.04.17:974][  0]LightingResults: New page: Lighting Build
[2017.11.07-08.04.18:222][  0]LogAIModule: Creating AISystem for world Untitled_1
[2017.11.07-08.04.18:223][  0]LogActorComponent: RegisterComponentWithWorld: (/Temp/Untitled_1.Untitled_1:PersistentLevel.WorldSettings_1.StaticMeshComponent0) Trying to register component with IsPendingKill() == true. Aborting.
[2017.11.07-08.04.18:227][  0]LogEditorServer: Finished looking for orphan Actors (0.000 secs)
[2017.11.07-08.04.18:244][  0]Cmd: MAP CHECKDEP NOCLEARLOG
[2017.11.07-08.04.18:287][  0]MapCheck: Info Map check complete: 0 Error(s), 0 Warning(s), took 42.587ms to complete.
[2017.11.07-08.04.18:287][  0]LogFileHelpers: Loading map 'Template_Default' took 0.350
[2017.11.07-08.04.18:346][  0]LogWindowsTextInputMethodSystem:Display: IME system now deactivated.
[2017.11.07-08.04.18:438][  0]LogCollectionManager: Loaded 0 collections in 0.001607 seconds
[2017.11.07-08.04.18:508][  0]LogFileCache: Scanning file cache for directory 'F:/Unreal/Projects/The_Arsonist/The-Arsonist/Saved/Collections/' took 0.01s
[2017.11.07-08.04.18:508][  0]LogFileCache: Scanning file cache for directory 'F:/Unreal/Projects/The_Arsonist/The-Arsonist/Content/Developers/default/Collections/' took 0.01s
[2017.11.07-08.04.18:508][  0]LogFileCache: Scanning file cache for directory 'F:/Unreal/Projects/The_Arsonist/The-Arsonist/Content/Collections/' took 0.01s
[2017.11.07-08.04.18:508][  0]LogCollectionManager: Rebuilt the GUID cache for 0 collections in 0.000002 seconds
[2017.11.07-08.04.18:520][  0]LogContentBrowser: Native class hierarchy populated in 0.0114 seconds. Added 2329 classes and 491 folders.
[2017.11.07-08.04.18:574][  0]LogContentBrowser: Native class hierarchy updated for 'WidgetCarousel' in 0.0005 seconds. Added 0 classes and 0 folders.
[2017.11.07-08.04.18:610][  0]LogContentBrowser: Native class hierarchy updated for 'AddContentDialog' in 0.0005 seconds. Added 0 classes and 0 folders.
[2017.11.07-08.04.18:645][  0]LogContentBrowser: Native class hierarchy updated for 'SceneOutliner' in 0.0006 seconds. Added 1 classes and 2 folders.
[2017.11.07-08.04.18:718][  0]LogCrashTracker: Crashtracker disabled due to settings.
[2017.11.07-08.04.18:723][  0]LogSlate: Took 0.000178 seconds to synchronously load lazily loaded font '../../../Engine/Content/Slate/Fonts/Roboto-Regular.ttf' (155K)
[2017.11.07-08.04.18:725][  0]LogSlate: Took 0.000179 seconds to synchronously load lazily loaded font '../../../Engine/Content/Slate/Fonts/Roboto-Bold.ttf' (160K)
[2017.11.07-08.04.18:730][  0]LogSlate: Took 0.000164 seconds to synchronously load lazily loaded font '../../../Engine/Content/Editor/Slate/Fonts/FontAwesome.ttf' (139K)
[2017.11.07-08.04.18:826][  0]LogRenderer: Reallocating scene render targets to support 1208x448 NumSamples 1 (Frame:1).
[2017.11.07-08.04.18:910][  0]LogUObjectGlobals:Warning: Failed to find object 'Class None.'
[2017.11.07-08.04.18:967][  0]LogContentBrowser: Native class hierarchy updated for 'HierarchicalLODOutliner' in 0.0006 seconds. Added 1 classes and 2 folders.
[2017.11.07-08.04.18:967][  0]LogLoad: (Engine Initialization) Total time: 14.89 seconds
[2017.11.07-08.04.18:967][  0]LogLoad: (Engine Initialization) Total Blueprint compile time: 0.10 seconds
[2017.11.07-08.04.18:967][  0]LogExternalProfiler: No external profilers were discovered.  External profiling features will not be available.
[2017.11.07-08.04.18:977][  0]LogOcInput: OculusInput pre-init called
[2017.11.07-08.04.18:977][  0]LogHMD: Starting GearVRController plugin
[2017.11.07-08.04.18:996][  0]LogContentStreaming: Texture pool size now 1000 MB
[2017.11.07-08.04.19:036][  0]LogSlate: Took 0.000167 seconds to synchronously load lazily loaded font '../../../Engine/Content/Slate/Fonts/Roboto-Light.ttf' (159K)
[2017.11.07-08.04.19:059][  1]LogAssetRegistry: Asset discovery search completed in 8.9921 seconds
[2017.11.07-08.04.19:060][  1]LogCollectionManager: Rebuilt the object cache for 0 collections in 0.000001 seconds (found 0 objects)
[2017.11.07-08.04.19:060][  1]LogCollectionManager: Fixed up redirectors for 0 collections in 0.000029 seconds (updated 0 objects)
[2017.11.07-08.04.19:993][109]LogSlate: Took 0.000209 seconds to synchronously load lazily loaded font '../../../Engine/Content/Slate/Fonts/Roboto-Light.ttf' (159K)
[2017.11.07-08.37.13:777][360]LogSlate: Took 0.000190 seconds to synchronously load lazily loaded font '../../../Engine/Content/Slate/Fonts/Roboto-Light.ttf' (159K)
[2017.11.07-08.37.13:814][360]LogPhysics:Warning: FDerivedDataPhysXCooker::BuildTriMesh: Triangle data from '/Game/Scenes/SecondRoom.SecondRoom:PersistentLevel.ModelComponent_640' invalid (264 verts, 0 indices).
[2017.11.07-08.37.13:819][360]LogAIModule: Creating AISystem for world SecondRoom
[2017.11.07-08.37.13:836][360]Cmd: MAP LOAD FILE="../../../../Projects/The_Arsonist/The-Arsonist/Content/Scenes/SecondRoom.umap" TEMPLATE=0 SHOWPROGRESS=1 FEATURELEVEL=3
[2017.11.07-08.37.13:836][360]LightingResults: New page: Lighting Build
[2017.11.07-08.37.13:837][360]LoadErrors: New page: Loading map: SecondRoom.umap
[2017.11.07-08.37.13:837][360]MapCheck: New page: Map Check
[2017.11.07-08.37.13:837][360]LightingResults: New page: Lighting Build
[2017.11.07-08.37.13:896][360]LogEditorServer: Finished looking for orphan Actors (0.000 secs)
[2017.11.07-08.37.13:920][360]Cmd: MAP CHECKDEP NOCLEARLOG
[2017.11.07-08.37.13:960][360]MapCheck: Info Map check complete: 0 Error(s), 0 Warning(s), took 40.063ms to complete.
[2017.11.07-08.37.13:960][360]LogFileHelpers: Loading map 'SecondRoom' took 0.125
[2017.11.07-08.37.32:428][566]LogEditorViewport: Clicking on Actor (LMB): SkeletalMeshActor (Mom)
[2017.11.07-08.38.57:117][919]LogEditor: Attempting to add actor of class 'CineCameraActor' to level at 500.00,-735.00,325.00
[2017.11.07-08.38.59:499][193]LogEditor: Attempting to add actor of class 'CineCameraActor' to level at -270.00,-275.00,145.00
[2017.11.07-08.39.39:592][728]LogEditorViewport: Clicking on Actor (LMB): DirectionalLight (Light Source)
[2017.11.07-08.39.57:374][770]LogEditorViewport: Clicking on Actor (LMB): CineCameraActor (CineCameraActor1)
[2017.11.07-08.40.22:372][416]LogSlate: Took 0.007824 seconds to synchronously load lazily loaded font '../../../Engine/Content/Editor/Slate/Fonts/Roboto-Italic.ttf' (157K)
[2017.11.07-08.41.34:857][ 51]LogEditorViewport: Clicking on Actor (LMB): CineCameraActor (Camera_01)
[2017.11.07-08.43.17:957][941]LogEditorViewport: Clicking on Actor (LMB): CineCameraActor (Camera_01)
[2017.11.07-08.46.01:574][304]LogEditorViewport: Clicking on Actor (LMB): CineCameraActor (Camera_01)
[2017.11.07-08.46.18:117][751]Cmd: TRANSACTION UNDO
[2017.11.07-08.46.18:117][751]LogEditorTransaction: Undo Set Key
[2017.11.07-08.46.42:334][888]LogEditorViewport: Clicking on Actor (LMB): CineCameraActor (Camera_01)
[2017.11.07-08.47.17:007][937]LogEditorViewport: Clicking on Actor (LMB): SkeletalMeshActor (Mom)
[2017.11.07-08.47.17:828][  4]LogEditorViewport: Clicking on Actor (LMB): CineCameraActor (Camera_01)
[2017.11.07-08.47.20:368][198]Cmd: TRANSACTION UNDO
[2017.11.07-08.47.20:368][198]LogEditorTransaction: Undo Move Actors
[2017.11.07-08.47.20:460][198]LogPhysics:Warning: FDerivedDataPhysXCooker::BuildTriMesh: Triangle data from '/Game/Scenes/SecondRoom.SecondRoom:PersistentLevel.ModelComponent_640' invalid (264 verts, 0 indices).
[2017.11.07-08.47.53:700][111]Cmd: TRANSACTION UNDO
[2017.11.07-08.47.53:700][111]LogEditorTransaction: Undo Rotate Actors
[2017.11.07-08.50.11:207][188]MapCheck: New page: Map Check
[2017.11.07-08.50.11:353][188]Cmd: MAP REBUILD ALLVISIBLE
[2017.11.07-08.50.11:367][188]LogEditorServer: Rebuildmap Clear paths rebuilt
[2017.11.07-08.50.11:577][188]LogPhysics:Warning: FDerivedDataPhysXCooker::BuildTriMesh: Triangle data from '/Game/Scenes/SecondRoom.SecondRoom:PersistentLevel.ModelComponent_5' invalid (332 verts, 0 indices).
[2017.11.07-08.50.11:580][188]LogEditorServer: Cleared 9 NULL BSP materials after rebuild.
[2017.11.07-08.50.11:590][188]LightingResults: New page: Lighting Build - Nov 6, 2017, 6:50:11 PM
[2017.11.07-08.50.11:684][188]LogSwarmInterface: [OpenConnection] Registering TCP channel ...
[2017.11.07-08.50.11:755][188]LogSwarmInterface: [OpenConnection] Connecting to agent ...
[2017.11.07-08.50.11:769][188]LogSwarmInterface: [TryOpenConnection] Testing the Agent
[2017.11.07-08.50.12:794][188]LogSwarmInterface: [TryOpenConnection] Opening Connection to Agent
[2017.11.07-08.50.12:794][188]LogSwarmInterface: [TryOpenConnection] Local Process ID is 11832
[2017.11.07-08.50.18:839][188]LogStaticLightingSystem:Warning: No importance volume found, so the scene bounding box was used.  You can optimize your scene's quality and lighting build times by adding importance volumes.
[2017.11.07-08.50.18:841][188]LogStaticLightingSystem: Running Lightmass w/ ImmediateImport mode ENABLED
[2017.11.07-08.50.18:841][188]LogStaticLightingSystem: Running Lightmass w/ ImmediateProcess mode ENABLED
[2017.11.07-08.50.18:841][188]LogStaticLightingSystem: Running Lightmass w/ Sorting mode ENABLED
[2017.11.07-08.50.18:841][188]LogStaticLightingSystem: Running Lightmass w/ Mapping paddings ENABLED
[2017.11.07-08.50.18:841][188]LogStaticLightingSystem: Running Lightmass w/ Mapping debug paddings DISABLED
[2017.11.07-08.50.18:978][188]LogEditorBuildUtils: Build time 0:07
[2017.11.07-08.50.20:188][224]Job is a success!
[2017.11.07-08.50.20:366][226]LogTexture:Display: Building textures: HQ_Lightmap0_1 (AutoDXT, 256X256)
[2017.11.07-08.50.20:366][226]LogTexture:Display: Building textures: LQ_Lightmap_0_1 (DXT1, 256X256)
[2017.11.07-08.50.20:366][226]LogTexture:Display: Building textures: ShadowMapTexture2D_0 (BGRA8, 128X128)
[2017.11.07-08.50.20:402][226]Lightmass on SPAGHETTI: 738 ms total, 71 ms importing, 3 ms setup, 273 ms photons, 358 ms processing, 0 ms extra exporting [20/20 mappings]. Threads: 2.34 sec total, 171 ms processing.
[2017.11.07-08.50.20:417][226]LogPhysics:Warning: FDerivedDataPhysXCooker::BuildTriMesh: Triangle data from '/Game/Scenes/SecondRoom.SecondRoom:PersistentLevel.ModelComponent_5' invalid (332 verts, 0 indices).
[2017.11.07-08.50.20:426][226]LogStaticLightingSystem: Illumination: 8.81 sec (52 ms encoding lightmaps, 10 ms encoding shadowmaps)
[2017.11.07-08.50.20:426][226]LogStaticLightingSystem: Lightmap texture memory:  0.1 MB (0.0 MB streaming, 0.1 MB non-streaming), 2 textures
[2017.11.07-08.50.20:426][226]LogStaticLightingSystem: Shadowmap texture memory: 0.1 MB (0.0 MB streaming, 0.1 MB non-streaming), 1 textures
[2017.11.07-08.50.20:821][226]DumpUnbuiltLightIteractions
[2017.11.07-08.50.20:821][226]Lights with unbuilt interactions: 0
[2017.11.07-08.50.20:821][226]
[2017.11.07-08.50.20:821][226]Primitives with unbuilt interactions: 0
[2017.11.07-08.50.20:846][227]Cmd: MAP CHECK NOTIFYRESULTS
[2017.11.07-08.50.20:847][227]MapCheck: New page: SecondRoom - Nov 6, 2017, 6:50:20 PM
[2017.11.07-08.50.20:904][227]MapCheck: Info Map check complete: 0 Error(s), 0 Warning(s), took 57.52ms to complete.
[2017.11.07-08.51.10:288][519]Cmd: OBJ SAVEPACKAGE PACKAGE="/Game/Scenes/SecondRoom" FILE="../../../../Projects/The_Arsonist/The-Arsonist/Saved/Autosaves/Game/Scenes/SecondRoom_Auto1.umap" SILENT=true AUTOSAVING=true KEEPDIRTY=false
[2017.11.07-08.51.10:347][519]LogSavePackage: Save=52.28ms
[2017.11.07-08.51.10:347][519]LogSavePackage: Moving '../../../../Projects/The_Arsonist/The-Arsonist/Saved/SecondRoom_Auto1E553345B40E557F718200A8FDE782D28.tmp' to '../../../../Projects/The_Arsonist/The-Arsonist/Saved/Autosaves/Game/Scenes/SecondRoom_Auto1.umap'
[2017.11.07-08.51.10:348][519]LogSavePackage:Display: Finished SavePackage ../../../../Projects/The_Arsonist/The-Arsonist/Saved/Autosaves/Game/Scenes/SecondRoom_Auto1.umap
[2017.11.07-08.51.10:349][519]LogFileHelpers: Editor autosave (incl. sublevels) for '/Game/Scenes/SecondRoom' took 0.072
[2017.11.07-08.51.10:349][519]LogFileHelpers: Editor autosave (incl. sublevels) for all levels took 0.072
[2017.11.07-08.51.10:351][519]OBJ SavePackage: Generating thumbnails for [0] asset(s) in package [/Game/Animation_Scenes/Scene_04] ([1] browsable assets)...
[2017.11.07-08.51.10:351][519]OBJ SavePackage: Finished generating thumbnails for package [/Game/Animation_Scenes/Scene_04]
[2017.11.07-08.51.10:360][519]LogSavePackage: Save=8.28ms
[2017.11.07-08.51.10:360][519]LogSavePackage: Moving '../../../../Projects/The_Arsonist/The-Arsonist/Saved/Scene_04_Auto1EC1B0D1A44FC1F92D5597C8BEC509063.tmp' to '../../../../Projects/The_Arsonist/The-Arsonist/Saved/Autosaves/Game/Animation_Scenes/Scene_04_Auto1.uasset'
[2017.11.07-08.51.10:361][519]LogSavePackage:Display: Finished SavePackage ../../../../Projects/The_Arsonist/The-Arsonist/Saved/Autosaves/Game/Animation_Scenes/Scene_04_Auto1.uasset
[2017.11.07-08.51.10:361][519]OBJ SavePackage: Generating thumbnails for [0] asset(s) in package [/Game/Scenes/SecondRoom_BuiltData] ([1] browsable assets)...
[2017.11.07-08.51.10:361][519]OBJ SavePackage: Finished generating thumbnails for package [/Game/Scenes/SecondRoom_BuiltData]
[2017.11.07-08.51.10:366][519]LogSavePackage: Save=4.32ms
[2017.11.07-08.51.10:366][519]LogSavePackage: Moving '../../../../Projects/The_Arsonist/The-Arsonist/Saved/SecondRoom_BuiltData_Auto1F6D2B7084A58609E4DC96BB06E419905.tmp' to '../../../../Projects/The_Arsonist/The-Arsonist/Saved/Autosaves/Game/Scenes/SecondRoom_BuiltData_Auto1.uasset'
[2017.11.07-08.51.10:367][519]LogSavePackage:Display: Finished SavePackage ../../../../Projects/The_Arsonist/The-Arsonist/Saved/Autosaves/Game/Scenes/SecondRoom_BuiltData_Auto1.uasset
[2017.11.07-08.51.10:367][519]LogFileHelpers: Auto-saving content packages took 0.017
[2017.11.07-09.26.57:911][100]LogEditorViewport: Clicking on Actor (LMB): CineCameraActor (Camera_01)
[2017.11.07-09.28.48:558][988]Cmd: OBJ SAVEPACKAGE PACKAGE="/Game/Scenes/SecondRoom" FILE="../../../../Projects/The_Arsonist/The-Arsonist/Saved/Autosaves/Game/Scenes/SecondRoom_Auto2.umap" SILENT=true AUTOSAVING=true KEEPDIRTY=false
[2017.11.07-09.28.48:616][988]LogSavePackage: Save=52.03ms
[2017.11.07-09.28.48:616][988]LogSavePackage: Moving '../../../../Projects/The_Arsonist/The-Arsonist/Saved/SecondRoom_Auto240067B074AB097111D7C83905C691964.tmp' to '../../../../Projects/The_Arsonist/The-Arsonist/Saved/Autosaves/Game/Scenes/SecondRoom_Auto2.umap'
[2017.11.07-09.28.48:617][988]LogSavePackage:Display: Finished SavePackage ../../../../Projects/The_Arsonist/The-Arsonist/Saved/Autosaves/Game/Scenes/SecondRoom_Auto2.umap
[2017.11.07-09.28.48:619][988]LogFileHelpers: Editor autosave (incl. sublevels) for '/Game/Scenes/SecondRoom' took 0.070
[2017.11.07-09.28.48:619][988]LogFileHelpers: Editor autosave (incl. sublevels) for all levels took 0.070
[2017.11.07-09.28.48:620][988]OBJ SavePackage: Generating thumbnails for [0] asset(s) in package [/Game/Animation_Scenes/Scene_04] ([1] browsable assets)...
[2017.11.07-09.28.48:621][988]OBJ SavePackage: Finished generating thumbnails for package [/Game/Animation_Scenes/Scene_04]
[2017.11.07-09.28.48:629][988]LogSavePackage: Save=7.90ms
[2017.11.07-09.28.48:629][988]LogSavePackage: Moving '../../../../Projects/The_Arsonist/The-Arsonist/Saved/Scene_04_Auto2EA8EB7574AD57E5CEC42C68F2AFB5FDA.tmp' to '../../../../Projects/The_Arsonist/The-Arsonist/Saved/Autosaves/Game/Animation_Scenes/Scene_04_Auto2.uasset'
[2017.11.07-09.28.48:630][988]LogSavePackage:Display: Finished SavePackage ../../../../Projects/The_Arsonist/The-Arsonist/Saved/Autosaves/Game/Animation_Scenes/Scene_04_Auto2.uasset
[2017.11.07-09.28.48:630][988]LogFileHelpers: Auto-saving content packages took 0.010
[2017.11.07-09.31.56:363][220]Cmd: TRANSACTION UNDO
[2017.11.07-09.31.56:363][220]LogEditorTransaction: Undo Delete Selected Keys
[2017.11.07-09.31.56:933][261]Cmd: TRANSACTION UNDO
[2017.11.07-09.31.56:933][261]LogEditorTransaction: Undo Select Actors/Components
[2017.11.07-09.31.57:407][300]Cmd: TRANSACTION UNDO
[2017.11.07-09.31.57:407][300]LogEditorTransaction: Undo Select Actors/Components
[2017.11.07-09.31.57:744][328]Cmd: TRANSACTION UNDO
[2017.11.07-09.31.57:744][328]LogEditorTransaction: Undo Select Actors/Components
[2017.11.07-09.31.58:115][359]Cmd: TRANSACTION UNDO
[2017.11.07-09.31.58:115][359]LogEditorTransaction: Undo Delete Selected Keys
[2017.11.07-09.31.58:500][390]Cmd: TRANSACTION UNDO
[2017.11.07-09.31.58:500][390]LogEditorTransaction: Undo Select Actors/Components
[2017.11.07-09.31.58:758][411]Cmd: TRANSACTION UNDO
[2017.11.07-09.31.58:758][411]LogEditorTransaction: Undo Select Actors/Components
[2017.11.07-09.31.58:950][426]Cmd: TRANSACTION UNDO
[2017.11.07-09.31.58:950][426]LogEditorTransaction: Undo Select Actors/Components
[2017.11.07-09.31.59:147][441]Cmd: TRANSACTION UNDO
[2017.11.07-09.31.59:147][441]LogEditorTransaction: Undo Delete Selected Keys
[2017.11.07-09.31.59:351][457]Cmd: TRANSACTION UNDO
[2017.11.07-09.31.59:351][457]LogEditorTransaction: Undo Select Actors/Components
[2017.11.07-09.31.59:542][472]Cmd: TRANSACTION UNDO
[2017.11.07-09.31.59:542][472]LogEditorTransaction: Undo Select Actors/Components
[2017.11.07-09.31.59:767][490]Cmd: TRANSACTION UNDO
[2017.11.07-09.31.59:767][490]LogEditorTransaction: Undo Select Actors/Components
[2017.11.07-09.31.59:969][506]Cmd: TRANSACTION UNDO
[2017.11.07-09.31.59:969][506]LogEditorTransaction: Undo Delete Selected Keys
[2017.11.07-09.32.00:188][523]Cmd: TRANSACTION UNDO
[2017.11.07-09.32.00:188][523]LogEditorTransaction: Undo Select Actors/Components
[2017.11.07-09.32.00:676][564]Cmd: TRANSACTION UNDO
[2017.11.07-09.32.00:676][564]LogEditorTransaction: Undo Select Actors/Components
[2017.11.07-09.32.00:899][582]Cmd: TRANSACTION UNDO
[2017.11.07-09.32.00:899][582]LogEditorTransaction: Undo Select Actors/Components
[2017.11.07-09.32.01:098][597]Cmd: TRANSACTION UNDO
[2017.11.07-09.32.01:098][597]LogEditorTransaction: Undo Delete Selected Keys
[2017.11.07-09.32.01:260][609]Cmd: TRANSACTION UNDO
[2017.11.07-09.32.01:260][609]LogEditorTransaction: Undo Select Actors/Components
[2017.11.07-09.32.02:979][757]Cmd: TRANSACTION UNDO
[2017.11.07-09.32.02:979][757]LogEditorTransaction: Undo Select Actors/Components
[2017.11.07-09.32.03:289][782]Cmd: TRANSACTION UNDO
[2017.11.07-09.32.03:289][782]LogEditorTransaction: Undo Select Actors/Components
[2017.11.07-09.32.03:603][808]Cmd: TRANSACTION UNDO
[2017.11.07-09.32.03:603][808]LogEditorTransaction: Undo Delete Selected Keys
[2017.11.07-09.34.16:531][ 37]Cmd: TRANSACTION UNDO
[2017.11.07-09.34.16:532][ 37]LogEditorTransaction: Undo Paste Keys
[2017.11.07-09.35.08:103][469]LogEditor: Attempting to add actor of class 'CineCameraActor' to level at -60.00,-275.00,70.00
[2017.11.07-09.35.08:743][527]LogEditor: Attempting to add actor of class 'CineCameraActor' to level at 90.00,-110.00,0.00
[2017.11.07-09.35.50:889][180]Cmd: TRANSACTION UNDO
[2017.11.07-09.35.50:889][180]LogEditorTransaction: Undo Paste Keys
[2017.11.07-09.36.40:855][446]Cmd: TRANSACTION UNDO
[2017.11.07-09.36.40:855][446]LogEditorTransaction: Undo Paste Keys
[2017.11.07-09.36.41:278][474]Cmd: TRANSACTION UNDO
[2017.11.07-09.36.41:278][474]LogEditorTransaction: Undo Select Actors/Components
[2017.11.07-09.36.41:729][510]Cmd: TRANSACTION UNDO
[2017.11.07-09.36.41:729][510]LogEditorTransaction: Undo Select Actors/Components
[2017.11.07-09.36.42:043][536]Cmd: TRANSACTION UNDO
[2017.11.07-09.36.42:043][536]LogEditorTransaction: Undo Select Actors/Components
[2017.11.07-09.36.42:340][560]Cmd: TRANSACTION UNDO
[2017.11.07-09.36.42:340][560]LogEditorTransaction: Undo Select Actors/Components
[2017.11.07-09.36.42:634][584]Cmd: TRANSACTION UNDO
[2017.11.07-09.36.42:634][584]LogEditorTransaction: Undo Select Actors/Components
[2017.11.07-09.36.42:962][611]Cmd: TRANSACTION UNDO
[2017.11.07-09.36.42:962][611]LogEditorTransaction: Undo Paste Keys
[2017.11.07-09.38.15:912][255]LogEditorViewport: Clicking on Actor (LMB): CineCameraActor (Camera_01)
[2017.11.07-09.38.55:416][ 77]LogEditorViewport: Clicking on Actor (LMB): CineCameraActor (Camera_02)
[2017.11.07-09.39.01:342][571]Cmd: TRANSACTION UNDO
[2017.11.07-09.39.01:342][571]LogEditorTransaction: Undo Clicking on Actors
[2017.11.07-09.39.02:070][633]Cmd: TRANSACTION UNDO
[2017.11.07-09.39.02:070][633]LogEditorTransaction: Undo Paste Keys
[2017.11.07-09.39.02:376][665]Cmd: TRANSACTION UNDO
[2017.11.07-09.39.02:376][665]LogEditorTransaction: Undo Select None
[2017.11.07-09.43.42:587][471]Cmd: OBJ SAVEPACKAGE PACKAGE="/Game/Animation_Scenes/Scene_04" FILE="../../../../Projects/The_Arsonist/The-Arsonist/Content/Animation_Scenes/Scene_04.uasset" SILENT=true
[2017.11.07-09.43.42:602][471]LogSavePackage: Save=12.80ms
[2017.11.07-09.43.42:602][471]LogSavePackage: Moving '../../../../Projects/The_Arsonist/The-Arsonist/Saved/Scene_0491D53E324DBC7B3C94511A863ADCE290.tmp' to '../../../../Projects/The_Arsonist/The-Arsonist/Content/Animation_Scenes/Scene_04.uasset'
[2017.11.07-09.43.42:603][471]LogSavePackage:Display: Finished SavePackage ../../../../Projects/The_Arsonist/The-Arsonist/Content/Animation_Scenes/Scene_04.uasset
[2017.11.07-09.43.50:491][371]LogTemp: Repeting last play command: New Editor Window (PIE)
[2017.11.07-09.43.50:516][371]LogPlayLevel: PlayLevel: No blueprints needed recompiling
[2017.11.07-09.43.50:517][371]PIE: New page: PIE session: SecondRoom (Nov 6, 2017, 7:43:50 PM)
[2017.11.07-09.43.50:517][371]LogPlayLevel: Creating play world package: /Game/Scenes/UEDPIE_0_SecondRoom
[2017.11.07-09.43.50:522][371]LogPhysics:Warning: FDerivedDataPhysXCooker::BuildTriMesh: Triangle data from '/Game/Scenes/UEDPIE_0_SecondRoom.SecondRoom:PersistentLevel.ModelComponent_5' invalid (332 verts, 0 indices).
[2017.11.07-09.43.50:523][371]LogPlayLevel: PIE: StaticDuplicateObject took: (0.006124s)
[2017.11.07-09.43.50:524][371]LogAIModule: Creating AISystem for world SecondRoom
[2017.11.07-09.43.50:524][371]LogPlayLevel: PIE: World Init took: (0.000772s)
[2017.11.07-09.43.50:524][371]LogPlayLevel: PIE: Created PIE world by copying editor world from /Game/Scenes/SecondRoom.SecondRoom to /Game/Scenes/UEDPIE_0_SecondRoom.SecondRoom (0.007104s)
[2017.11.07-09.43.50:536][371]LogInit: XAudio2 using 'Headset Earphone (Corsair VOID Surround USB Sound Adapter)' : 6 channels at 48 kHz using 16 bits per sample (channel mask 0x3f)
[2017.11.07-09.43.50:674][371]LogInit: FAudioDevice initialized.
[2017.11.07-09.43.50:733][371]LogLoad: Game class is 'GameModeBase'
[2017.11.07-09.43.50:737][371]LogWorld: Bringing World /Game/Scenes/UEDPIE_0_SecondRoom.SecondRoom up for play (max tick rate 0) at 2017.11.07-02.43.50
[2017.11.07-09.43.50:737][371]LogWorld: Bringing up level for play took: 0.001948
[2017.11.07-09.43.50:774][371]LogContentBrowser: Native class hierarchy updated for 'MovieSceneCapture' in 0.0011 seconds. Added 11 classes and 0 folders.
[2017.11.07-09.43.50:780][371]PIE: Info Play in editor start time for /Game/Scenes/UEDPIE_0_SecondRoom -0.229
[2017.11.07-09.43.50:817][371]LogRenderer: Reallocating scene render targets to support 1292x756 NumSamples 1 (Frame:1).
[2017.11.07-09.44.16:940][110]Cmd: OBJ SAVEPACKAGE PACKAGE="/Game/Animation_Scenes/Scene_04" FILE="../../../../Projects/The_Arsonist/The-Arsonist/Content/Animation_Scenes/Scene_04.uasset" SILENT=true
[2017.11.07-09.44.16:962][110]LogSavePackage: Save=16.09ms
[2017.11.07-09.44.16:962][110]LogSavePackage: Moving '../../../../Projects/The_Arsonist/The-Arsonist/Saved/Scene_04CEC6B38C48C15E12BA988688A5A42429.tmp' to '../../../../Projects/The_Arsonist/The-Arsonist/Content/Animation_Scenes/Scene_04.uasset'
[2017.11.07-09.44.16:964][110]LogSavePackage:Display: Finished SavePackage ../../../../Projects/The_Arsonist/The-Arsonist/Content/Animation_Scenes/Scene_04.uasset
[2017.11.07-09.44.20:711][541]LogLinker: Can't find file '/Engine/Transient'
[2017.11.07-09.45.08:334][308]Cmd: OBJ SAVEPACKAGE PACKAGE="/Game/Scenes/SecondRoom" FILE="../../../../Projects/The_Arsonist/The-Arsonist/Saved/Autosaves/Game/Scenes/SecondRoom_Auto3.umap" SILENT=true AUTOSAVING=true KEEPDIRTY=false
[2017.11.07-09.45.08:395][308]LogSavePackage: Save=53.70ms
[2017.11.07-09.45.08:395][308]LogSavePackage: Moving '../../../../Projects/The_Arsonist/The-Arsonist/Saved/SecondRoom_Auto30AFDE8374A298F07DA094FA393D77C3D.tmp' to '../../../../Projects/The_Arsonist/The-Arsonist/Saved/Autosaves/Game/Scenes/SecondRoom_Auto3.umap'
[2017.11.07-09.45.08:413][308]LogSavePackage:Display: Finished SavePackage ../../../../Projects/The_Arsonist/The-Arsonist/Saved/Autosaves/Game/Scenes/SecondRoom_Auto3.umap
[2017.11.07-09.45.08:414][308]LogFileHelpers: Editor autosave (incl. sublevels) for '/Game/Scenes/SecondRoom' took 0.093
[2017.11.07-09.45.08:414][308]LogFileHelpers: Editor autosave (incl. sublevels) for all levels took 0.093
[2017.11.07-09.45.27:171][893]Cmd: OBJ SAVEPACKAGE PACKAGE="/Game/Scenes/SecondRoom" FILE="../../../../Projects/The_Arsonist/The-Arsonist/Content/Scenes/SecondRoom.umap" SILENT=true AUTOSAVING=false KEEPDIRTY=false
[2017.11.07-09.45.27:240][893]LogSavePackage: Save=52.98ms
[2017.11.07-09.45.27:240][893]LogSavePackage: Moving '../../../../Projects/The_Arsonist/The-Arsonist/Saved/SecondRoomF224BCB449896824ABB7C4895A94AE0A.tmp' to '../../../../Projects/The_Arsonist/The-Arsonist/Content/Scenes/SecondRoom.umap'
[2017.11.07-09.45.27:243][893]LogSavePackage:Display: Finished SavePackage ../../../../Projects/The_Arsonist/The-Arsonist/Content/Scenes/SecondRoom.umap
[2017.11.07-09.45.27:261][893]LogFileHelpers: Saving map 'SecondRoom' took 0.132
[2017.11.07-09.45.27:263][893]Cmd: OBJ SAVEPACKAGE PACKAGE="/Game/Scenes/SecondRoom_BuiltData" FILE="../../../../Projects/The_Arsonist/The-Arsonist/Content/Scenes/SecondRoom_BuiltData.uasset" SILENT=true
[2017.11.07-09.45.27:273][893]LogSavePackage: Save=8.51ms
[2017.11.07-09.45.27:273][893]LogSavePackage: Moving '../../../../Projects/The_Arsonist/The-Arsonist/Saved/SecondRoom_BuiltData2B7233A64C6A443C4A3CEB85709CF988.tmp' to '../../../../Projects/The_Arsonist/The-Arsonist/Content/Scenes/SecondRoom_BuiltData.uasset'
[2017.11.07-09.45.27:274][893]LogSavePackage:Display: Finished SavePackage ../../../../Projects/The_Arsonist/The-Arsonist/Content/Scenes/SecondRoom_BuiltData.uasset
[2017.11.07-09.45.27:291][893]LogPlayLevel: PlayLevel: No blueprints needed recompiling
[2017.11.07-09.45.27:291][893]PIE: New page: PIE session: SecondRoom (Nov 6, 2017, 7:45:27 PM)
[2017.11.07-09.45.27:291][893]LogPlayLevel: Creating play world package: /Game/Scenes/UEDPIE_0_SecondRoom
[2017.11.07-09.45.27:295][893]LogPhysics:Warning: FDerivedDataPhysXCooker::BuildTriMesh: Triangle data from '/Game/Scenes/UEDPIE_0_SecondRoom.SecondRoom:PersistentLevel.ModelComponent_5' invalid (332 verts, 0 indices).
[2017.11.07-09.45.27:296][893]LogPlayLevel: PIE: StaticDuplicateObject took: (0.005136s)
[2017.11.07-09.45.27:297][893]LogAIModule: Creating AISystem for world SecondRoom
[2017.11.07-09.45.27:297][893]LogPlayLevel: PIE: World Init took: (0.000657s)
[2017.11.07-09.45.27:297][893]LogPlayLevel: PIE: Created PIE world by copying editor world from /Game/Scenes/SecondRoom.SecondRoom to /Game/Scenes/UEDPIE_0_SecondRoom.SecondRoom (0.005988s)
[2017.11.07-09.45.27:311][893]LogInit: XAudio2 using 'Headset Earphone (Corsair VOID Surround USB Sound Adapter)' : 6 channels at 48 kHz using 16 bits per sample (channel mask 0x3f)
[2017.11.07-09.45.27:445][893]LogInit: FAudioDevice initialized.
[2017.11.07-09.45.27:525][893]LogLoad: Game class is 'GameModeBase'
[2017.11.07-09.45.27:527][893]LogWorld: Bringing World /Game/Scenes/UEDPIE_0_SecondRoom.SecondRoom up for play (max tick rate 0) at 2017.11.07-02.45.27
[2017.11.07-09.45.27:527][893]LogWorld: Bringing up level for play took: 0.001727
[2017.11.07-09.45.27:536][893]PIE: Info Play in editor start time for /Game/Scenes/UEDPIE_0_SecondRoom 0.527
[2017.11.07-09.45.27:565][893]LogRenderer: Reallocating scene render targets to support 1920x1080 NumSamples 1 (Frame:1).
[2017.11.07-09.45.27:904][894]LogRenderer: Reallocating scene render targets to support 1920x1080 NumSamples 1 (Frame:2).
[2017.11.07-09.45.28:056][896]LogContentStreaming: Texture pool size now 779 MB
[2017.11.07-09.45.43:086][197]LogContentStreaming: Texture pool size now 768 MB
[2017.11.07-09.45.51:333][351]LogContentStreaming: Texture pool size now 1000 MB
[2017.11.07-09.46.34:352][482]LogRenderer: Reallocating scene render targets to support 1920x1080 NumSamples 1 (Frame:286366).
[2017.11.07-09.46.38:159][864]Cmd: OBJ SAVEPACKAGE PACKAGE="/Game/Animation_Scenes/Scene_04" FILE="../../../../Projects/The_Arsonist/The-Arsonist/Content/Animation_Scenes/Scene_04.uasset" SILENT=true
[2017.11.07-09.46.38:181][864]LogSavePackage: Save=16.52ms
[2017.11.07-09.46.38:181][864]LogSavePackage: Moving '../../../../Projects/The_Arsonist/The-Arsonist/Saved/Scene_046BE549DC4AC8934AD81F33809396F8D7.tmp' to '../../../../Projects/The_Arsonist/The-Arsonist/Content/Animation_Scenes/Scene_04.uasset'
[2017.11.07-09.46.38:182][864]LogSavePackage:Display: Finished SavePackage ../../../../Projects/The_Arsonist/The-Arsonist/Content/Animation_Scenes/Scene_04.uasset
[2017.11.07-09.46.40:182][ 86]Cmd: OBJ SAVEPACKAGE PACKAGE="/Game/Scenes/SecondRoom" FILE="../../../../Projects/The_Arsonist/The-Arsonist/Content/Scenes/SecondRoom.umap" SILENT=true AUTOSAVING=false KEEPDIRTY=false
[2017.11.07-09.46.40:274][ 86]LogSavePackage: Save=51.84ms
[2017.11.07-09.46.40:274][ 86]LogSavePackage: Moving '../../../../Projects/The_Arsonist/The-Arsonist/Saved/SecondRoom86EB6AD74F8BAC8D932385A854255910.tmp' to '../../../../Projects/The_Arsonist/The-Arsonist/Content/Scenes/SecondRoom.umap'
[2017.11.07-09.46.40:275][ 86]LogSavePackage:Display: Finished SavePackage ../../../../Projects/The_Arsonist/The-Arsonist/Content/Scenes/SecondRoom.umap
[2017.11.07-09.46.40:291][ 86]Cmd: OBJ SAVEPACKAGE PACKAGE="/Game/Scenes/SecondRoom_BuiltData" FILE="../../../../Projects/The_Arsonist/The-Arsonist/Content/Scenes/SecondRoom_BuiltData.uasset" SILENT=true
[2017.11.07-09.46.40:303][ 86]LogSavePackage: Save=7.49ms
[2017.11.07-09.46.40:303][ 86]LogSavePackage: Moving '../../../../Projects/The_Arsonist/The-Arsonist/Saved/SecondRoom_BuiltDataE01F1B184EBDD89219961E8ED612FBC2.tmp' to '../../../../Projects/The_Arsonist/The-Arsonist/Content/Scenes/SecondRoom_BuiltData.uasset'
[2017.11.07-09.46.40:304][ 86]LogSavePackage:Display: Finished SavePackage ../../../../Projects/The_Arsonist/The-Arsonist/Content/Scenes/SecondRoom_BuiltData.uasset
[2017.11.07-09.46.41:328][202]LogWindowsTextInputMethodSystem:Display: IME system now deactivated.
[2017.11.07-09.46.41:532][203]Cmd: QUIT_EDITOR
[2017.11.07-09.46.41:727][203]LogExit: Preparing to exit.
[2017.11.07-09.46.42:636][203]LogDirectoryWatcher: A directory notification for 'F:/Unreal/Projects/The_Arsonist/The-Arsonist/Content/' was aborted.
[2017.11.07-09.46.42:699][203]LogExit: Editor shut down
[2017.11.07-09.46.42:723][203]LogExit: Transaction tracking system shut down
[2017.11.07-09.46.42:815][203]LogObj: Freed 0b from 0 cluster array pools.
[2017.11.07-09.46.42:815][203]LogExit: Object subsystem successfully closed.
[2017.11.07-09.46.42:836][203]LogD3D11RHI: Shutdown
[2017.11.07-09.46.42:836][203]LogD3D11RHI: CleanupD3DDevice
[2017.11.07-09.46.42:913][203]LogD3D11RHI: ~FD3D11DynamicRHI
[2017.11.07-09.46.42:923][203]LogModuleManager: Shutting down and abandoning module MovieSceneCaptureDialog (530)
[2017.11.07-09.46.42:923][203]LogModuleManager: Shutting down and abandoning module MovieSceneCapture (528)
[2017.11.07-09.46.42:923][203]LogModuleManager: Shutting down and abandoning module SequencerWidgets (526)
[2017.11.07-09.46.42:923][203]LogModuleManager: Shutting down and abandoning module HierarchicalLODOutliner (524)
[2017.11.07-09.46.42:923][203]LogModuleManager: Shutting down and abandoning module CrashTracker (522)
[2017.11.07-09.46.42:923][203]LogModuleManager: Shutting down and abandoning module SceneOutliner (520)
[2017.11.07-09.46.42:923][203]LogModuleManager: Shutting down and abandoning module AddContentDialog (518)
[2017.11.07-09.46.42:923][203]LogDirectoryWatcher: A directory notification for 'F:/Unreal/UE_4.16/FeaturePacks/' was aborted.
[2017.11.07-09.46.42:928][203]LogModuleManager: Shutting down and abandoning module WidgetCarousel (517)
[2017.11.07-09.46.42:928][203]LogModuleManager: Shutting down and abandoning module EditorWidgets (514)
[2017.11.07-09.46.42:928][203]LogModuleManager: Shutting down and abandoning module CollectionManager (512)
[2017.11.07-09.46.42:928][203]LogDirectoryWatcher: A directory notification for 'F:/Unreal/Projects/The_Arsonist/The-Arsonist/Content/Collections/' was aborted.
[2017.11.07-09.46.42:928][203]LogDirectoryWatcher: A directory notification for 'F:/Unreal/Projects/The_Arsonist/The-Arsonist/Content/Developers/default/Collections/' was aborted.
[2017.11.07-09.46.42:928][203]LogDirectoryWatcher: A directory notification for 'F:/Unreal/Projects/The_Arsonist/The-Arsonist/Saved/Collections/' was aborted.
[2017.11.07-09.46.42:928][203]LogModuleManager: Shutting down and abandoning module StatsViewer (510)
[2017.11.07-09.46.42:928][203]LogModuleManager: Shutting down and abandoning module FoliageEdit (508)
[2017.11.07-09.46.42:928][203]LogModuleManager: Shutting down and abandoning module LandscapeEditor (506)
[2017.11.07-09.46.42:928][203]LogModuleManager: Shutting down and abandoning module MeshPaintMode (504)
[2017.11.07-09.46.42:928][203]LogModuleManager: Shutting down and abandoning module SceneDepthPickerMode (502)
[2017.11.07-09.46.42:928][203]LogModuleManager: Shutting down and abandoning module ActorPickerMode (500)
[2017.11.07-09.46.42:929][203]LogModuleManager: Shutting down and abandoning module GeometryMode (498)
[2017.11.07-09.46.42:929][203]LogModuleManager: Shutting down and abandoning module TextureAlignMode (496)
[2017.11.07-09.46.42:929][203]LogModuleManager: Shutting down and abandoning module BspMode (494)
[2017.11.07-09.46.42:929][203]LogModuleManager: Shutting down and abandoning module HardwareSurvey (492)
[2017.11.07-09.46.42:929][203]LogModuleManager: Shutting down and abandoning module SequenceRecorderSections (490)
[2017.11.07-09.46.42:929][203]LogModuleManager: Shutting down and abandoning module AutomationWorker (488)
[2017.11.07-09.46.42:929][203]LogModuleManager: Shutting down and abandoning module MatineeToLevelSequence (486)
[2017.11.07-09.46.42:929][203]LogModuleManager: Shutting down and abandoning module LevelSequenceEditor (484)
[2017.11.07-09.46.42:929][203]LogModuleManager: Shutting down and abandoning module PlacementMode (483)
[2017.11.07-09.46.42:929][203]LogModuleManager: Shutting down and abandoning module WmfMediaFactory (480)
[2017.11.07-09.46.42:929][203]LogModuleManager: Shutting down and abandoning module WmfMediaEditor (478)
[2017.11.07-09.46.42:929][203]LogModuleManager: Shutting down and abandoning module AvfMediaFactory (476)
[2017.11.07-09.46.42:929][203]LogModuleManager: Shutting down and abandoning module AvfMediaEditor (474)
[2017.11.07-09.46.42:929][203]LogModuleManager: Shutting down and abandoning module AndroidMediaFactory (472)
[2017.11.07-09.46.42:929][203]LogModuleManager: Shutting down and abandoning module Media (471)
[2017.11.07-09.46.42:929][203]LogModuleManager: Shutting down and abandoning module AndroidMediaEditor (468)
[2017.11.07-09.46.42:929][203]LogModuleManager: Shutting down and abandoning module CharacterAI (466)
[2017.11.07-09.46.42:929][203]LogModuleManager: Shutting down and abandoning module AudioCapture (464)
[2017.11.07-09.46.42:929][203]LogModuleManager: Shutting down and abandoning module SequenceRecorder (463)
[2017.11.07-09.46.42:929][203]LogModuleManager: Shutting down and abandoning module SmartSnapping (460)
[2017.11.07-09.46.42:929][203]LogModuleManager: Shutting down and abandoning module SessionServices (458)
[2017.11.07-09.46.42:929][203]LogModuleManager: Shutting down and abandoning module ViewportSnapping (456)
[2017.11.07-09.46.42:929][203]LogModuleManager: Shutting down and abandoning module ViewportInteraction (454)
[2017.11.07-09.46.42:929][203]LogModuleManager: Shutting down and abandoning module ClothPainter (452)
[2017.11.07-09.46.42:929][203]LogModuleManager: Shutting down and abandoning module LogVisualizer (450)
[2017.11.07-09.46.42:929][203]LogModuleManager: Shutting down and abandoning module IntroTutorials (448)
[2017.11.07-09.46.42:929][203]LogModuleManager: Shutting down and abandoning module GameProjectGeneration (447)
[2017.11.07-09.46.42:929][203]LogModuleManager: Shutting down and abandoning module EditorLiveStreaming (444)
[2017.11.07-09.46.42:929][203]LogModuleManager: Shutting down and abandoning module IOSPlatformEditor (442)
[2017.11.07-09.46.42:929][203]LogModuleManager: Shutting down and abandoning module HTML5PlatformEditor (440)
[2017.11.07-09.46.42:929][203]LogModuleManager: Shutting down and abandoning module AndroidPlatformEditor (438)
[2017.11.07-09.46.42:929][203]LogModuleManager: Shutting down and abandoning module AndroidDeviceDetection (437)
[2017.11.07-09.46.43:628][203]LogModuleManager: Shutting down and abandoning module IOSRuntimeSettings (434)
[2017.11.07-09.46.43:628][203]LogModuleManager: Shutting down and abandoning module AndroidRuntimeSettings (432)
[2017.11.07-09.46.43:628][203]LogModuleManager: Shutting down and abandoning module InputBindingEditor (430)
[2017.11.07-09.46.43:628][203]LogModuleManager: Shutting down and abandoning module MergeActors (428)
[2017.11.07-09.46.43:628][203]LogModuleManager: Shutting down and abandoning module SizeMap (426)
[2017.11.07-09.46.43:628][203]LogModuleManager: Shutting down and abandoning module TreeMap (424)
[2017.11.07-09.46.43:628][203]LogModuleManager: Shutting down and abandoning module ReferenceViewer (422)
[2017.11.07-09.46.43:628][203]LogModuleManager: Shutting down and abandoning module LocalizationDashboard (420)
[2017.11.07-09.46.43:629][203]LogModuleManager: Shutting down and abandoning module LocalizationService (419)
[2017.11.07-09.46.43:629][203]LogModuleManager: Shutting down and abandoning module HardwareTargeting (416)
[2017.11.07-09.46.43:629][203]LogModuleManager: Shutting down and abandoning module DeviceProfileEditor (414)
[2017.11.07-09.46.43:629][203]LogModuleManager: Shutting down and abandoning module UndoHistory (412)
[2017.11.07-09.46.43:629][203]LogModuleManager: Shutting down and abandoning module UserFeedback (410)
[2017.11.07-09.46.43:629][203]LogModuleManager: Shutting down and abandoning module XmlParser (408)
[2017.11.07-09.46.43:629][203]LogModuleManager: Shutting down and abandoning module Blutility (406)
[2017.11.07-09.46.43:629][203]LogModuleManager: Shutting down and abandoning module ProjectSettingsViewer (404)
[2017.11.07-09.46.43:629][203]LogModuleManager: Shutting down and abandoning module ProjectTargetPlatformEditor (403)
[2017.11.07-09.46.43:629][203]LogModuleManager: Shutting down and abandoning module EditorSettingsViewer (400)
[2017.11.07-09.46.43:629][203]LogModuleManager: Shutting down and abandoning module SettingsEditor (398)
[2017.11.07-09.46.43:629][203]LogModuleManager: Shutting down and abandoning module ProjectLauncher (396)
[2017.11.07-09.46.43:629][203]LogModuleManager: Shutting down and abandoning module SessionFrontend (394)
[2017.11.07-09.46.43:629][203]LogModuleManager: Shutting down and abandoning module ProfilerClient (392)
[2017.11.07-09.46.43:629][203]LogModuleManager: Shutting down and abandoning module DeviceManager (390)
[2017.11.07-09.46.43:629][203]LogModuleManager: Shutting down and abandoning module TargetDeviceServices (389)
[2017.11.07-09.46.43:682][203]LogModuleManager: Shutting down and abandoning module AutomationController (386)
[2017.11.07-09.46.43:682][203]LogModuleManager: Shutting down and abandoning module AutomationWindow (384)
[2017.11.07-09.46.43:682][203]LogModuleManager: Shutting down and abandoning module Layers (382)
[2017.11.07-09.46.43:682][203]LogModuleManager: Shutting down and abandoning module ComponentVisualizers (380)
[2017.11.07-09.46.43:682][203]LogModuleManager: Shutting down and abandoning module DetailCustomizations (378)
[2017.11.07-09.46.43:682][203]LogModuleManager: Shutting down and abandoning module PackagesDialog (376)
[2017.11.07-09.46.43:682][203]LogModuleManager: Shutting down and abandoning module Persona (374)
[2017.11.07-09.46.43:682][203]LogModuleManager: Shutting down and abandoning module AdvancedPreviewScene (373)
[2017.11.07-09.46.43:682][203]LogModuleManager: Shutting down and abandoning module AnimGraph (371)
[2017.11.07-09.46.43:682][203]LogModuleManager: Shutting down and abandoning module Kismet (368)
[2017.11.07-09.46.43:683][203]LogModuleManager: Shutting down and abandoning module ClassViewer (366)
[2017.11.07-09.46.43:683][203]LogModuleManager: Shutting down and abandoning module Toolbox (364)
[2017.11.07-09.46.43:683][203]LogModuleManager: Shutting down and abandoning module ModuleUI (362)
[2017.11.07-09.46.43:683][203]LogModuleManager: Shutting down and abandoning module MovieSceneTools (360)
[2017.11.07-09.46.43:683][203]LogModuleManager: Shutting down and abandoning module OutputLog (358)
[2017.11.07-09.46.43:683][203]LogModuleManager: Shutting down and abandoning module GammaUI (356)
[2017.11.07-09.46.43:683][203]LogModuleManager: Shutting down and abandoning module Documentation (354)
[2017.11.07-09.46.43:683][203]LogModuleManager: Shutting down and abandoning module MovieSceneTracks (352)
[2017.11.07-09.46.43:683][203]LogModuleManager: Shutting down and abandoning module MovieScene (350)
[2017.11.07-09.46.43:683][203]LogModuleManager: Shutting down and abandoning module Niagara (348)
[2017.11.07-09.46.43:683][203]LogModuleManager: Shutting down and abandoning module NiagaraEditor (347)
[2017.11.07-09.46.43:683][203]LogModuleManager: Shutting down and abandoning module StreamingPauseRendering (344)
[2017.11.07-09.46.43:683][203]LogModuleManager: Shutting down and abandoning module AnalyticsET (342)
[2017.11.07-09.46.43:683][203]LogModuleManager: Shutting down and abandoning module PortalServices (340)
[2017.11.07-09.46.43:683][203]LogModuleManager: Shutting down and abandoning module PortalRpc (338)
[2017.11.07-09.46.43:683][203]LogModuleManager: Shutting down and abandoning module MessagingRpc (336)
[2017.11.07-09.46.43:683][203]LogModuleManager: Shutting down and abandoning module AIModule (334)
[2017.11.07-09.46.43:683][203]LogModuleManager: Shutting down and abandoning module GameplayDebugger (333)
[2017.11.07-09.46.43:683][203]LogModuleManager: Shutting down and abandoning module AITestSuite (331)
[2017.11.07-09.46.43:683][203]LogModuleManager: Shutting down and abandoning module ProfilerService (328)
[2017.11.07-09.46.43:739][203]LogModuleManager: Shutting down and abandoning module TaskGraph (326)
[2017.11.07-09.46.43:739][203]LogModuleManager: Shutting down and abandoning module SteamVRController (324)
[2017.11.07-09.46.43:739][203]LogModuleManager: Shutting down and abandoning module SteamVR (322)
[2017.11.07-09.46.43:739][203]LogModuleManager: Shutting down and abandoning module ProceduralMeshComponentEditor (320)
[2017.11.07-09.46.43:739][203]LogModuleManager: Shutting down and abandoning module ProceduralMeshComponent (318)
[2017.11.07-09.46.43:739][203]LogModuleManager: Shutting down and abandoning module OculusLibrary (316)
[2017.11.07-09.46.43:739][203]LogModuleManager: Shutting down and abandoning module OculusInput (314)
[2017.11.07-09.46.43:739][203]LogModuleManager: Shutting down and abandoning module MobilePatchingUtils (312)
[2017.11.07-09.46.43:739][203]LogModuleManager: Shutting down and abandoning module CustomMeshComponent (310)
[2017.11.07-09.46.43:739][203]LogModuleManager: Shutting down and abandoning module CableComponent (308)
[2017.11.07-09.46.43:739][203]LogModuleManager: Shutting down and abandoning module ArchVisCharacter (306)
[2017.11.07-09.46.43:740][203]LogModuleManager: Shutting down and abandoning module AndroidPermission (304)
[2017.11.07-09.46.43:740][203]LogModuleManager: Shutting down and abandoning module MediaPlayerEditor (300)
[2017.11.07-09.46.43:740][203]LogModuleManager: Shutting down and abandoning module HTML5Networking (298)
[2017.11.07-09.46.43:740][203]LogModuleManager: Shutting down and abandoning module AlembicImporter (296)
[2017.11.07-09.46.43:740][203]LogModuleManager: Shutting down and abandoning module AlembicLibrary (295)
[2017.11.07-09.46.43:740][203]LogModuleManager: Shutting down and abandoning module GeometryCache (294)
[2017.11.07-09.46.43:740][203]LogModuleManager: Shutting down and abandoning module GeometryCacheEd (293)
[2017.11.07-09.46.43:740][203]LogModuleManager: Shutting down and abandoning module SuperSearchEditor (288)
[2017.11.07-09.46.43:740][203]LogModuleManager: Shutting down and abandoning module SuperSearch (287)
[2017.11.07-09.46.43:740][203]LogModuleManager: Shutting down and abandoning module SpeedTreeImporter (284)
[2017.11.07-09.46.43:740][203]LogModuleManager: Shutting down and abandoning module PluginBrowser (282)
[2017.11.07-09.46.43:740][203]LogModuleManager: Shutting down and abandoning module MobileLauncherProfileWizard (280)
[2017.11.07-09.46.43:740][203]LogModuleManager: Shutting down and abandoning module VisualStudioSourceCodeAccess (278)
[2017.11.07-09.46.43:740][203]LogModuleManager: Shutting down and abandoning module DesktopPlatform (277)
[2017.11.07-09.46.43:740][203]LogModuleManager: Shutting down and abandoning module UObjectPlugin (274)
[2017.11.07-09.46.43:740][203]LogModuleManager: Shutting down and abandoning module SubversionSourceControl (272)
[2017.11.07-09.46.43:740][203]LogModuleManager: Shutting down and abandoning module PerforceSourceControl (270)
[2017.11.07-09.46.43:740][203]LogModuleManager: Shutting down and abandoning module GitSourceControl (268)
[2017.11.07-09.46.43:740][203]LogModuleManager: Shutting down and abandoning module SourceControl (267)
[2017.11.07-09.46.43:740][203]LogModuleManager: Shutting down and abandoning module LightPropagationVolumeEditor (264)
[2017.11.07-09.46.43:740][203]LogModuleManager: Shutting down and abandoning module PaperTiledImporter (262)
[2017.11.07-09.46.43:740][203]LogModuleManager: Shutting down and abandoning module PaperSpriteSheetImporter (260)
[2017.11.07-09.46.43:740][203]LogModuleManager: Shutting down and abandoning module Paper2DEditor (258)
[2017.11.07-09.46.43:740][203]LogModuleManager: Shutting down and abandoning module MeshPaint (257)
[2017.11.07-09.46.43:740][203]LogModuleManager: Shutting down and abandoning module LevelEditor (255)
[2017.11.07-09.46.43:741][203]LogModuleManager: Shutting down and abandoning module PixelInspectorModule (254)
[2017.11.07-09.46.43:741][203]LogModuleManager: Shutting down and abandoning module MainFrame (252)
[2017.11.07-09.46.43:741][203]LogModuleManager: Shutting down and abandoning module HotReload (251)
[2017.11.07-09.46.43:741][203]LogModuleManager: Shutting down and abandoning module PhysXVehiclesEditor (246)
[2017.11.07-09.46.43:741][203]LogModuleManager: Shutting down and abandoning module PhysXVehicles (244)
[2017.11.07-09.46.43:741][203]LogModuleManager: Shutting down and abandoning module LocationServicesBPLibrary (242)
[2017.11.07-09.46.43:741][203]LogModuleManager: Shutting down and abandoning module ImmediatePhysicsEditor (240)
[2017.11.07-09.46.43:741][203]LogModuleManager: Shutting down and abandoning module ImmediatePhysics (238)
[2017.11.07-09.46.43:741][203]LogModuleManager: Shutting down and abandoning module UdpMessaging (236)
[2017.11.07-09.46.43:843][203]LogModuleManager: Shutting down and abandoning module TcpMessaging (234)
[2017.11.07-09.46.43:943][203]LogModuleManager: Shutting down and abandoning module GameplayTagsEditor (232)
[2017.11.07-09.46.43:943][203]LogModuleManager: Shutting down and abandoning module FacialAnimationEditor (230)
[2017.11.07-09.46.43:943][203]LogModuleManager: Shutting down and abandoning module FacialAnimation (228)
[2017.11.07-09.46.43:943][203]LogModuleManager: Shutting down and abandoning module AssetManagerEditor (226)
[2017.11.07-09.46.43:943][203]LogModuleManager: Shutting down and abandoning module GraphEditor (225)
[2017.11.07-09.46.43:943][203]LogModuleManager: Shutting down and abandoning module ContentBrowser (223)
[2017.11.07-09.46.43:944][203]LogModuleManager: Shutting down and abandoning module LightPropagationVolumeRuntime (220)
[2017.11.07-09.46.43:944][203]LogModuleManager: Shutting down and abandoning module Paper2D (218)
[2017.11.07-09.46.43:944][203]LogModuleManager: Shutting down and abandoning module WindowsMoviePlayer (216)
[2017.11.07-09.46.43:944][203]LogModuleManager: Shutting down and abandoning module WmfMedia (214)
[2017.11.07-09.46.43:945][203]LogModuleManager: Shutting down and abandoning module ClothingSystemEditor (212)
[2017.11.07-09.46.43:945][203]LogModuleManager: Shutting down and abandoning module ClothingSystemRuntime (210)
[2017.11.07-09.46.43:945][203]LogModuleManager: Shutting down and abandoning module MediaAssets (208)
[2017.11.07-09.46.43:945][203]LogModuleManager: Shutting down and abandoning module GameLiveStreaming (206)
[2017.11.07-09.46.43:945][203]LogModuleManager: Shutting down and abandoning module VREditor (204)
[2017.11.07-09.46.43:945][203]LogModuleManager: Shutting down and abandoning module StringTableEditor (202)
[2017.11.07-09.46.43:945][203]LogModuleManager: Shutting down and abandoning module GameplayTasksEditor (200)
[2017.11.07-09.46.43:945][203]LogModuleManager: Shutting down and abandoning module BehaviorTreeEditor (198)
[2017.11.07-09.46.43:945][203]LogModuleManager: Shutting down and abandoning module FunctionalTesting (196)
[2017.11.07-09.46.43:945][203]LogModuleManager: Shutting down and abandoning module CollisionAnalyzer (194)
[2017.11.07-09.46.43:945][203]LogModuleManager: Shutting down and abandoning module UMG (192)
[2017.11.07-09.46.43:945][203]LogModuleManager: Shutting down and abandoning module UMGEditor (191)
[2017.11.07-09.46.43:945][203]LogModuleManager: Shutting down and abandoning module Sequencer (190)
[2017.11.07-09.46.43:945][203]LogModuleManager: Shutting down and abandoning module AssetTools (188)
[2017.11.07-09.46.43:945][203]LogModuleManager: Shutting down and abandoning module MessageLog (187)
[2017.11.07-09.46.43:945][203]LogModuleManager: Shutting down and abandoning module WorkspaceMenuStructure (186)
[2017.11.07-09.46.43:945][203]LogModuleManager: Shutting down and abandoning module SlateReflector (180)
[2017.11.07-09.46.43:945][203]LogModuleManager: Shutting down and abandoning module Slate (178)
[2017.11.07-09.46.43:945][203]LogModuleManager: Shutting down and abandoning module EditorStyle (176)
[2017.11.07-09.46.43:947][203]LogModuleManager: Shutting down and abandoning module SourceCodeAccess (174)
[2017.11.07-09.46.43:947][203]LogModuleManager: Shutting down and abandoning module HeadMountedDisplay (172)
[2017.11.07-09.46.43:947][203]LogModuleManager: Shutting down and abandoning module XAudio2 (170)
[2017.11.07-09.46.43:947][203]LogModuleManager: Shutting down and abandoning module Networking (168)
[2017.11.07-09.46.43:947][203]LogModuleManager: Shutting down and abandoning module Core (164)
[2017.11.07-09.46.43:947][203]LogModuleManager: Shutting down and abandoning module AssetRegistry (162)
[2017.11.07-09.46.44:074][203]LogDirectoryWatcher: A directory notification for '../../../Engine/Content/' was aborted.
[2017.11.07-09.46.44:074][203]LogDirectoryWatcher: A directory notification for '../../../../Projects/The_Arsonist/The-Arsonist/Content/' was aborted.
[2017.11.07-09.46.44:074][203]LogDirectoryWatcher: A directory notification for '../../../Engine/Plugins/2D/Paper2D/Content/' was aborted.
[2017.11.07-09.46.44:074][203]LogDirectoryWatcher: A directory notification for '../../../Engine/Plugins/Runtime/GearVR/Content/' was aborted.
[2017.11.07-09.46.44:077][203]LogModuleManager: Shutting down and abandoning module DirectoryWatcher (161)
[2017.11.07-09.46.44:082][203]LogModuleManager: Shutting down and abandoning module KismetCompiler (158)
[2017.11.07-09.46.44:082][203]LogModuleManager: Shutting down and abandoning module LevelSequence (156)
[2017.11.07-09.46.44:082][203]LogModuleManager: Shutting down and abandoning module PhysXFormats (154)
[2017.11.07-09.46.44:082][203]LogModuleManager: Shutting down and abandoning module MeshUtilities (152)
[2017.11.07-09.46.44:082][203]LogModuleManager: Shutting down and abandoning module SimplygonSwarm (151)
[2017.11.07-09.46.44:082][203]LogModuleManager: Shutting down and abandoning module SimplygonMeshReduction (149)
[2017.11.07-09.46.44:082][203]LogModuleManager: Shutting down and abandoning module QuadricMeshReduction (147)
[2017.11.07-09.46.44:082][203]LogModuleManager: Shutting down and abandoning module DerivedDataCache (144)
[2017.11.07-09.46.44:173][203]LogDerivedDataCache: Shutdown
[2017.11.07-09.46.44:173][203]LogModuleManager: Shutting down and abandoning module TargetPlatform (142)
[2017.11.07-09.46.44:174][203]LogModuleManager: Shutting down and abandoning module VulkanShaderFormat (141)
[2017.11.07-09.46.44:174][203]LogModuleManager: Shutting down and abandoning module ShaderFormatVectorVM (139)
[2017.11.07-09.46.44:174][203]LogModuleManager: Shutting down and abandoning module ShaderFormatOpenGL (137)
[2017.11.07-09.46.44:174][203]LogModuleManager: Shutting down and abandoning module ShaderFormatD3D (135)
[2017.11.07-09.46.44:174][203]LogModuleManager: Shutting down and abandoning module MetalShaderFormat (133)
[2017.11.07-09.46.44:174][203]LogModuleManager: Shutting down and abandoning module TextureFormatUncompressed (131)
[2017.11.07-09.46.44:174][203]LogModuleManager: Shutting down and abandoning module TextureFormatPVR (129)
[2017.11.07-09.46.44:174][203]LogModuleManager: Shutting down and abandoning module TextureFormatDXT (127)
[2017.11.07-09.46.44:174][203]LogModuleManager: Shutting down and abandoning module TextureFormatIntelISPCTexComp (125)
[2017.11.07-09.46.44:174][203]LogModuleManager: Shutting down and abandoning module TextureFormatASTC (123)
[2017.11.07-09.46.44:174][203]LogModuleManager: Shutting down and abandoning module ImageWrapper (122)
[2017.11.07-09.46.44:174][203]LogModuleManager: Shutting down and abandoning module TextureFormatAndroid (119)
[2017.11.07-09.46.44:174][203]LogModuleManager: Shutting down and abandoning module AudioFormatOpus (117)
[2017.11.07-09.46.44:174][203]LogModuleManager: Shutting down and abandoning module AudioFormatOgg (115)
[2017.11.07-09.46.44:174][203]LogModuleManager: Shutting down and abandoning module AudioFormatADPCM (113)
[2017.11.07-09.46.44:174][203]LogModuleManager: Shutting down and abandoning module LinuxTargetPlatform (111)
[2017.11.07-09.46.44:174][203]LogModuleManager: Shutting down and abandoning module LinuxServerTargetPlatform (109)
[2017.11.07-09.46.44:174][203]LogModuleManager: Shutting down and abandoning module LinuxNoEditorTargetPlatform (107)
[2017.11.07-09.46.44:174][203]LogModuleManager: Shutting down and abandoning module LinuxClientTargetPlatform (105)
[2017.11.07-09.46.44:174][203]LogModuleManager: Shutting down and abandoning module TVOSTargetPlatform (103)
[2017.11.07-09.46.44:174][203]LogModuleManager: Shutting down and abandoning module Messaging (101)
[2017.11.07-09.46.44:174][203]LogModuleManager: Shutting down and abandoning module IOSTargetPlatform (99)
[2017.11.07-09.46.44:174][203]LogModuleManager: Shutting down and abandoning module HTML5TargetPlatform (97)
[2017.11.07-09.46.44:174][203]LogModuleManager: Shutting down and abandoning module Android_PVRTCTargetPlatform (95)
[2017.11.07-09.46.44:174][203]LogModuleManager: Shutting down and abandoning module Android_MultiTargetPlatform (93)
[2017.11.07-09.46.44:174][203]LogModuleManager: Shutting down and abandoning module Android_ETC2TargetPlatform (91)
[2017.11.07-09.46.44:174][203]LogModuleManager: Shutting down and abandoning module Android_ETC1TargetPlatform (89)
[2017.11.07-09.46.44:174][203]LogModuleManager: Shutting down and abandoning module Android_DXTTargetPlatform (87)
[2017.11.07-09.46.44:174][203]LogModuleManager: Shutting down and abandoning module Android_ATCTargetPlatform (85)
[2017.11.07-09.46.44:174][203]LogModuleManager: Shutting down and abandoning module Android_ASTCTargetPlatform (83)
[2017.11.07-09.46.44:174][203]LogModuleManager: Shutting down and abandoning module AndroidTargetPlatform (81)
[2017.11.07-09.46.44:174][203]LogModuleManager: Shutting down and abandoning module WindowsTargetPlatform (79)
[2017.11.07-09.46.44:175][203]LogModuleManager: Shutting down and abandoning module WindowsServerTargetPlatform (77)
[2017.11.07-09.46.44:175][203]LogModuleManager: Shutting down and abandoning module WindowsNoEditorTargetPlatform (75)
[2017.11.07-09.46.44:175][203]LogModuleManager: Shutting down and abandoning module WindowsClientTargetPlatform (73)
[2017.11.07-09.46.44:175][203]LogModuleManager: Shutting down and abandoning module MacTargetPlatform (71)
[2017.11.07-09.46.44:175][203]LogModuleManager: Shutting down and abandoning module MacServerTargetPlatform (69)
[2017.11.07-09.46.44:175][203]LogModuleManager: Shutting down and abandoning module MacNoEditorTargetPlatform (67)
[2017.11.07-09.46.44:175][203]LogModuleManager: Shutting down and abandoning module MacClientTargetPlatform (65)
[2017.11.07-09.46.44:175][203]LogModuleManager: Shutting down and abandoning module AllDesktopTargetPlatform (63)
[2017.11.07-09.46.44:175][203]LogModuleManager: Shutting down and abandoning module InputCore (60)
[2017.11.07-09.46.44:175][203]LogModuleManager: Shutting down and abandoning module Settings (58)
[2017.11.07-09.46.44:175][203]LogModuleManager: Shutting down and abandoning module OculusRift (56)
[2017.11.07-09.46.44:175][203]LogModuleManager: Shutting down and abandoning module GearVRController (54)
[2017.11.07-09.46.44:175][203]LogModuleManager: Shutting down and abandoning module GearVR (52)
[2017.11.07-09.46.44:175][203]LogModuleManager: Shutting down and abandoning module ExampleDeviceProfileSelector (50)
[2017.11.07-09.46.44:175][203]LogModuleManager: Shutting down and abandoning module OnlineBlueprintSupport (48)
[2017.11.07-09.46.44:175][203]LogModuleManager: Shutting down and abandoning module OnlineSubsystem (44)
[2017.11.07-09.46.44:175][203]LogOnline:Display: Unloading online subsystem: NULL
[2017.11.07-09.46.44:175][203]LogModuleManager: Shutting down and abandoning module XMPP (43)
[2017.11.07-09.46.44:175][203]LogModuleManager: Shutting down and abandoning module HTTP (41)
[2017.11.07-09.46.44:175][203]LogHttp:Display: Http module shutting down, but needs to wait on 1 outstanding Http requests:
[2017.11.07-09.46.44:175][203]LogHttp:Display: 	verb=[POST] url=[https://datarouter.ol.epicgames.com/datarouter/api/v1/public/data?SessionID=%7BCF4ED2B5-4F40-10EC-9263-208503F302CF%7D&AppID=UEEditor.Rocket.Release&AppVersion=4.16.3-3561208%2B%2B%2BUE4%2BRelease-4.16&UserID=77a9eb4f462cfdf02b7f6988945b7494%7C678323adc543409c9e4b9a2089a91c33%7C80bd5cb6-d69c-4264-8e08-a361daa0d06d&AppEnvironment=datacollector-binary&UploadType=eteventstream] status=Processing
[2017.11.07-09.46.44:209][203]LogModuleManager: Shutting down and abandoning module SSL (40)
[2017.11.07-09.46.44:211][203]LogModuleManager: Shutting down and abandoning module HTTPChunkInstaller (36)
[2017.11.07-09.46.44:211][203]LogModuleManager: Shutting down and abandoning module AnimationModifiers (34)
[2017.11.07-09.46.44:211][203]LogModuleManager: Shutting down and abandoning module PropertyEditor (33)
[2017.11.07-09.46.44:211][203]LogModuleManager: Shutting down and abandoning module AudioEditor (30)
[2017.11.07-09.46.44:211][203]LogModuleManager: Shutting down and abandoning module TextureCompressor (28)
[2017.11.07-09.46.44:211][203]LogModuleManager: Shutting down and abandoning module ShaderCore (26)
[2017.11.07-09.46.44:211][203]LogModuleManager: Shutting down and abandoning module Landscape (24)
[2017.11.07-09.46.44:211][203]LogModuleManager: Shutting down and abandoning module SlateRHIRenderer (22)
[2017.11.07-09.46.44:213][203]LogModuleManager: Shutting down and abandoning module OpenGLDrv (20)
[2017.11.07-09.46.44:213][203]LogModuleManager: Shutting down and abandoning module D3D11RHI (18)
[2017.11.07-09.46.44:213][203]LogModuleManager: Shutting down and abandoning module AnimGraphRuntime (16)
[2017.11.07-09.46.44:213][203]LogModuleManager: Shutting down and abandoning module Renderer (14)
[2017.11.07-09.46.44:213][203]LogModuleManager: Shutting down and abandoning module Engine (12)
[2017.11.07-09.46.44:213][203]LogModuleManager: Shutting down and abandoning module CoreUObject (10)
[2017.11.07-09.46.44:213][203]LogModuleManager: Shutting down and abandoning module NetworkFile (8)
[2017.11.07-09.46.44:213][203]LogModuleManager: Shutting down and abandoning module StreamingFile (6)
[2017.11.07-09.46.44:213][203]LogModuleManager: Shutting down and abandoning module SandboxFile (4)
[2017.11.07-09.46.44:213][203]LogModuleManager: Shutting down and abandoning module PakFile (2)
[2017.11.07-09.46.44:214][203]LogExit: Exiting.
[2017.11.07-09.46.44:227][203]Log file closed, 11/07/17 02:46:44
