Log file open, 11/27/17 01:00:52
LogInit:Display: Running engine for game: The_Arsonist
LogPlatformFile: Not using cached read wrapper
LogInit:Display: RandInit(-837988849) SRandInit(-837988849).
LogTaskGraph: Started task graph with 5 named threads and 8 total threads with 1 sets of task threads.
LogStats: Stats thread started at 0.095604
LogInit: Using libcurl 7.47.1
LogInit:  - built for x86_64-pc-win32
LogInit:  - supports SSL with OpenSSL/1.0.2g
LogInit:  - supports HTTP deflate (compression) using libz 1.2.8
LogInit:  - other features:
LogInit:      CURL_VERSION_SSL
LogInit:      CURL_VERSION_LIBZ
LogInit:      CURL_VERSION_IPV6
LogInit:      CURL_VERSION_ASYNCHDNS
LogInit:      CURL_VERSION_LARGEFILE
LogInit:      CURL_VERSION_IDN
LogInit:  CurlRequestOptions (configurable via config and command line):
LogInit:  - bVerifyPeer = false  - Libcurl will NOT verify peer certificate
LogInit:  - bUseHttpProxy = false  - Libcurl will NOT use HTTP proxy
LogInit:  - bDontReuseConnections = false  - Libcurl will reuse connections
LogInit:  - CertBundlePath = nullptr  - Libcurl will use whatever was configured at build time.
LogInit: Build: ++UE4+Release-4.16-CL-3561208
LogInit: Engine Version: 4.16.3-3561208+++UE4+Release-4.16
LogInit: Compatible Engine Version: 4.16.0-3452394+++UE4+Release-4.16
LogInit: Net CL: 3452394
LogDevObjectVersion: Number of dev versions registered: 16
LogDevObjectVersion:   Dev-Blueprints (B0D832E4-1F89-4F0D-ACCF-7EB736FD4AA2): 9
LogDevObjectVersion:   Dev-Build (E1C64328-A22C-4D53-A36C-8E866417BD8C): 0
LogDevObjectVersion:   Dev-Core (375EC13C-06E4-48FB-B500-84F0262A717E): 2
LogDevObjectVersion:   Dev-Editor (E4B068ED-F494-42E9-A231-DA0B2E46BB41): 17
LogDevObjectVersion:   Dev-Framework (CFFC743F-43B0-4480-9391-14DF171D2073): 23
LogDevObjectVersion:   Dev-Mobile (B02B49B5-BB20-44E9-A304-32B752E40360): 0
LogDevObjectVersion:   Dev-Networking (A4E4105C-59A1-49B5-A7C5-40C4547EDFEE): 0
LogDevObjectVersion:   Dev-Online (39C831C9-5AE6-47DC-9A44-9C173E1C8E7C): 0
LogDevObjectVersion:   Dev-Physics (78F01B33-EBEA-4F98-B9B4-84EACCB95AA2): 0
LogDevObjectVersion:   Dev-Platform (6631380F-2D4D-43E0-8009-CF276956A95A): 0
LogDevObjectVersion:   Dev-Rendering (12F88B9F-8875-4AFC-A67C-D90C383ABD29): 15
LogDevObjectVersion:   Dev-Sequencer (7B5AE74C-D270-4C10-A958-57980B212A5A): 4
LogDevObjectVersion:   Dev-VR (D7296918-1DD6-4BDD-9DE2-64A83CC13884): 0
LogDevObjectVersion:   Dev-LoadTimes (C2A15278-BFE7-4AFE-6C17-90FF531DF755): 1
LogDevObjectVersion:   Private-Geometry (6EACA3D4-40EC-4CC1-B786-8BED09428FC5): 1
LogDevObjectVersion:   Dev-AnimPhys (29E575DD-E0A3-4627-9D10-D276232CDCEA): 3
LogInit: Compiled (64-bit): Jul 28 2017 11:49:47
LogInit: Compiled with Visual C++: 19.00.24215.01
LogInit: Build Configuration: Development
LogInit: Branch Name: ++UE4+Release-4.16
LogInit: Command line: -EpicPortal 
LogInit: Base directory: F:/Unreal/UE_4.16/Engine/Binaries/Win64/
LogInit: Installed Engine Build: 1
LogInit: Presizing for max 8388607 objects, including 0 objects not considered by GC, pre-allocating 0 bytes for permanent pool.
LogInit: Object subsystem initialized
[2017.11.27-08.00.53:220][  0]LogInit: Selected Device Profile: [Windows]
[2017.11.27-08.00.53:220][  0]LogInit: Applying CVar settings loaded from the selected device profile: [Windows]
[2017.11.27-08.00.53:240][  0]LogInit: Computer: SPAGHETTI
[2017.11.27-08.00.53:240][  0]LogInit: User: default
[2017.11.27-08.00.53:240][  0]LogInit: CPU Page size=4096, Cores=4
[2017.11.27-08.00.53:240][  0]LogInit: High frequency timer resolution =3.429159 MHz
[2017.11.27-08.00.53:240][  0]LogMemory: Memory total: Physical=16.0GB (16GB approx)
[2017.11.27-08.00.53:240][  0]LogMemory: Platform Memory Stats for Windows
[2017.11.27-08.00.53:240][  0]LogMemory: Process Physical Memory: 272.00 MB used, 272.00 MB peak
[2017.11.27-08.00.53:240][  0]LogMemory: Process Virtual Memory: 261.22 MB used, 261.22 MB peak
[2017.11.27-08.00.53:240][  0]LogMemory: Physical Memory: 8680.48 MB used,  7670.66 MB free, 16351.14 MB total
[2017.11.27-08.00.53:240][  0]LogMemory: Virtual Memory: 638.35 MB used,  7670.66 MB free, 134217728.00 MB total
[2017.11.27-08.00.53:309][  0]LogInit: Using OS detected language (en-US).
[2017.11.27-08.00.53:309][  0]LogInit: Using OS detected locale (en-US).
[2017.11.27-08.00.53:312][  0]LogTextLocalizationManager: No specific localization for 'en-US' exists, so the 'en' localization will be used.
[2017.11.27-08.00.54:218][  0]LogD3D11RHI: D3D11 adapters:
[2017.11.27-08.00.54:290][  0]LogD3D11RHI:    0. 'NVIDIA GeForce GTX 1060 6GB' (Feature Level 11_0)
[2017.11.27-08.00.54:290][  0]LogD3D11RHI:       6064/0/8175 MB DedicatedVideo/DedicatedSystem/SharedSystem, Outputs:1, VendorId:0x10de
[2017.11.27-08.00.54:291][  0]LogD3D11RHI:    1. 'Microsoft Basic Render Driver' (Feature Level 11_0)
[2017.11.27-08.00.54:291][  0]LogD3D11RHI:       0/0/8175 MB DedicatedVideo/DedicatedSystem/SharedSystem, Outputs:0, VendorId:0x1414
[2017.11.27-08.00.54:291][  0]LogD3D11RHI: Chosen D3D11 Adapter: 0
[2017.11.27-08.00.54:296][  0]LogD3D11RHI: Creating new Direct3DDevice
[2017.11.27-08.00.54:296][  0]LogD3D11RHI:     GPU DeviceId: 0x1c03 (for the marketing name, search the web for "GPU Device Id")
[2017.11.27-08.00.54:296][  0]LogWindows: EnumDisplayDevices:
[2017.11.27-08.00.54:296][  0]LogWindows:    0. 'NVIDIA GeForce GTX 1060 6GB' (P:1 D:1)
[2017.11.27-08.00.54:297][  0]LogWindows:    1. 'NVIDIA GeForce GTX 1060 6GB' (P:0 D:0)
[2017.11.27-08.00.54:298][  0]LogWindows:    2. 'NVIDIA GeForce GTX 1060 6GB' (P:0 D:0)
[2017.11.27-08.00.54:300][  0]LogWindows:    3. 'NVIDIA GeForce GTX 1060 6GB' (P:0 D:0)
[2017.11.27-08.00.54:300][  0]LogWindows: DebugString: FoundDriverCount:4 
[2017.11.27-08.00.54:300][  0]LogD3D11RHI:     Adapter Name: NVIDIA GeForce GTX 1060 6GB
[2017.11.27-08.00.54:300][  0]LogD3D11RHI:   Driver Version: 388.13 (internal:23.21.13.8813, unified:388.13)
[2017.11.27-08.00.54:301][  0]LogD3D11RHI:      Driver Date: 10-27-2017
[2017.11.27-08.00.54:301][  0]LogRHI: Texture pool is 1361 MB (70% of 1945 MB)
[2017.11.27-08.00.54:336][  0]LogD3D11RHI: Async texture creation enabled
[2017.11.27-08.00.54:347][  0]LogD3D11RHI: GPU Timing Frequency: 1000.000000 (Debug: 2 1)
[2017.11.27-08.00.54:353][  0]LogShaderCompilers: Guid format shader working directory is 12 characters bigger than the processId version (../../../../Projects/The_Arsonist/The-Arsonist/Intermediate/Shaders/WorkingDirectory/12292/).
[2017.11.27-08.00.54:353][  0]LogShaderCompilers: Cleaned the shader compiler working directory 'C:/Users/default.default-PC/AppData/Local/Temp/UnrealShaderWorkingDir/4813A94D4C702A6F9DF4009B1EB0CC14/'.
[2017.11.27-08.00.54:353][  0]LogShaderCompilers:Display: Using Local Shader Compiler.
[2017.11.27-08.00.55:418][  0]LogTemp:Display: Loaded TP AllDesktopTargetPlatform
[2017.11.27-08.00.55:463][  0]LogTemp:Display: Loaded TP MacClientTargetPlatform
[2017.11.27-08.00.55:508][  0]LogTemp:Display: Loaded TP MacNoEditorTargetPlatform
[2017.11.27-08.00.55:552][  0]LogTemp:Display: Loaded TP MacServerTargetPlatform
[2017.11.27-08.00.55:599][  0]LogTemp:Display: Loaded TP MacTargetPlatform
[2017.11.27-08.00.55:645][  0]LogTemp:Display: Loaded TP WindowsClientTargetPlatform
[2017.11.27-08.00.55:691][  0]LogTemp:Display: Loaded TP WindowsNoEditorTargetPlatform
[2017.11.27-08.00.55:738][  0]LogTemp:Display: Loaded TP WindowsServerTargetPlatform
[2017.11.27-08.00.55:778][  0]LogTemp:Display: Loaded TP WindowsTargetPlatform
[2017.11.27-08.00.55:842][  0]LogTemp:Display: Loaded TP AndroidTargetPlatform
[2017.11.27-08.00.55:885][  0]LogTemp:Display: Loaded TP Android_ASTCTargetPlatform
[2017.11.27-08.00.55:932][  0]LogTemp:Display: Loaded TP Android_ATCTargetPlatform
[2017.11.27-08.00.55:975][  0]LogTemp:Display: Loaded TP Android_DXTTargetPlatform
[2017.11.27-08.00.56:018][  0]LogTemp:Display: Loaded TP Android_ETC1TargetPlatform
[2017.11.27-08.00.56:067][  0]LogTemp:Display: Loaded TP Android_ETC2TargetPlatform
[2017.11.27-08.00.56:153][  0]LogTemp:Display: Loaded TP Android_MultiTargetPlatform
[2017.11.27-08.00.56:153][  0]LogTemp:Display: Loaded TP Android_PVRTCTargetPlatform
[2017.11.27-08.00.56:185][  0]LogTemp:Display: Loaded TP HTML5TargetPlatform
[2017.11.27-08.00.56:271][  0]LogTemp:Display: Loaded TP IOSTargetPlatform
[2017.11.27-08.00.56:299][  0]LogTemp:Display: Loaded TP TVOSTargetPlatform
[2017.11.27-08.00.56:343][  0]LogTemp:Display: Loaded TP LinuxClientTargetPlatform
[2017.11.27-08.00.56:388][  0]LogTemp:Display: Loaded TP LinuxNoEditorTargetPlatform
[2017.11.27-08.00.56:441][  0]LogTemp:Display: Loaded TP LinuxServerTargetPlatform
[2017.11.27-08.00.56:487][  0]LogTemp:Display: Loaded TP LinuxTargetPlatform
[2017.11.27-08.00.56:487][  0]LogTargetPlatformManager:Display: Building Assets For Windows
[2017.11.27-08.00.57:238][  0]LogDerivedDataCache:Display: Max Cache Size: 512 MB
[2017.11.27-08.00.57:312][  0]LogDerivedDataCache: Loaded boot cache 0.07s 90MB C:/Users/default.default-PC/AppData/Local/UnrealEngine/4.16/DerivedDataCache/Boot.ddc.
[2017.11.27-08.00.57:312][  0]LogDerivedDataCache:Display: Loaded Boot cache: C:/Users/default.default-PC/AppData/Local/UnrealEngine/4.16/DerivedDataCache/Boot.ddc
[2017.11.27-08.00.57:312][  0]LogDerivedDataCache: FDerivedDataBackendGraph:  Pak pak cache file ../../../../Projects/The_Arsonist/The-Arsonist/DerivedDataCache/DDC.ddp not found, will not use a pak cache.
[2017.11.27-08.00.57:312][  0]LogDerivedDataCache: Unable to find inner node Pak for hierarchical cache Hierarchy.
[2017.11.27-08.00.57:312][  0]LogDerivedDataCache: FDerivedDataBackendGraph:  CompressedPak pak cache file ../../../../Projects/The_Arsonist/The-Arsonist/DerivedDataCache/Compressed.ddp not found, will not use a pak cache.
[2017.11.27-08.00.57:312][  0]LogDerivedDataCache: Unable to find inner node CompressedPak for hierarchical cache Hierarchy.
[2017.11.27-08.00.57:329][  0]LogDerivedDataCache:Display: Pak cache opened for reading ../../../Engine/DerivedDataCache/Compressed.ddp.
[2017.11.27-08.00.57:342][  0]LogDerivedDataCache: Using Local data cache path C:/Users/default.default-PC/AppData/Local/UnrealEngine/Common/DerivedDataCache: Writable
[2017.11.27-08.00.57:352][  0]LogMaterial: Verifying Global Shaders for PCD3D_SM5
[2017.11.27-08.00.57:352][  0]LogSlate: Using Freetype 2.6.0
[2017.11.27-08.00.57:353][  0]LogSlate: SlateFontCache - WITH_FREETYPE: 1, WITH_HARFBUZZ: 1
[2017.11.27-08.00.57:353][  0]LogSlate: SlateFontCache - WITH_FREETYPE: 1, WITH_HARFBUZZ: 1
[2017.11.27-08.00.57:697][  0]LogInit: Selected Device Profile: [Windows]
[2017.11.27-08.00.57:761][  0]LogContentStreaming: Texture pool size is 0.00 MB
[2017.11.27-08.00.57:913][  0]LogMeshUtilities: Using QuadricMeshReduction for automatic static mesh reduction
[2017.11.27-08.00.57:950][  0]LogSimplygon: Simplygon DLL not present - disabling.
[2017.11.27-08.00.57:989][  0]LogMeshUtilities: Using SimplygonSwarm for distributed automatic mesh merging
[2017.11.27-08.00.57:989][  0]LogMeshUtilities: No automatic skeletal mesh reduction module available
[2017.11.27-08.00.57:989][  0]LogMeshUtilities: No automatic mesh merging module available
[2017.11.27-08.00.58:518][  0]LogNetVersion: The_Arsonist , NetCL: 3452394, EngineNetVer: 2, GameNetVer: 0 (Checksum: 1174752045)
[2017.11.27-08.00.58:577][  0]LogAssetRegistry: FAssetRegistry took 0.0260 seconds to start up
[2017.11.27-08.00.58:654][  0]LogPackageLocalizationCache: Processed 4 localized package path(s) for 2 prioritized culture(s) in 0.057572 seconds
[2017.11.27-08.00.58:661][  0]LogUObjectArray: 34194 objects as part of root set at end of initial load.
[2017.11.27-08.00.58:661][  0]LogUObjectAllocator: 7260424 out of 0 bytes used by permanent object pool.
[2017.11.27-08.00.58:661][  0]LogUObjectArray: CloseDisregardForGC: 0/0 objects in disregard for GC pool
[2017.11.27-08.00.58:720][  0]LogInit: WinSock: version 1.1 (2.2), MaxSocks=32767, MaxUdp=65467
[2017.11.27-08.01.00:956][  0]LogTcpMessaging: Initializing TcpMessaging bridge
[2017.11.27-08.01.00:992][  0]LogUdpMessaging: Initializing bridge on interface 0.0.0.0:0 to multicast group 230.0.0.1:6666.
[2017.11.27-08.01.01:458][  0]LogMaterial: Uniform references updated for custom material expression Custom.
[2017.11.27-08.01.01:805][  0]SourceControl: Info Source control is disabled
[2017.11.27-08.01.01:807][  0]SourceControl: Info Source control is disabled
[2017.11.27-08.01.01:846][  0]SourceControl: Info Source control is disabled
[2017.11.27-08.01.01:888][  0]SourceControl: Info Source control is disabled
[2017.11.27-08.01.02:482][  0]LogAndroidPermission: UAndroidPermissionCallbackProxy::GetInstance
[2017.11.27-08.01.02:997][  0]LogEngine: Initializing Engine...
[2017.11.27-08.01.03:007][  0]LogHMD: Failed to initialize OpenVR with code 108
[2017.11.27-08.01.03:196][  0]LogStats: UGameplayTagsManager::ConstructGameplayTagTree: Construct from data asset -  0.000 s
[2017.11.27-08.01.03:197][  0]LogStats: UGameplayTagsManager::ConstructGameplayTagTree: GameplayTagTreeChangedEvent.Broadcast -  0.000 s
[2017.11.27-08.01.03:306][  0]LogAIModule: Creating AISystem for world Untitled
[2017.11.27-08.01.03:342][  0]LogInit: XAudio2 using 'Headset Earphone (Corsair VOID Surround USB Sound Adapter)' : 6 channels at 48 kHz using 16 bits per sample (channel mask 0x3f)
[2017.11.27-08.01.03:516][  0]LogInit: FAudioDevice initialized.
[2017.11.27-08.01.03:562][  0]LogDerivedDataCache: Saved boot cache 0.05s 90MB C:/Users/default.default-PC/AppData/Local/UnrealEngine/4.16/DerivedDataCache/Boot.ddc.
[2017.11.27-08.01.03:569][  0]LogInit: Texture streaming: Enabled
[2017.11.27-08.01.03:669][  0]LogEngineSessionManager: EngineSessionManager initialized
[2017.11.27-08.01.03:854][  0]LogInit: Transaction tracking system initialized
[2017.11.27-08.01.04:123][  0]BlueprintLog: New page: Editor Load
[2017.11.27-08.01.04:917][  0]LocalizationService: Info Localization service is disabled
[2017.11.27-08.01.05:754][  0]LogConsoleResponse:Display: 
[2017.11.27-08.01.05:966][  0]LogCook:Display: Max memory allowance for cook 16384mb min free memory 0mb
[2017.11.27-08.01.05:966][  0]LogCook:Display: Mobile HDR setting 1
[2017.11.27-08.01.06:828][  0]LogFileCache: Scanning file cache for directory 'F:/Unreal/Projects/The_Arsonist/The-Arsonist/Content/' took 0.05s
[2017.11.27-08.01.06:828][  0]SourceControl: Info Source control is disabled
[2017.11.27-08.01.06:828][  0]Cmd: MAP LOAD FILE="../../../Engine/Content/Maps/Templates/Template_Default.umap" TEMPLATE=1 SHOWPROGRESS=1 FEATURELEVEL=3
[2017.11.27-08.01.06:828][  0]LightingResults: New page: Lighting Build
[2017.11.27-08.01.06:862][  0]MapCheck: New page: Map Check
[2017.11.27-08.01.06:862][  0]LightingResults: New page: Lighting Build
[2017.11.27-08.01.07:091][  0]LogAIModule: Creating AISystem for world Untitled_1
[2017.11.27-08.01.07:092][  0]LogActorComponent: RegisterComponentWithWorld: (/Temp/Untitled_1.Untitled_1:PersistentLevel.WorldSettings_1.StaticMeshComponent0) Trying to register component with IsPendingKill() == true. Aborting.
[2017.11.27-08.01.07:096][  0]LogEditorServer: Finished looking for orphan Actors (0.000 secs)
[2017.11.27-08.01.07:113][  0]Cmd: MAP CHECKDEP NOCLEARLOG
[2017.11.27-08.01.07:151][  0]MapCheck: Info Map check complete: 0 Error(s), 0 Warning(s), took 37.794ms to complete.
[2017.11.27-08.01.07:151][  0]LogFileHelpers: Loading map 'Template_Default' took 0.323
[2017.11.27-08.01.07:225][  0]LogWindowsTextInputMethodSystem:Display: IME system now deactivated.
[2017.11.27-08.01.07:686][  0]LogCollectionManager: Loaded 0 collections in 0.001451 seconds
[2017.11.27-08.01.07:838][  0]LogFileCache: Scanning file cache for directory 'F:/Unreal/Projects/The_Arsonist/The-Arsonist/Saved/Collections/' took 0.01s
[2017.11.27-08.01.07:838][  0]LogFileCache: Scanning file cache for directory 'F:/Unreal/Projects/The_Arsonist/The-Arsonist/Content/Developers/default/Collections/' took 0.01s
[2017.11.27-08.01.07:838][  0]LogFileCache: Scanning file cache for directory 'F:/Unreal/Projects/The_Arsonist/The-Arsonist/Content/Collections/' took 0.01s
[2017.11.27-08.01.07:838][  0]LogCollectionManager: Rebuilt the GUID cache for 0 collections in 0.000002 seconds
[2017.11.27-08.01.07:857][  0]LogContentBrowser: Native class hierarchy populated in 0.0181 seconds. Added 2329 classes and 491 folders.
[2017.11.27-08.01.07:935][  0]LogContentBrowser: Native class hierarchy updated for 'WidgetCarousel' in 0.0006 seconds. Added 0 classes and 0 folders.
[2017.11.27-08.01.09:089][  0]LogContentBrowser: Native class hierarchy updated for 'AddContentDialog' in 0.0006 seconds. Added 0 classes and 0 folders.
[2017.11.27-08.01.09:192][  0]LogContentBrowser: Native class hierarchy updated for 'SceneOutliner' in 0.0006 seconds. Added 1 classes and 2 folders.
[2017.11.27-08.01.09:880][  0]LogCrashTracker: Crashtracker disabled due to settings.
[2017.11.27-08.01.09:970][  0]LogUObjectGlobals:Warning: Failed to find object 'Class None.'
[2017.11.27-08.01.10:031][  0]LogContentBrowser: Native class hierarchy updated for 'HierarchicalLODOutliner' in 0.0006 seconds. Added 1 classes and 2 folders.
[2017.11.27-08.01.10:031][  0]LogLoad: (Engine Initialization) Total time: 18.54 seconds
[2017.11.27-08.01.10:031][  0]LogLoad: (Engine Initialization) Total Blueprint compile time: 0.09 seconds
[2017.11.27-08.01.10:031][  0]LogExternalProfiler: No external profilers were discovered.  External profiling features will not be available.
[2017.11.27-08.01.10:041][  0]LogOcInput: OculusInput pre-init called
[2017.11.27-08.01.10:041][  0]LogHMD: Starting GearVRController plugin
[2017.11.27-08.01.10:330][  0]LogContentStreaming: Texture pool size now 1000 MB
[2017.11.27-08.01.10:331][  0]LogSlate: Took 0.000212 seconds to synchronously load lazily loaded font '../../../Engine/Content/Slate/Fonts/Roboto-Regular.ttf' (155K)
[2017.11.27-08.01.10:333][  0]LogSlate: Took 0.000137 seconds to synchronously load lazily loaded font '../../../Engine/Content/Slate/Fonts/Roboto-Bold.ttf' (160K)
[2017.11.27-08.01.10:434][  0]LogSlate: Took 0.085116 seconds to synchronously load lazily loaded font '../../../Engine/Content/Editor/Slate/Fonts/FontAwesome.ttf' (139K)
[2017.11.27-08.01.11:173][  1]LogRenderer: Reallocating scene render targets to support 1172x428 NumSamples 1 (Frame:1).
[2017.11.27-08.01.11:623][  1]LogSlate: Took 0.075365 seconds to synchronously load lazily loaded font '../../../Engine/Content/Slate/Fonts/Roboto-Light.ttf' (159K)
[2017.11.27-08.01.12:646][  2]LogAssetRegistry: Asset discovery search completed in 14.0916 seconds
[2017.11.27-08.01.12:648][  2]LogCollectionManager: Rebuilt the object cache for 0 collections in 0.000001 seconds (found 0 objects)
[2017.11.27-08.01.12:648][  2]LogCollectionManager: Fixed up redirectors for 0 collections in 0.000039 seconds (updated 0 objects)
[2017.11.27-08.01.12:660][  2]LogSlate: Took 0.000237 seconds to synchronously load lazily loaded font '../../../Engine/Content/Slate/Fonts/Roboto-Light.ttf' (159K)
[2017.11.27-08.01.16:177][410]LogFileCache: Retrieving MD5 hashes for directory 'F:/Unreal/Projects/The_Arsonist/The-Arsonist/Content/' took 6.11s
[2017.11.27-08.01.26:433][631]LogRenderer: Reallocating scene render targets to support 1208x448 NumSamples 1 (Frame:1618).
[2017.11.27-08.01.31:968][ 42]LogSlate: Took 0.000195 seconds to synchronously load lazily loaded font '../../../Engine/Content/Slate/Fonts/Roboto-Light.ttf' (159K)
[2017.11.27-08.01.37:540][436]LogSlate: Took 0.000162 seconds to synchronously load lazily loaded font '../../../Engine/Content/Slate/Fonts/Roboto-Regular.ttf' (155K)
[2017.11.27-08.01.39:897][436]LogPhysics:Warning: FDerivedDataPhysXCooker::BuildTriMesh: Triangle data from '/Game/Scenes/Scene_01_02.Scene_01_02:PersistentLevel.ModelComponent_9' invalid (740 verts, 0 indices).
[2017.11.27-08.01.39:945][436]LogAIModule: Creating AISystem for world Scene_01_02
[2017.11.27-08.01.40:017][436]Cmd: MAP LOAD FILE="../../../../Projects/The_Arsonist/The-Arsonist/Content/Scenes/Scene_01_02.umap" TEMPLATE=0 SHOWPROGRESS=1 FEATURELEVEL=3
[2017.11.27-08.01.40:017][436]LightingResults: New page: Lighting Build
[2017.11.27-08.01.40:019][436]LoadErrors: New page: Loading map: Scene_01_02.umap
[2017.11.27-08.01.40:019][436]MapCheck: New page: Map Check
[2017.11.27-08.01.40:019][436]LightingResults: New page: Lighting Build
[2017.11.27-08.01.40:197][436]LogUObjectHash:Warning: Ambiguous search, could be ObjectProperty /Script/Engine.LevelCollection:PersistentLevel or ObjectProperty /Script/Engine.World:PersistentLevel
[2017.11.27-08.01.40:197][436]LogUObjectHash:Warning: Ambiguous search, could be ObjectProperty /Script/Engine.LevelCollection:PersistentLevel or Level /Game/Scenes/Scene_01_02.Scene_01_02:PersistentLevel
[2017.11.27-08.01.40:197][436]LogUObjectHash:Warning: Ambiguous search, could be ObjectProperty /Script/Engine.LevelCollection:PersistentLevel or ObjectProperty /Script/Engine.World:PersistentLevel
[2017.11.27-08.01.40:197][436]LogUObjectHash:Warning: Ambiguous search, could be ObjectProperty /Script/Engine.LevelCollection:PersistentLevel or Level /Game/Scenes/Scene_01_02.Scene_01_02:PersistentLevel
[2017.11.27-08.01.40:197][436]LogUObjectHash:Warning: Ambiguous search, could be ObjectProperty /Script/Engine.LevelCollection:PersistentLevel or ObjectProperty /Script/Engine.World:PersistentLevel
[2017.11.27-08.01.40:197][436]LogUObjectHash:Warning: Ambiguous search, could be ObjectProperty /Script/Engine.LevelCollection:PersistentLevel or Level /Game/Scenes/Scene_01_02.Scene_01_02:PersistentLevel
[2017.11.27-08.01.40:197][436]LogUObjectHash:Warning: Ambiguous search, could be ObjectProperty /Script/Engine.LevelCollection:PersistentLevel or ObjectProperty /Script/Engine.World:PersistentLevel
[2017.11.27-08.01.40:197][436]LogUObjectHash:Warning: Ambiguous search, could be ObjectProperty /Script/Engine.LevelCollection:PersistentLevel or Level /Game/Scenes/Scene_01_02.Scene_01_02:PersistentLevel
[2017.11.27-08.01.40:197][436]LogUObjectHash:Warning: Ambiguous search, could be ObjectProperty /Script/Engine.LevelCollection:PersistentLevel or ObjectProperty /Script/Engine.World:PersistentLevel
[2017.11.27-08.01.40:197][436]LogUObjectHash:Warning: Ambiguous search, could be ObjectProperty /Script/Engine.LevelCollection:PersistentLevel or Level /Game/Scenes/Scene_01_02.Scene_01_02:PersistentLevel
[2017.11.27-08.01.40:197][436]LogUObjectHash:Warning: Ambiguous search, could be ObjectProperty /Script/Engine.LevelCollection:PersistentLevel or ObjectProperty /Script/Engine.World:PersistentLevel
[2017.11.27-08.01.40:197][436]LogUObjectHash:Warning: Ambiguous search, could be ObjectProperty /Script/Engine.LevelCollection:PersistentLevel or Level /Game/Scenes/Scene_01_02.Scene_01_02:PersistentLevel
[2017.11.27-08.01.40:197][436]LogUObjectHash:Warning: Ambiguous search, could be ObjectProperty /Script/Engine.LevelCollection:PersistentLevel or ObjectProperty /Script/Engine.World:PersistentLevel
[2017.11.27-08.01.40:197][436]LogUObjectHash:Warning: Ambiguous search, could be ObjectProperty /Script/Engine.LevelCollection:PersistentLevel or Level /Game/Scenes/Scene_01_02.Scene_01_02:PersistentLevel
[2017.11.27-08.01.40:197][436]LogUObjectHash:Warning: Ambiguous search, could be ObjectProperty /Script/Engine.LevelCollection:PersistentLevel or ObjectProperty /Script/Engine.World:PersistentLevel
[2017.11.27-08.01.40:197][436]LogUObjectHash:Warning: Ambiguous search, could be ObjectProperty /Script/Engine.LevelCollection:PersistentLevel or Level /Game/Scenes/Scene_01_02.Scene_01_02:PersistentLevel
[2017.11.27-08.01.40:199][436]LogEditorServer: Finished looking for orphan Actors (0.000 secs)
[2017.11.27-08.01.40:242][436]Cmd: MAP CHECKDEP NOCLEARLOG
[2017.11.27-08.01.40:294][436]MapCheck: Info Map check complete: 0 Error(s), 0 Warning(s), took 51.985ms to complete.
[2017.11.27-08.01.40:294][436]LogFileHelpers: Loading map 'Scene_01_02' took 0.277
[2017.11.27-08.02.02:334][584]LogEditorViewport: Clicking on Actor (LMB): CineCameraActor (Camera_01)
[2017.11.27-08.02.07:094][831]LogTemp: Repeting last play command: New Editor Window (PIE)
[2017.11.27-08.02.07:250][831]LogPlayLevel: PlayLevel: No blueprints needed recompiling
[2017.11.27-08.02.07:280][831]PIE: New page: PIE session: Scene_01_02 (Nov 26, 2017, 6:02:07 PM)
[2017.11.27-08.02.07:280][831]LogPlayLevel: Creating play world package: /Game/Scenes/UEDPIE_0_Scene_01_02
[2017.11.27-08.02.07:316][831]LogPhysics:Warning: FDerivedDataPhysXCooker::BuildTriMesh: Triangle data from '/Game/Scenes/UEDPIE_0_Scene_01_02.Scene_01_02:PersistentLevel.ModelComponent_9' invalid (740 verts, 0 indices).
[2017.11.27-08.02.07:318][831]LogPlayLevel: PIE: StaticDuplicateObject took: (0.037830s)
[2017.11.27-08.02.07:318][831]LogAIModule: Creating AISystem for world Scene_01_02
[2017.11.27-08.02.07:318][831]LogPlayLevel: PIE: World Init took: (0.000722s)
[2017.11.27-08.02.07:319][831]LogPlayLevel: PIE: Created PIE world by copying editor world from /Game/Scenes/Scene_01_02.Scene_01_02 to /Game/Scenes/UEDPIE_0_Scene_01_02.Scene_01_02 (0.038778s)
[2017.11.27-08.02.07:386][831]LogInit: XAudio2 using 'Headset Earphone (Corsair VOID Surround USB Sound Adapter)' : 6 channels at 48 kHz using 16 bits per sample (channel mask 0x3f)
[2017.11.27-08.02.07:542][831]LogInit: FAudioDevice initialized.
[2017.11.27-08.02.07:638][831]LogLoad: Game class is 'GameModeBase'
[2017.11.27-08.02.07:651][831]LogWorld: Bringing World /Game/Scenes/UEDPIE_0_Scene_01_02.Scene_01_02 up for play (max tick rate 0) at 2017.11.27-01.02.07
[2017.11.27-08.02.07:659][831]LogWorld: Bringing up level for play took: 0.011132
[2017.11.27-08.02.07:775][831]LogContentBrowser: Native class hierarchy updated for 'MovieSceneCapture' in 0.0008 seconds. Added 11 classes and 0 folders.
[2017.11.27-08.02.07:799][831]PIE: Info Play in editor start time for /Game/Scenes/UEDPIE_0_Scene_01_02 0.776
[2017.11.27-08.02.07:835][831]LogRenderer: Reallocating scene render targets to support 1292x756 NumSamples 1 (Frame:1).
[2017.11.27-08.04.02:590][276]Cmd: SELECT NONE
[2017.11.27-08.04.13:769][325]LogEditorViewport: Clicking on Actor (LMB): Emitter (P_Env_Fire_Grate_01)
[2017.11.27-08.04.14:141][352]LogEditorViewport: Clicking on Actor (LMB): Emitter (P_Env_Fire_Grate_01)
[2017.11.27-08.04.31:258][ 28]Cmd: CAMERA ALIGN ACTIVEVIEWPORTONLY
[2017.11.27-08.06.45:718][213]LogEditorViewport: Clicking on Actor (LMB): Emitter (P_Env_Fire_Grate_01)
[2017.11.27-08.08.09:745][570]LogEditorViewport: Clicking on Actor (LMB): BP_Sky_Sphere_C (Sky Sphere)
[2017.11.27-08.08.13:976][886]LogEditorViewport: Clicking on Actor (LMB): Emitter (P_Env_Fire_Grate_01)
[2017.11.27-08.08.35:469][191]LogWindows: LaunchFileInExternalEditor F:/Unreal/UE_4.16/Engine/Source/Runtime/Engine/Classes/Particles/ParticleSystem.h 
[2017.11.27-08.08.36:156][191]LogWindows: Launch application code for F:/Unreal/UE_4.16/Engine/Source/Runtime/Engine/Classes/Particles/ParticleSystem.h : 42
[2017.11.27-08.08.36:166][191]LogVSAccessor:Warning: Couldn't access Visual Studio
[2017.11.27-08.08.36:170][191]LogVSAccessor:Warning: Couldn't access module table
[2017.11.27-08.08.36:170][191]LogVSAccessor:Warning: Couldn't access module table
[2017.11.27-08.08.36:170][191]LogVSAccessor:Warning: Couldn't access module table
[2017.11.27-08.08.36:170][191]LogVSAccessor:Warning: Couldn't access module table
[2017.11.27-08.08.36:170][191]LogVSAccessor:Warning: Couldn't access module table
[2017.11.27-08.08.36:170][191]LogVSAccessor:Warning: Couldn't access module table
[2017.11.27-08.08.36:170][191]LogVSAccessor:Warning: Couldn't access module table
[2017.11.27-08.08.36:170][191]LogVSAccessor:Warning: Couldn't access module table
[2017.11.27-08.08.36:170][191]LogVSAccessor:Warning: Couldn't access module table
[2017.11.27-08.08.36:170][191]LogVSAccessor:Warning: Couldn't access module table
[2017.11.27-08.08.36:170][191]LogVSAccessor:Warning: Couldn't access module table
[2017.11.27-08.08.36:170][191]LogVSAccessor:Warning: Couldn't access module table
[2017.11.27-08.08.36:170][191]LogVSAccessor:Warning: Couldn't access module table
[2017.11.27-08.08.36:171][191]LogVSAccessor:Warning: Couldn't access module table
[2017.11.27-08.08.36:171][191]LogVSAccessor:Warning: Couldn't access module table
[2017.11.27-08.08.36:171][191]LogVSAccessor:Warning: Couldn't access module table
[2017.11.27-08.08.36:171][191]LogVSAccessor:Warning: Couldn't access module table
[2017.11.27-08.08.36:171][191]LogVSAccessor:Warning: Couldn't access module table
[2017.11.27-08.08.36:171][191]LogVSAccessor:Warning: Couldn't access module table
[2017.11.27-08.08.36:171][191]LogVSAccessor:Warning: Couldn't access module table
[2017.11.27-08.08.36:171][191]LogVSAccessor:Warning: Couldn't access module table
[2017.11.27-08.08.36:171][191]LogVSAccessor:Warning: Couldn't access module table
[2017.11.27-08.08.36:171][191]LogVSAccessor:Warning: Couldn't access module table
[2017.11.27-08.08.36:171][191]LogVSAccessor:Warning: Couldn't access module table
[2017.11.27-08.08.36:171][191]LogVSAccessor:Warning: Couldn't access module table
[2017.11.27-08.08.36:171][191]LogVSAccessor:Warning: Couldn't access module table
[2017.11.27-08.08.36:171][191]LogVSAccessor:Warning: Couldn't access module table
[2017.11.27-08.08.36:171][191]LogVSAccessor:Warning: Couldn't access module table
[2017.11.27-08.08.36:171][191]LogVSAccessor:Warning: Couldn't access module table
[2017.11.27-08.08.36:171][191]LogVSAccessor:Warning: Couldn't access module table
[2017.11.27-08.08.36:171][191]LogVSAccessor:Warning: Couldn't access module table
[2017.11.27-08.08.36:171][191]LogVSAccessor:Warning: Couldn't access module table
[2017.11.27-08.08.36:171][191]LogVSAccessor:Warning: Couldn't access module table
[2017.11.27-08.08.36:171][191]LogVSAccessor:Warning: Couldn't access module table
[2017.11.27-08.08.36:171][191]LogVSAccessor:Warning: Couldn't access module table
[2017.11.27-08.08.36:172][191]LogVSAccessor:Warning: Couldn't access module table
[2017.11.27-08.08.36:172][191]LogVSAccessor:Warning: Couldn't access module table
[2017.11.27-08.08.36:172][191]LogVSAccessor:Warning: Couldn't access module table
[2017.11.27-08.08.36:172][191]LogVSAccessor:Warning: Couldn't access module table
[2017.11.27-08.08.36:172][191]LogVSAccessor:Warning: Couldn't access module table
[2017.11.27-08.08.36:172][191]LogVSAccessor:Warning: Couldn't access module table
[2017.11.27-08.08.36:172][191]LogVSAccessor:Warning: Couldn't access module table
[2017.11.27-08.08.36:176][191]LogVSAccessor:Warning: Couldn't access module table
[2017.11.27-08.08.36:179][191]LogVSAccessor:Warning: Couldn't access module table
[2017.11.27-08.08.36:180][191]LogVSAccessor:Warning: Couldn't access module table
[2017.11.27-08.08.36:180][191]LogVSAccessor:Warning: Couldn't access module table
[2017.11.27-08.08.36:183][191]LogVSAccessor:Warning: Couldn't access module table
[2017.11.27-08.08.36:184][191]LogVSAccessor:Warning: Couldn't access module table
[2017.11.27-08.08.36:184][191]LogVSAccessor:Warning: Couldn't access module table
[2017.11.27-08.08.36:189][191]LogVSAccessor:Warning: Couldn't access module table
[2017.11.27-08.08.36:192][191]LogVSAccessor:Warning: Couldn't access module table
[2017.11.27-08.08.36:193][191]LogVSAccessor:Warning: Couldn't access module table
[2017.11.27-08.08.36:193][191]LogVSAccessor:Warning: Couldn't access module table
[2017.11.27-08.08.36:193][191]LogVSAccessor:Warning: Couldn't access module table
[2017.11.27-08.08.36:204][191]LogVSAccessor:Warning: Couldn't access module table
[2017.11.27-08.08.36:205][191]LogVSAccessor:Warning: Couldn't access module table
[2017.11.27-08.08.36:205][191]LogVSAccessor:Warning: Couldn't access module table
[2017.11.27-08.08.36:205][191]LogVSAccessor:Warning: Couldn't access module table
[2017.11.27-08.08.36:205][191]LogVSAccessor:Warning: Couldn't access module table
[2017.11.27-08.08.36:205][191]LogVSAccessor:Warning: Couldn't access module table
[2017.11.27-08.08.36:217][191]LogVSAccessor:Warning: Couldn't access module table
[2017.11.27-08.08.36:217][191]LogVSAccessor:Warning: Couldn't access module table
[2017.11.27-08.08.36:219][191]LogVSAccessor:Warning: Couldn't access module table
[2017.11.27-08.09.45:634][618]Cmd: TRANSACTION UNDO
[2017.11.27-08.09.45:634][618]LogEditorTransaction: Undo Set Float Key Value
[2017.11.27-08.10.21:599][743]LogTemp: Repeting last play command: New Editor Window (PIE)
[2017.11.27-08.10.21:614][743]LogPlayLevel: PlayLevel: No blueprints needed recompiling
[2017.11.27-08.10.21:614][743]PIE: New page: PIE session: Scene_01_02 (Nov 26, 2017, 6:10:21 PM)
[2017.11.27-08.10.21:614][743]LogPlayLevel: Creating play world package: /Game/Scenes/UEDPIE_0_Scene_01_02
[2017.11.27-08.10.21:626][743]LogPhysics:Warning: FDerivedDataPhysXCooker::BuildTriMesh: Triangle data from '/Game/Scenes/UEDPIE_0_Scene_01_02.Scene_01_02:PersistentLevel.ModelComponent_9' invalid (740 verts, 0 indices).
[2017.11.27-08.10.21:630][743]LogPlayLevel: PIE: StaticDuplicateObject took: (0.015534s)
[2017.11.27-08.10.21:630][743]LogAIModule: Creating AISystem for world Scene_01_02
[2017.11.27-08.10.21:631][743]LogPlayLevel: PIE: World Init took: (0.000764s)
[2017.11.27-08.10.21:631][743]LogPlayLevel: PIE: Created PIE world by copying editor world from /Game/Scenes/Scene_01_02.Scene_01_02 to /Game/Scenes/UEDPIE_0_Scene_01_02.Scene_01_02 (0.016530s)
[2017.11.27-08.10.21:669][743]LogInit: XAudio2 using 'Headset Earphone (Corsair VOID Surround USB Sound Adapter)' : 6 channels at 48 kHz using 16 bits per sample (channel mask 0x3f)
[2017.11.27-08.10.21:822][743]LogInit: FAudioDevice initialized.
[2017.11.27-08.10.21:876][743]LogLoad: Game class is 'GameModeBase'
[2017.11.27-08.10.21:881][743]LogWorld: Bringing World /Game/Scenes/UEDPIE_0_Scene_01_02.Scene_01_02 up for play (max tick rate 0) at 2017.11.27-01.10.21
[2017.11.27-08.10.21:882][743]LogWorld: Bringing up level for play took: 0.005063
[2017.11.27-08.10.21:889][743]PIE: Info Play in editor start time for /Game/Scenes/UEDPIE_0_Scene_01_02 0.866
[2017.11.27-08.12.12:561][660]LogEditorViewport: Clicking on Actor (LMB): Emitter (P_Env_Fire_Grate_01)
[2017.11.27-08.12.17:414][134]Cmd: EDIT CUT
[2017.11.27-08.12.17:503][134]LogEditorActor: Deleted Actor: Emitter
[2017.11.27-08.12.17:513][134]LogEditorActor: Deleted 1 Actors (0.017 secs)
[2017.11.27-08.12.30:762][616]LogEditorViewport: Clicking on Actor (LMB): BP_Sky_Sphere_C (Sky Sphere)
[2017.11.27-08.12.32:935][802]LogEditorViewport: Clicking on Actor (LMB): BP_Sky_Sphere_C (Sky Sphere)
[2017.11.27-08.12.47:419][336]Cmd: TRANSACTION UNDO
[2017.11.27-08.12.47:419][336]LogEditorTransaction: Undo Select None
[2017.11.27-08.12.47:654][338]Cmd: TRANSACTION UNDO
[2017.11.27-08.12.47:654][338]LogEditorTransaction: Undo Clicking on Actors
[2017.11.27-08.12.47:795][339]Cmd: TRANSACTION UNDO
[2017.11.27-08.12.47:795][339]LogEditorTransaction: Undo Clicking on Actors
[2017.11.27-08.12.47:995][342]Cmd: TRANSACTION UNDO
[2017.11.27-08.12.47:995][342]LogEditorTransaction: Undo Cut
[2017.11.27-08.13.17:787][994]Cmd: EDIT COPY
[2017.11.27-08.13.18:542][ 64]LogEditorViewport: Clicking on Actor (LMB): BP_Sky_Sphere_C (Sky Sphere)
[2017.11.27-08.13.19:021][104]Cmd: EDIT PASTE
[2017.11.27-08.13.31:292][233]Cmd: TRANSACTION UNDO
[2017.11.27-08.13.31:292][233]LogEditorTransaction: Undo Move Actors
[2017.11.27-08.13.44:889][461]Cmd: EDIT PASTE
[2017.11.27-08.13.48:005][750]Cmd: EDIT PASTE
[2017.11.27-08.13.50:500][979]Cmd: EDIT PASTE
[2017.11.27-08.14.08:690][602]Cmd: TRANSACTION UNDO
[2017.11.27-08.14.08:690][602]LogEditorTransaction: Undo Move Actors
[2017.11.27-08.14.09:451][632]Cmd: TRANSACTION UNDO
[2017.11.27-08.14.09:451][632]LogEditorTransaction: Undo Move Actors
[2017.11.27-08.14.16:039][174]LogPhysics:Warning: FDerivedDataPhysXCooker::BuildTriMesh: Triangle data from '/Game/Scenes/Scene_01_02.Scene_01_02:PersistentLevel.ModelComponent_15' invalid (640 verts, 0 indices).
[2017.11.27-08.14.16:239][184]Cmd: TRANSACTION UNDO
[2017.11.27-08.14.16:239][184]LogEditorTransaction: Undo Move Actors
[2017.11.27-08.14.16:246][184]LogActorComponent: ~FComponentReregisterContext: (/Game/Scenes/Scene_01_02.Scene_01_02:PersistentLevel.WallBrushLeft.BrushComponent0) Component already registered.
[2017.11.27-08.14.16:247][184]LogActorComponent: ~FComponentReregisterContext: (/Game/Scenes/Scene_01_02.Scene_01_02:PersistentLevel.ChairBrush3.BrushComponent0) Component already registered.
[2017.11.27-08.14.16:265][184]LogPhysics:Warning: FDerivedDataPhysXCooker::BuildTriMesh: Triangle data from '/Game/Scenes/Scene_01_02.Scene_01_02:PersistentLevel.ModelComponent_9' invalid (740 verts, 0 indices).
[2017.11.27-08.14.18:425][323]LogEditorViewport: Clicking on Actor (LMB): Emitter (P_Env_Fire_Grate_4)
[2017.11.27-08.14.20:764][522]LogEditorViewport: Clicking on Actor (LMB): Emitter (P_Env_Fire_Grate_3)
[2017.11.27-08.14.22:921][713]LogEditorViewport: Clicking on Actor (LMB): BP_Sky_Sphere_C (Sky Sphere)
[2017.11.27-08.14.23:354][747]LogEditorViewport: Clicking on Actor (LMB): Emitter (P_Env_Fire_Grate_5)
[2017.11.27-08.14.25:552][943]LogEditorViewport: Clicking on Actor (LMB): Emitter (P_Env_Fire_Grate_4)
[2017.11.27-08.14.30:307][376]LogEditorViewport: Clicking on Actor (LMB): Emitter (P_Env_Fire_Grate_3)
[2017.11.27-08.14.33:545][664]LogEditorViewport: Clicking on Actor (LMB): Emitter (P_Env_Fire_Grate_2)
[2017.11.27-08.14.37:171][990]LogEditorViewport: Clicking on Actor (LMB): Emitter (P_Env_Fire_Grate_01)
[2017.11.27-08.14.53:401][491]LogEditorViewport: Clicking on Actor (LMB): Emitter (P_Env_Fire_Grate_5)
[2017.11.27-08.14.57:001][821]LogEditorViewport: Clicking on Actor (LMB): Emitter (P_Env_Fire_Grate_3)
[2017.11.27-08.14.59:639][ 41]LogEditorViewport: Clicking on Actor (LMB): Emitter (P_Env_Fire_Grate_01)
[2017.11.27-08.15.01:693][233]LogEditorViewport: Clicking on Actor (LMB): Emitter (P_Env_Fire_Grate_2)
[2017.11.27-08.15.22:059][ 17]LogSlate: Took 0.008289 seconds to synchronously load lazily loaded font '../../../Engine/Content/Editor/Slate/Fonts/Roboto-Italic.ttf' (157K)
[2017.11.27-08.17.37:712][365]Cmd: OBJ SAVEPACKAGE PACKAGE="/Game/Animation_Scenes/Scene_01" FILE="../../../../Projects/The_Arsonist/The-Arsonist/Content/Animation_Scenes/Scene_01.uasset" SILENT=true
[2017.11.27-08.17.37:929][365]LogSavePackage: Save=146.36ms
[2017.11.27-08.17.37:929][365]LogSavePackage: Moving '../../../../Projects/The_Arsonist/The-Arsonist/Saved/Scene_01E2C49D174614D6C8460DA799A45C544F.tmp' to '../../../../Projects/The_Arsonist/The-Arsonist/Content/Animation_Scenes/Scene_01.uasset'
[2017.11.27-08.17.37:931][365]LogSavePackage:Display: Finished SavePackage ../../../../Projects/The_Arsonist/The-Arsonist/Content/Animation_Scenes/Scene_01.uasset
[2017.11.27-08.17.44:275][947]LogEditorViewport: Clicking on Actor (LMB): CineCameraActor (Camera_04)
[2017.11.27-08.20.06:826][743]LogEditorViewport: Clicking on Actor (LMB): CineCameraActor (Camera_04)
[2017.11.27-08.20.33:743][555]LogEditorViewport: Clicking on Actor (LMB): Emitter (P_Env_Fire_Grate_2)
[2017.11.27-08.21.24:538][102]LogEditorViewport: Clicking on Actor (LMB): BP_Sky_Sphere_C (Sky Sphere)
[2017.11.27-08.21.25:663][193]LogEditorViewport: Clicking on Actor (LMB): Emitter (P_Env_Fire_Grate_4)
[2017.11.27-08.21.37:678][229]Cmd: TRANSACTION UNDO
[2017.11.27-08.21.37:678][229]LogEditorTransaction: Undo Move Actors
[2017.11.27-08.21.37:680][229]LogActorComponent: ~FComponentReregisterContext: (/Game/Scenes/Scene_01_02.Scene_01_02:PersistentLevel.P_Env_Fire_Grate_4.ParticleSystemComponent0) Component already registered.
[2017.11.27-08.22.01:781][262]LogEditorViewport: Clicking on Actor (LMB): BP_Sky_Sphere_C (Sky Sphere)
[2017.11.27-08.22.07:597][738]LogEditorViewport: Clicking on Actor (LMB): CineCameraActor (Camera_04)
[2017.11.27-08.22.24:407][876]LogEditorViewport: Clicking on Actor (LMB): BP_Sky_Sphere_C (Sky Sphere)
[2017.11.27-08.22.25:351][954]LogEditorViewport: Clicking on Actor (LMB): Emitter (P_Env_Fire_Grate_5)
[2017.11.27-08.22.35:056][790]Cmd: TRANSACTION UNDO
[2017.11.27-08.22.35:056][790]LogEditorTransaction: Undo Add Keys at Current Time
[2017.11.27-08.24.37:222][876]LogEditorViewport: Clicking on Actor (LMB): Emitter (P_Env_Fire_Grate_4)
[2017.11.27-08.24.49:777][ 32]LogEditorViewport: Clicking on Actor (LMB): Emitter (P_Env_Fire_Grate_5)
[2017.11.27-08.25.04:738][364]LogEditorViewport: Clicking on Actor (LMB): CineCameraActor (Camera_04)
[2017.11.27-08.25.26:840][796]LogEditorViewport: Clicking on Actor (LMB): Emitter (P_Env_Fire_Grate_4)
[2017.11.27-08.25.52:080][ 89]LogEditorViewport: Clicking on Actor (LMB): CineCameraActor (Camera_04)
[2017.11.27-08.27.46:018][505]LogEditorViewport: Clicking on Actor (LMB): CineCameraActor (Camera_04)
[2017.11.27-08.29.45:773][648]Cmd: TRANSACTION UNDO
[2017.11.27-08.29.45:773][648]LogEditorTransaction: Undo Scale Actors
[2017.11.27-08.30.49:773][141]Cmd: BRUSH ADD SELECTNEWBRUSH
[2017.11.27-08.30.49:791][141]LogPhysics:Warning: FDerivedDataPhysXCooker::BuildTriMesh: Triangle data from '/Game/Scenes/Scene_01_02.Scene_01_02:PersistentLevel.ModelComponent_31' invalid (764 verts, 0 indices).
[2017.11.27-08.30.54:498][514]LogPhysics:Warning: FDerivedDataPhysXCooker::BuildTriMesh: Triangle data from '/Game/Scenes/Scene_01_02.Scene_01_02:PersistentLevel.ModelComponent_37' invalid (640 verts, 0 indices).
[2017.11.27-08.30.58:388][861]LogPhysics:Warning: FDerivedDataPhysXCooker::BuildTriMesh: Triangle data from '/Game/Scenes/Scene_01_02.Scene_01_02:PersistentLevel.ModelComponent_48' invalid (640 verts, 0 indices).
[2017.11.27-08.31.07:523][660]LogPhysics:Warning: FDerivedDataPhysXCooker::BuildTriMesh: Triangle data from '/Game/Scenes/Scene_01_02.Scene_01_02:PersistentLevel.ModelComponent_59' invalid (640 verts, 0 indices).
[2017.11.27-08.31.07:532][660]LogPhysics:Warning: FDerivedDataPhysXCooker::BuildTriMesh: Triangle data from '/Game/Scenes/Scene_01_02.Scene_01_02:PersistentLevel.ModelComponent_70' invalid (640 verts, 0 indices).
[2017.11.27-08.31.11:157][  1]LogPhysics:Warning: FDerivedDataPhysXCooker::BuildTriMesh: Triangle data from '/Game/Scenes/Scene_01_02.Scene_01_02:PersistentLevel.ModelComponent_81' invalid (640 verts, 0 indices).
[2017.11.27-08.31.11:166][  1]LogPhysics:Warning: FDerivedDataPhysXCooker::BuildTriMesh: Triangle data from '/Game/Scenes/Scene_01_02.Scene_01_02:PersistentLevel.ModelComponent_92' invalid (640 verts, 0 indices).
[2017.11.27-08.31.14:775][311]LogPhysics:Warning: FDerivedDataPhysXCooker::BuildTriMesh: Triangle data from '/Game/Scenes/Scene_01_02.Scene_01_02:PersistentLevel.ModelComponent_103' invalid (656 verts, 0 indices).
[2017.11.27-08.31.19:795][740]LogPhysics:Warning: FDerivedDataPhysXCooker::BuildTriMesh: Triangle data from '/Game/Scenes/Scene_01_02.Scene_01_02:PersistentLevel.ModelComponent_115' invalid (820 verts, 0 indices).
[2017.11.27-08.31.21:827][922]LogPhysics:Warning: FDerivedDataPhysXCooker::BuildTriMesh: Triangle data from '/Game/Scenes/Scene_01_02.Scene_01_02:PersistentLevel.ModelComponent_127' invalid (668 verts, 0 indices).
[2017.11.27-08.31.45:330][ 46]LogEditorViewport: Clicking on Actor (LMB): CineCameraActor (Camera_04)
[2017.11.27-08.32.04:250][220]Cmd: EDIT COPY
[2017.11.27-08.32.05:324][316]Cmd: EDIT PASTE
[2017.11.27-08.32.33:123][750]LogEditorViewport: Clicking on Actor (LMB): CineCameraActor (Camera_04)
[2017.11.27-08.32.51:964][935]LogEditorViewport: Clicking on Actor (LMB): CineCameraActor (Camera_04)
[2017.11.27-08.33.33:344][438]LogMaterial: Missing cached shader map for material Street, compiling. 
[2017.11.27-08.33.34:393][438]LogMaterial: Missing cached shader map for material Street, compiling. 
[2017.11.27-08.33.34:421][438]LogMaterial: Missing cached shader map for material Street, compiling. 
[2017.11.27-08.33.34:499][438]LogSlate: Took 0.011418 seconds to synchronously load lazily loaded font '../../../Engine/Content/Editor/Slate/Fonts/Roboto-BoldCondensed.ttf' (158K)
[2017.11.27-08.33.35:729][479]MaterialEditorStats: Info Base pass shader: 78 instructions
[2017.11.27-08.33.35:729][479]MaterialEditorStats: Info Vertex shader: 29 instructions
[2017.11.27-08.33.35:729][479]MaterialEditorStats: Info Texture samplers: 1/16
[2017.11.27-08.33.47:691][177]LogEditorViewport: Clicking on Actor (LMB): BP_Sky_Sphere_C (Sky Sphere)
[2017.11.27-08.34.06:793][691]LogMaterial: Missing cached shader map for material Street, compiling. 
[2017.11.27-08.34.06:805][691]LogMaterial: Missing cached shader map for material FMatExpressionPreview MaterialExpressionConstant3Vector_0, compiling. 
[2017.11.27-08.34.07:982][751]MaterialEditorStats: Info Base pass shader: 78 instructions
[2017.11.27-08.34.07:982][751]MaterialEditorStats: Info Vertex shader: 29 instructions
[2017.11.27-08.34.07:982][751]MaterialEditorStats: Info Texture samplers: 1/16
[2017.11.27-08.34.13:662][194]LogMaterial: Missing cached shader map for material Street, compiling. 
[2017.11.27-08.34.13:679][194]LogMaterial: Missing cached shader map for material FMatExpressionPreview MaterialExpressionConstant3Vector_0, compiling. 
[2017.11.27-08.34.14:630][237]MaterialEditorStats: Info Base pass shader: 78 instructions
[2017.11.27-08.34.14:630][237]MaterialEditorStats: Info Vertex shader: 29 instructions
[2017.11.27-08.34.14:630][237]MaterialEditorStats: Info Texture samplers: 1/16
[2017.11.27-08.34.15:340][291]LogMaterialEditor: Applying material Street
[2017.11.27-08.34.16:067][291]LogMaterial: Missing cached shader map for material Street, compiling. 
[2017.11.27-08.34.16:115][291]LogMaterial: Missing cached shader map for material Street, compiling. 
[2017.11.27-08.34.16:157][291]LogMaterial: Missing cached shader map for material Street, compiling. 
[2017.11.27-08.34.16:211][291]LogMaterial: Missing cached shader map for material FDebugViewModeMaterialProxy Street, compiling. 
[2017.11.27-08.34.16:793][291]TextureStreamingBuild:Display: Compiling optional shaders took 0.599 seconds.
[2017.11.27-08.34.18:510][390]MaterialEditorStats: Info Base pass shader: 78 instructions
[2017.11.27-08.34.18:510][390]MaterialEditorStats: Info Vertex shader: 29 instructions
[2017.11.27-08.34.18:510][390]MaterialEditorStats: Info Texture samplers: 2/16
[2017.11.27-08.34.31:135][283]LogMaterial: Missing cached shader map for material Street, compiling. 
[2017.11.27-08.34.34:764][554]LogMaterial: Missing cached shader map for material Street, compiling. 
[2017.11.27-08.34.35:650][595]MaterialEditorStats: Info Base pass shader: 78 instructions
[2017.11.27-08.34.35:650][595]MaterialEditorStats: Info Vertex shader: 29 instructions
[2017.11.27-08.34.35:650][595]MaterialEditorStats: Info Texture samplers: 1/16
[2017.11.27-08.34.39:883][964]LogMaterial: Missing cached shader map for material Street, compiling. 
[2017.11.27-08.34.40:798][  8]MaterialEditorStats: Info Base pass shader: 78 instructions
[2017.11.27-08.34.40:799][  8]MaterialEditorStats: Info Vertex shader: 29 instructions
[2017.11.27-08.34.40:799][  8]MaterialEditorStats: Info Texture samplers: 1/16
[2017.11.27-08.34.43:697][240]LogMaterial: Missing cached shader map for material Street, compiling. 
[2017.11.27-08.34.44:580][284]MaterialEditorStats: Info Base pass shader: 78 instructions
[2017.11.27-08.34.44:580][284]MaterialEditorStats: Info Vertex shader: 29 instructions
[2017.11.27-08.34.44:580][284]MaterialEditorStats: Info Texture samplers: 1/16
[2017.11.27-08.34.46:514][421]LogMaterial: Missing cached shader map for material Street, compiling. 
[2017.11.27-08.34.47:424][465]MaterialEditorStats: Info Base pass shader: 83 instructions
[2017.11.27-08.34.47:424][465]MaterialEditorStats: Info Vertex shader: 29 instructions
[2017.11.27-08.34.47:424][465]MaterialEditorStats: Info Texture samplers: 1/16
[2017.11.27-08.34.54:067][971]LogMaterialEditor: Applying material Street
[2017.11.27-08.34.54:665][971]LogMaterial: Missing cached shader map for material Street, compiling. 
[2017.11.27-08.34.54:709][971]LogMaterial: Missing cached shader map for material Street, compiling. 
[2017.11.27-08.34.54:738][971]LogMaterial: Missing cached shader map for material Street, compiling. 
[2017.11.27-08.34.54:780][971]LogMaterial: Missing cached shader map for material FDebugViewModeMaterialProxy Street, compiling. 
[2017.11.27-08.34.55:401][971]TextureStreamingBuild:Display: Compiling optional shaders took 0.629 seconds.
[2017.11.27-08.34.58:098][ 33]MaterialEditorStats: Info Base pass shader: 83 instructions
[2017.11.27-08.34.58:098][ 33]MaterialEditorStats: Info Vertex shader: 29 instructions
[2017.11.27-08.34.58:098][ 33]MaterialEditorStats: Info Texture samplers: 2/16
[2017.11.27-08.35.08:410][767]LogMaterial: Missing cached shader map for material Street, compiling. 
[2017.11.27-08.35.09:345][811]MaterialEditorStats: Info Base pass shader: 83 instructions
[2017.11.27-08.35.09:345][811]MaterialEditorStats: Info Vertex shader: 29 instructions
[2017.11.27-08.35.09:345][811]MaterialEditorStats: Info Texture samplers: 1/16
[2017.11.27-08.35.16:090][316]LogMaterial: Missing cached shader map for material Street, compiling. 
[2017.11.27-08.35.17:043][362]MaterialEditorStats: Info Base pass shader: 83 instructions
[2017.11.27-08.35.17:043][362]MaterialEditorStats: Info Vertex shader: 29 instructions
[2017.11.27-08.35.17:044][362]MaterialEditorStats: Info Texture samplers: 1/16
[2017.11.27-08.35.27:671][162]LogMaterial: Missing cached shader map for material Street, compiling. 
[2017.11.27-08.35.28:609][208]MaterialEditorStats: Info Base pass shader: 83 instructions
[2017.11.27-08.35.28:609][208]MaterialEditorStats: Info Vertex shader: 29 instructions
[2017.11.27-08.35.28:609][208]MaterialEditorStats: Info Texture samplers: 1/16
[2017.11.27-08.35.34:664][686]LogMaterial: Missing cached shader map for material Street, compiling. 
[2017.11.27-08.35.35:679][736]MaterialEditorStats: Info Base pass shader: 83 instructions
[2017.11.27-08.35.35:679][736]MaterialEditorStats: Info Vertex shader: 29 instructions
[2017.11.27-08.35.35:679][736]MaterialEditorStats: Info Texture samplers: 1/16
[2017.11.27-08.35.37:150][848]LogMaterialEditor: Applying material Street
[2017.11.27-08.35.37:735][848]LogMaterial: Missing cached shader map for material Street, compiling. 
[2017.11.27-08.35.37:781][848]LogMaterial: Missing cached shader map for material Street, compiling. 
[2017.11.27-08.35.37:811][848]LogMaterial: Missing cached shader map for material Street, compiling. 
[2017.11.27-08.35.37:856][848]LogMaterial: Missing cached shader map for material FDebugViewModeMaterialProxy Street, compiling. 
[2017.11.27-08.35.38:474][848]TextureStreamingBuild:Display: Compiling optional shaders took 0.626 seconds.
[2017.11.27-08.35.40:118][912]MaterialEditorStats: Info Base pass shader: 83 instructions
[2017.11.27-08.35.40:118][912]MaterialEditorStats: Info Vertex shader: 29 instructions
[2017.11.27-08.35.40:118][912]MaterialEditorStats: Info Texture samplers: 2/16
[2017.11.27-08.35.49:419][594]LogEditorViewport: Clicking on Actor (LMB): CineCameraActor (Camera_04)
[2017.11.27-08.36.20:081][630]Cmd: OBJ SAVEPACKAGE PACKAGE="/Game/Animation_Scenes/Scene_01" FILE="../../../../Projects/The_Arsonist/The-Arsonist/Content/Animation_Scenes/Scene_01.uasset" SILENT=true
[2017.11.27-08.36.20:117][630]LogSavePackage: Save=26.18ms
[2017.11.27-08.36.20:117][630]LogSavePackage: Moving '../../../../Projects/The_Arsonist/The-Arsonist/Saved/Scene_018738623E4274B5D654DE4EB0765DBCD1.tmp' to '../../../../Projects/The_Arsonist/The-Arsonist/Content/Animation_Scenes/Scene_01.uasset'
[2017.11.27-08.36.20:118][630]LogSavePackage:Display: Finished SavePackage ../../../../Projects/The_Arsonist/The-Arsonist/Content/Animation_Scenes/Scene_01.uasset
[2017.11.27-08.37.02:901][658]Cmd: OBJ SAVEPACKAGE PACKAGE="/Game/Scenes/Scene_01_02" FILE="../../../../Projects/The_Arsonist/The-Arsonist/Saved/Autosaves/Game/Scenes/Scene_01_02_Auto1.umap" SILENT=true AUTOSAVING=true KEEPDIRTY=false
[2017.11.27-08.37.03:176][658]LogSavePackage: Save=265.82ms
[2017.11.27-08.37.03:176][658]LogSavePackage: Moving '../../../../Projects/The_Arsonist/The-Arsonist/Saved/Scene_01_02_Auto15194745E4AE89DB99FB308845FC4CA7E.tmp' to '../../../../Projects/The_Arsonist/The-Arsonist/Saved/Autosaves/Game/Scenes/Scene_01_02_Auto1.umap'
[2017.11.27-08.37.03:177][658]LogSavePackage:Display: Finished SavePackage ../../../../Projects/The_Arsonist/The-Arsonist/Saved/Autosaves/Game/Scenes/Scene_01_02_Auto1.umap
[2017.11.27-08.37.03:191][658]LogFileHelpers: Editor autosave (incl. sublevels) for '/Game/Scenes/Scene_01_02' took 0.336
[2017.11.27-08.37.03:191][658]LogFileHelpers: Editor autosave (incl. sublevels) for all levels took 0.336
[2017.11.27-08.37.03:192][658]OBJ SavePackage: Generating thumbnails for [1] asset(s) in package [/Game/Materials2/Street] ([1] browsable assets)...
[2017.11.27-08.37.03:205][658]OBJ SavePackage:     Rendered thumbnail for [Material /Game/Materials2/Street.Street]
[2017.11.27-08.37.03:205][658]OBJ SavePackage: Finished generating thumbnails for package [/Game/Materials2/Street]
[2017.11.27-08.37.03:205][658]Cmd: OBJ SAVEPACKAGE PACKAGE="/Game/Materials2/Street" FILE="../../../../Projects/The_Arsonist/The-Arsonist/Saved/Autosaves/Game/Materials2/Street_Auto1.uasset" SILENT=false AUTOSAVING=true
[2017.11.27-08.37.03:217][658]LogSavePackage: Save=11.40ms
[2017.11.27-08.37.03:218][658]LogSavePackage: Moving '../../../../Projects/The_Arsonist/The-Arsonist/Saved/Street_Auto18661B2454F6BECD1DC0107A8E8B4A693.tmp' to '../../../../Projects/The_Arsonist/The-Arsonist/Saved/Autosaves/Game/Materials2/Street_Auto1.uasset'
[2017.11.27-08.37.03:218][658]LogSavePackage:Display: Finished SavePackage ../../../../Projects/The_Arsonist/The-Arsonist/Saved/Autosaves/Game/Materials2/Street_Auto1.uasset
[2017.11.27-08.37.03:218][658]LogFileHelpers: Auto-saving content packages took 0.027
[2017.11.27-08.37.49:901][531]Cmd: OBJ SAVEPACKAGE PACKAGE="/Game/Scenes/Scene_01_02" FILE="../../../../Projects/The_Arsonist/The-Arsonist/Content/Scenes/Scene_01_02.umap" SILENT=true AUTOSAVING=false KEEPDIRTY=false
[2017.11.27-08.37.50:180][531]LogSavePackage: Save=262.58ms
[2017.11.27-08.37.50:180][531]LogSavePackage: Moving '../../../../Projects/The_Arsonist/The-Arsonist/Saved/Scene_01_029A0570EE40A7A5547B308C98FFB0AF5D.tmp' to '../../../../Projects/The_Arsonist/The-Arsonist/Content/Scenes/Scene_01_02.umap'
[2017.11.27-08.37.50:182][531]LogSavePackage:Display: Finished SavePackage ../../../../Projects/The_Arsonist/The-Arsonist/Content/Scenes/Scene_01_02.umap
[2017.11.27-08.37.50:206][531]Cmd: OBJ SAVEPACKAGE PACKAGE="/Game/Scenes/Scene_01_02_BuiltData" FILE="../../../../Projects/The_Arsonist/The-Arsonist/Content/Scenes/Scene_01_02_BuiltData.uasset" SILENT=true
[2017.11.27-08.37.50:320][531]LogSavePackage: Save=91.80ms
[2017.11.27-08.37.50:320][531]LogSavePackage: Moving '../../../../Projects/The_Arsonist/The-Arsonist/Saved/Scene_01_02_BuiltDataC73F65BD498281203ED1F4BEA2D46C7F.tmp' to '../../../../Projects/The_Arsonist/The-Arsonist/Content/Scenes/Scene_01_02_BuiltData.uasset'
[2017.11.27-08.37.50:321][531]LogSavePackage:Display: Finished SavePackage ../../../../Projects/The_Arsonist/The-Arsonist/Content/Scenes/Scene_01_02_BuiltData.uasset
[2017.11.27-08.38.04:005][375]Cmd: OBJ SAVEPACKAGE PACKAGE="/Game/Scenes/Scene_01_02" FILE="../../../../Projects/The_Arsonist/The-Arsonist/Content/Scenes/Scene_01_02.umap" SILENT=true AUTOSAVING=false KEEPDIRTY=false
[2017.11.27-08.38.04:226][375]LogSavePackage: Save=202.09ms
[2017.11.27-08.38.04:226][375]LogSavePackage: Moving '../../../../Projects/The_Arsonist/The-Arsonist/Saved/Scene_01_0218FA94D0455084C89D49FA9C53E5D208.tmp' to '../../../../Projects/The_Arsonist/The-Arsonist/Content/Scenes/Scene_01_02.umap'
[2017.11.27-08.38.04:227][375]LogSavePackage:Display: Finished SavePackage ../../../../Projects/The_Arsonist/The-Arsonist/Content/Scenes/Scene_01_02.umap
[2017.11.27-08.38.04:245][375]Cmd: OBJ SAVEPACKAGE PACKAGE="/Game/Scenes/Scene_01_02_BuiltData" FILE="../../../../Projects/The_Arsonist/The-Arsonist/Content/Scenes/Scene_01_02_BuiltData.uasset" SILENT=true
[2017.11.27-08.38.04:309][375]LogSavePackage: Save=56.90ms
[2017.11.27-08.38.04:309][375]LogSavePackage: Moving '../../../../Projects/The_Arsonist/The-Arsonist/Saved/Scene_01_02_BuiltData3E73BD834C9DB35BA77C67BF10F1F2C2.tmp' to '../../../../Projects/The_Arsonist/The-Arsonist/Content/Scenes/Scene_01_02_BuiltData.uasset'
[2017.11.27-08.38.04:309][375]LogSavePackage:Display: Finished SavePackage ../../../../Projects/The_Arsonist/The-Arsonist/Content/Scenes/Scene_01_02_BuiltData.uasset
[2017.11.27-08.38.09:995][582]Cmd: OBJ SAVEPACKAGE PACKAGE="/Game/Materials2/Street" FILE="../../../../Projects/The_Arsonist/The-Arsonist/Content/Materials2/Street.uasset" SILENT=true
[2017.11.27-08.38.10:009][582]LogSavePackage: Save=11.99ms
[2017.11.27-08.38.10:009][582]LogSavePackage: Moving '../../../../Projects/The_Arsonist/The-Arsonist/Saved/Street0A2DA6CE4F17C6CC01814B83E972D1A2.tmp' to '../../../../Projects/The_Arsonist/The-Arsonist/Content/Materials2/Street.uasset'
[2017.11.27-08.38.10:010][582]LogSavePackage:Display: Finished SavePackage ../../../../Projects/The_Arsonist/The-Arsonist/Content/Materials2/Street.uasset
[2017.11.27-08.38.10:240][582]LogWindowsTextInputMethodSystem:Display: IME system now deactivated.
[2017.11.27-08.38.10:587][583]Cmd: QUIT_EDITOR
[2017.11.27-08.38.11:199][583]LogExit: Preparing to exit.
[2017.11.27-08.38.12:029][583]LogDirectoryWatcher: A directory notification for 'F:/Unreal/Projects/The_Arsonist/The-Arsonist/Content/' was aborted.
[2017.11.27-08.38.12:132][583]LogExit: Editor shut down
[2017.11.27-08.38.12:157][583]LogExit: Transaction tracking system shut down
[2017.11.27-08.38.12:391][583]LogObj: Freed 0b from 0 cluster array pools.
[2017.11.27-08.38.12:391][583]LogExit: Object subsystem successfully closed.
[2017.11.27-08.38.12:426][583]LogD3D11RHI: Shutdown
[2017.11.27-08.38.12:426][583]LogD3D11RHI: CleanupD3DDevice
[2017.11.27-08.38.12:588][583]LogD3D11RHI: ~FD3D11DynamicRHI
[2017.11.27-08.38.12:596][583]LogModuleManager: Shutting down and abandoning module MaterialEditor (530)
[2017.11.27-08.38.12:596][583]LogModuleManager: Shutting down and abandoning module MovieSceneCapture (528)
[2017.11.27-08.38.12:603][583]LogModuleManager: Shutting down and abandoning module SequencerWidgets (526)
[2017.11.27-08.38.12:603][583]LogModuleManager: Shutting down and abandoning module HierarchicalLODOutliner (524)
[2017.11.27-08.38.12:603][583]LogModuleManager: Shutting down and abandoning module CrashTracker (522)
[2017.11.27-08.38.12:603][583]LogModuleManager: Shutting down and abandoning module SceneOutliner (520)
[2017.11.27-08.38.12:603][583]LogModuleManager: Shutting down and abandoning module AddContentDialog (518)
[2017.11.27-08.38.12:615][583]LogDirectoryWatcher: A directory notification for 'F:/Unreal/UE_4.16/FeaturePacks/' was aborted.
[2017.11.27-08.38.12:621][583]LogModuleManager: Shutting down and abandoning module WidgetCarousel (517)
[2017.11.27-08.38.12:621][583]LogModuleManager: Shutting down and abandoning module EditorWidgets (514)
[2017.11.27-08.38.12:621][583]LogModuleManager: Shutting down and abandoning module CollectionManager (512)
[2017.11.27-08.38.12:621][583]LogDirectoryWatcher: A directory notification for 'F:/Unreal/Projects/The_Arsonist/The-Arsonist/Content/Collections/' was aborted.
[2017.11.27-08.38.12:621][583]LogDirectoryWatcher: A directory notification for 'F:/Unreal/Projects/The_Arsonist/The-Arsonist/Content/Developers/default/Collections/' was aborted.
[2017.11.27-08.38.12:621][583]LogDirectoryWatcher: A directory notification for 'F:/Unreal/Projects/The_Arsonist/The-Arsonist/Saved/Collections/' was aborted.
[2017.11.27-08.38.12:621][583]LogModuleManager: Shutting down and abandoning module StatsViewer (510)
[2017.11.27-08.38.12:621][583]LogModuleManager: Shutting down and abandoning module FoliageEdit (508)
[2017.11.27-08.38.12:621][583]LogModuleManager: Shutting down and abandoning module LandscapeEditor (506)
[2017.11.27-08.38.12:621][583]LogModuleManager: Shutting down and abandoning module MeshPaintMode (504)
[2017.11.27-08.38.12:621][583]LogModuleManager: Shutting down and abandoning module SceneDepthPickerMode (502)
[2017.11.27-08.38.12:621][583]LogModuleManager: Shutting down and abandoning module ActorPickerMode (500)
[2017.11.27-08.38.12:621][583]LogModuleManager: Shutting down and abandoning module GeometryMode (498)
[2017.11.27-08.38.12:621][583]LogModuleManager: Shutting down and abandoning module TextureAlignMode (496)
[2017.11.27-08.38.12:621][583]LogModuleManager: Shutting down and abandoning module BspMode (494)
[2017.11.27-08.38.12:621][583]LogModuleManager: Shutting down and abandoning module HardwareSurvey (492)
[2017.11.27-08.38.12:621][583]LogModuleManager: Shutting down and abandoning module SequenceRecorderSections (490)
[2017.11.27-08.38.12:621][583]LogModuleManager: Shutting down and abandoning module AutomationWorker (488)
[2017.11.27-08.38.12:621][583]LogModuleManager: Shutting down and abandoning module MatineeToLevelSequence (486)
[2017.11.27-08.38.12:621][583]LogModuleManager: Shutting down and abandoning module LevelSequenceEditor (484)
[2017.11.27-08.38.12:621][583]LogModuleManager: Shutting down and abandoning module PlacementMode (483)
[2017.11.27-08.38.12:621][583]LogModuleManager: Shutting down and abandoning module WmfMediaFactory (480)
[2017.11.27-08.38.12:621][583]LogModuleManager: Shutting down and abandoning module WmfMediaEditor (478)
[2017.11.27-08.38.12:621][583]LogModuleManager: Shutting down and abandoning module AvfMediaFactory (476)
[2017.11.27-08.38.12:621][583]LogModuleManager: Shutting down and abandoning module AvfMediaEditor (474)
[2017.11.27-08.38.12:621][583]LogModuleManager: Shutting down and abandoning module AndroidMediaFactory (472)
[2017.11.27-08.38.12:621][583]LogModuleManager: Shutting down and abandoning module Media (471)
[2017.11.27-08.38.12:621][583]LogModuleManager: Shutting down and abandoning module AndroidMediaEditor (468)
[2017.11.27-08.38.12:621][583]LogModuleManager: Shutting down and abandoning module CharacterAI (466)
[2017.11.27-08.38.12:621][583]LogModuleManager: Shutting down and abandoning module AudioCapture (464)
[2017.11.27-08.38.12:622][583]LogModuleManager: Shutting down and abandoning module SequenceRecorder (463)
[2017.11.27-08.38.12:622][583]LogModuleManager: Shutting down and abandoning module SmartSnapping (460)
[2017.11.27-08.38.12:622][583]LogModuleManager: Shutting down and abandoning module SessionServices (458)
[2017.11.27-08.38.12:622][583]LogModuleManager: Shutting down and abandoning module ViewportSnapping (456)
[2017.11.27-08.38.12:622][583]LogModuleManager: Shutting down and abandoning module ViewportInteraction (454)
[2017.11.27-08.38.12:622][583]LogModuleManager: Shutting down and abandoning module ClothPainter (452)
[2017.11.27-08.38.12:622][583]LogModuleManager: Shutting down and abandoning module LogVisualizer (450)
[2017.11.27-08.38.12:622][583]LogModuleManager: Shutting down and abandoning module IntroTutorials (448)
[2017.11.27-08.38.12:629][583]LogModuleManager: Shutting down and abandoning module GameProjectGeneration (447)
[2017.11.27-08.38.12:629][583]LogModuleManager: Shutting down and abandoning module EditorLiveStreaming (444)
[2017.11.27-08.38.12:629][583]LogModuleManager: Shutting down and abandoning module IOSPlatformEditor (442)
[2017.11.27-08.38.12:629][583]LogModuleManager: Shutting down and abandoning module HTML5PlatformEditor (440)
[2017.11.27-08.38.12:629][583]LogModuleManager: Shutting down and abandoning module AndroidPlatformEditor (438)
[2017.11.27-08.38.12:629][583]LogModuleManager: Shutting down and abandoning module AndroidDeviceDetection (437)
[2017.11.27-08.38.13:040][583]LogModuleManager: Shutting down and abandoning module IOSRuntimeSettings (434)
[2017.11.27-08.38.13:040][583]LogModuleManager: Shutting down and abandoning module AndroidRuntimeSettings (432)
[2017.11.27-08.38.13:040][583]LogModuleManager: Shutting down and abandoning module InputBindingEditor (430)
[2017.11.27-08.38.13:040][583]LogModuleManager: Shutting down and abandoning module MergeActors (428)
[2017.11.27-08.38.13:040][583]LogModuleManager: Shutting down and abandoning module SizeMap (426)
[2017.11.27-08.38.13:040][583]LogModuleManager: Shutting down and abandoning module TreeMap (424)
[2017.11.27-08.38.13:040][583]LogModuleManager: Shutting down and abandoning module ReferenceViewer (422)
[2017.11.27-08.38.13:040][583]LogModuleManager: Shutting down and abandoning module LocalizationDashboard (420)
[2017.11.27-08.38.13:040][583]LogModuleManager: Shutting down and abandoning module LocalizationService (419)
[2017.11.27-08.38.13:040][583]LogModuleManager: Shutting down and abandoning module HardwareTargeting (416)
[2017.11.27-08.38.13:040][583]LogModuleManager: Shutting down and abandoning module DeviceProfileEditor (414)
[2017.11.27-08.38.13:040][583]LogModuleManager: Shutting down and abandoning module UndoHistory (412)
[2017.11.27-08.38.13:040][583]LogModuleManager: Shutting down and abandoning module UserFeedback (410)
[2017.11.27-08.38.13:040][583]LogModuleManager: Shutting down and abandoning module XmlParser (408)
[2017.11.27-08.38.13:040][583]LogModuleManager: Shutting down and abandoning module Blutility (406)
[2017.11.27-08.38.13:041][583]LogModuleManager: Shutting down and abandoning module ProjectSettingsViewer (404)
[2017.11.27-08.38.13:041][583]LogModuleManager: Shutting down and abandoning module ProjectTargetPlatformEditor (403)
[2017.11.27-08.38.13:041][583]LogModuleManager: Shutting down and abandoning module EditorSettingsViewer (400)
[2017.11.27-08.38.13:041][583]LogModuleManager: Shutting down and abandoning module SettingsEditor (398)
[2017.11.27-08.38.13:041][583]LogModuleManager: Shutting down and abandoning module ProjectLauncher (396)
[2017.11.27-08.38.13:041][583]LogModuleManager: Shutting down and abandoning module SessionFrontend (394)
[2017.11.27-08.38.13:041][583]LogModuleManager: Shutting down and abandoning module ProfilerClient (392)
[2017.11.27-08.38.13:041][583]LogModuleManager: Shutting down and abandoning module DeviceManager (390)
[2017.11.27-08.38.13:041][583]LogModuleManager: Shutting down and abandoning module TargetDeviceServices (389)
[2017.11.27-08.38.13:094][583]LogModuleManager: Shutting down and abandoning module AutomationController (386)
[2017.11.27-08.38.13:094][583]LogModuleManager: Shutting down and abandoning module AutomationWindow (384)
[2017.11.27-08.38.13:094][583]LogModuleManager: Shutting down and abandoning module Layers (382)
[2017.11.27-08.38.13:094][583]LogModuleManager: Shutting down and abandoning module ComponentVisualizers (380)
[2017.11.27-08.38.13:094][583]LogModuleManager: Shutting down and abandoning module DetailCustomizations (378)
[2017.11.27-08.38.13:094][583]LogModuleManager: Shutting down and abandoning module PackagesDialog (376)
[2017.11.27-08.38.13:095][583]LogModuleManager: Shutting down and abandoning module Persona (374)
[2017.11.27-08.38.13:095][583]LogModuleManager: Shutting down and abandoning module AdvancedPreviewScene (373)
[2017.11.27-08.38.13:095][583]LogModuleManager: Shutting down and abandoning module AnimGraph (371)
[2017.11.27-08.38.13:095][583]LogModuleManager: Shutting down and abandoning module Kismet (368)
[2017.11.27-08.38.13:095][583]LogModuleManager: Shutting down and abandoning module ClassViewer (366)
[2017.11.27-08.38.13:095][583]LogModuleManager: Shutting down and abandoning module Toolbox (364)
[2017.11.27-08.38.13:095][583]LogModuleManager: Shutting down and abandoning module ModuleUI (362)
[2017.11.27-08.38.13:095][583]LogModuleManager: Shutting down and abandoning module MovieSceneTools (360)
[2017.11.27-08.38.13:095][583]LogModuleManager: Shutting down and abandoning module OutputLog (358)
[2017.11.27-08.38.13:095][583]LogModuleManager: Shutting down and abandoning module GammaUI (356)
[2017.11.27-08.38.13:095][583]LogModuleManager: Shutting down and abandoning module Documentation (354)
[2017.11.27-08.38.13:095][583]LogModuleManager: Shutting down and abandoning module MovieSceneTracks (352)
[2017.11.27-08.38.13:095][583]LogModuleManager: Shutting down and abandoning module MovieScene (350)
[2017.11.27-08.38.13:095][583]LogModuleManager: Shutting down and abandoning module Niagara (348)
[2017.11.27-08.38.13:095][583]LogModuleManager: Shutting down and abandoning module NiagaraEditor (347)
[2017.11.27-08.38.13:095][583]LogModuleManager: Shutting down and abandoning module StreamingPauseRendering (344)
[2017.11.27-08.38.13:095][583]LogModuleManager: Shutting down and abandoning module AnalyticsET (342)
[2017.11.27-08.38.13:095][583]LogModuleManager: Shutting down and abandoning module PortalServices (340)
[2017.11.27-08.38.13:095][583]LogModuleManager: Shutting down and abandoning module PortalRpc (338)
[2017.11.27-08.38.13:095][583]LogModuleManager: Shutting down and abandoning module MessagingRpc (336)
[2017.11.27-08.38.13:095][583]LogModuleManager: Shutting down and abandoning module AIModule (334)
[2017.11.27-08.38.13:095][583]LogModuleManager: Shutting down and abandoning module GameplayDebugger (333)
[2017.11.27-08.38.13:095][583]LogModuleManager: Shutting down and abandoning module AITestSuite (331)
[2017.11.27-08.38.13:095][583]LogModuleManager: Shutting down and abandoning module ProfilerService (328)
[2017.11.27-08.38.13:287][583]LogModuleManager: Shutting down and abandoning module TaskGraph (326)
[2017.11.27-08.38.13:287][583]LogModuleManager: Shutting down and abandoning module SteamVRController (324)
[2017.11.27-08.38.13:287][583]LogModuleManager: Shutting down and abandoning module SteamVR (322)
[2017.11.27-08.38.13:287][583]LogModuleManager: Shutting down and abandoning module ProceduralMeshComponentEditor (320)
[2017.11.27-08.38.13:287][583]LogModuleManager: Shutting down and abandoning module ProceduralMeshComponent (318)
[2017.11.27-08.38.13:287][583]LogModuleManager: Shutting down and abandoning module OculusLibrary (316)
[2017.11.27-08.38.13:287][583]LogModuleManager: Shutting down and abandoning module OculusInput (314)
[2017.11.27-08.38.13:287][583]LogModuleManager: Shutting down and abandoning module MobilePatchingUtils (312)
[2017.11.27-08.38.13:287][583]LogModuleManager: Shutting down and abandoning module CustomMeshComponent (310)
[2017.11.27-08.38.13:287][583]LogModuleManager: Shutting down and abandoning module CableComponent (308)
[2017.11.27-08.38.13:287][583]LogModuleManager: Shutting down and abandoning module ArchVisCharacter (306)
[2017.11.27-08.38.13:287][583]LogModuleManager: Shutting down and abandoning module AndroidPermission (304)
[2017.11.27-08.38.13:287][583]LogModuleManager: Shutting down and abandoning module MediaPlayerEditor (300)
[2017.11.27-08.38.13:287][583]LogModuleManager: Shutting down and abandoning module HTML5Networking (298)
[2017.11.27-08.38.13:287][583]LogModuleManager: Shutting down and abandoning module AlembicImporter (296)
[2017.11.27-08.38.13:287][583]LogModuleManager: Shutting down and abandoning module AlembicLibrary (295)
[2017.11.27-08.38.13:287][583]LogModuleManager: Shutting down and abandoning module GeometryCache (294)
[2017.11.27-08.38.13:287][583]LogModuleManager: Shutting down and abandoning module GeometryCacheEd (293)
[2017.11.27-08.38.13:287][583]LogModuleManager: Shutting down and abandoning module SuperSearchEditor (288)
[2017.11.27-08.38.13:288][583]LogModuleManager: Shutting down and abandoning module SuperSearch (287)
[2017.11.27-08.38.13:288][583]LogModuleManager: Shutting down and abandoning module SpeedTreeImporter (284)
[2017.11.27-08.38.13:288][583]LogModuleManager: Shutting down and abandoning module PluginBrowser (282)
[2017.11.27-08.38.13:288][583]LogModuleManager: Shutting down and abandoning module MobileLauncherProfileWizard (280)
[2017.11.27-08.38.13:288][583]LogModuleManager: Shutting down and abandoning module VisualStudioSourceCodeAccess (278)
[2017.11.27-08.38.13:288][583]LogModuleManager: Shutting down and abandoning module DesktopPlatform (277)
[2017.11.27-08.38.13:288][583]LogModuleManager: Shutting down and abandoning module UObjectPlugin (274)
[2017.11.27-08.38.13:288][583]LogModuleManager: Shutting down and abandoning module SubversionSourceControl (272)
[2017.11.27-08.38.13:288][583]LogModuleManager: Shutting down and abandoning module PerforceSourceControl (270)
[2017.11.27-08.38.13:288][583]LogModuleManager: Shutting down and abandoning module GitSourceControl (268)
[2017.11.27-08.38.13:288][583]LogModuleManager: Shutting down and abandoning module SourceControl (267)
[2017.11.27-08.38.13:288][583]LogModuleManager: Shutting down and abandoning module LightPropagationVolumeEditor (264)
[2017.11.27-08.38.13:288][583]LogModuleManager: Shutting down and abandoning module PaperTiledImporter (262)
[2017.11.27-08.38.13:288][583]LogModuleManager: Shutting down and abandoning module PaperSpriteSheetImporter (260)
[2017.11.27-08.38.13:288][583]LogModuleManager: Shutting down and abandoning module Paper2DEditor (258)
[2017.11.27-08.38.13:288][583]LogModuleManager: Shutting down and abandoning module MeshPaint (257)
[2017.11.27-08.38.13:288][583]LogModuleManager: Shutting down and abandoning module LevelEditor (255)
[2017.11.27-08.38.13:289][583]LogModuleManager: Shutting down and abandoning module PixelInspectorModule (254)
[2017.11.27-08.38.13:289][583]LogModuleManager: Shutting down and abandoning module MainFrame (252)
[2017.11.27-08.38.13:289][583]LogModuleManager: Shutting down and abandoning module HotReload (251)
[2017.11.27-08.38.13:289][583]LogModuleManager: Shutting down and abandoning module PhysXVehiclesEditor (246)
[2017.11.27-08.38.13:289][583]LogModuleManager: Shutting down and abandoning module PhysXVehicles (244)
[2017.11.27-08.38.13:289][583]LogModuleManager: Shutting down and abandoning module LocationServicesBPLibrary (242)
[2017.11.27-08.38.13:289][583]LogModuleManager: Shutting down and abandoning module ImmediatePhysicsEditor (240)
[2017.11.27-08.38.13:289][583]LogModuleManager: Shutting down and abandoning module ImmediatePhysics (238)
[2017.11.27-08.38.13:289][583]LogModuleManager: Shutting down and abandoning module UdpMessaging (236)
[2017.11.27-08.38.13:390][583]LogModuleManager: Shutting down and abandoning module TcpMessaging (234)
[2017.11.27-08.38.13:491][583]LogModuleManager: Shutting down and abandoning module GameplayTagsEditor (232)
[2017.11.27-08.38.13:491][583]LogModuleManager: Shutting down and abandoning module FacialAnimationEditor (230)
[2017.11.27-08.38.13:491][583]LogModuleManager: Shutting down and abandoning module FacialAnimation (228)
[2017.11.27-08.38.13:491][583]LogModuleManager: Shutting down and abandoning module AssetManagerEditor (226)
[2017.11.27-08.38.13:491][583]LogModuleManager: Shutting down and abandoning module GraphEditor (225)
[2017.11.27-08.38.13:491][583]LogModuleManager: Shutting down and abandoning module ContentBrowser (223)
[2017.11.27-08.38.13:492][583]LogModuleManager: Shutting down and abandoning module LightPropagationVolumeRuntime (220)
[2017.11.27-08.38.13:492][583]LogModuleManager: Shutting down and abandoning module Paper2D (218)
[2017.11.27-08.38.13:492][583]LogModuleManager: Shutting down and abandoning module WindowsMoviePlayer (216)
[2017.11.27-08.38.13:492][583]LogModuleManager: Shutting down and abandoning module WmfMedia (214)
[2017.11.27-08.38.13:492][583]LogModuleManager: Shutting down and abandoning module ClothingSystemEditor (212)
[2017.11.27-08.38.13:492][583]LogModuleManager: Shutting down and abandoning module ClothingSystemRuntime (210)
[2017.11.27-08.38.13:492][583]LogModuleManager: Shutting down and abandoning module MediaAssets (208)
[2017.11.27-08.38.13:492][583]LogModuleManager: Shutting down and abandoning module GameLiveStreaming (206)
[2017.11.27-08.38.13:492][583]LogModuleManager: Shutting down and abandoning module VREditor (204)
[2017.11.27-08.38.13:492][583]LogModuleManager: Shutting down and abandoning module StringTableEditor (202)
[2017.11.27-08.38.13:492][583]LogModuleManager: Shutting down and abandoning module GameplayTasksEditor (200)
[2017.11.27-08.38.13:492][583]LogModuleManager: Shutting down and abandoning module BehaviorTreeEditor (198)
[2017.11.27-08.38.13:492][583]LogModuleManager: Shutting down and abandoning module FunctionalTesting (196)
[2017.11.27-08.38.13:492][583]LogModuleManager: Shutting down and abandoning module CollisionAnalyzer (194)
[2017.11.27-08.38.13:492][583]LogModuleManager: Shutting down and abandoning module UMG (192)
[2017.11.27-08.38.13:492][583]LogModuleManager: Shutting down and abandoning module UMGEditor (191)
[2017.11.27-08.38.13:492][583]LogModuleManager: Shutting down and abandoning module Sequencer (190)
[2017.11.27-08.38.13:493][583]LogModuleManager: Shutting down and abandoning module AssetTools (188)
[2017.11.27-08.38.13:493][583]LogModuleManager: Shutting down and abandoning module MessageLog (187)
[2017.11.27-08.38.13:493][583]LogModuleManager: Shutting down and abandoning module WorkspaceMenuStructure (186)
[2017.11.27-08.38.13:493][583]LogModuleManager: Shutting down and abandoning module SlateReflector (180)
[2017.11.27-08.38.13:493][583]LogModuleManager: Shutting down and abandoning module Slate (178)
[2017.11.27-08.38.13:493][583]LogModuleManager: Shutting down and abandoning module EditorStyle (176)
[2017.11.27-08.38.13:495][583]LogModuleManager: Shutting down and abandoning module SourceCodeAccess (174)
[2017.11.27-08.38.13:495][583]LogModuleManager: Shutting down and abandoning module HeadMountedDisplay (172)
[2017.11.27-08.38.13:495][583]LogModuleManager: Shutting down and abandoning module XAudio2 (170)
[2017.11.27-08.38.13:495][583]LogModuleManager: Shutting down and abandoning module Networking (168)
[2017.11.27-08.38.13:495][583]LogModuleManager: Shutting down and abandoning module Core (164)
[2017.11.27-08.38.13:495][583]LogModuleManager: Shutting down and abandoning module AssetRegistry (162)
[2017.11.27-08.38.13:576][583]LogDirectoryWatcher: A directory notification for '../../../Engine/Content/' was aborted.
[2017.11.27-08.38.13:576][583]LogDirectoryWatcher: A directory notification for '../../../../Projects/The_Arsonist/The-Arsonist/Content/' was aborted.
[2017.11.27-08.38.13:576][583]LogDirectoryWatcher: A directory notification for '../../../Engine/Plugins/2D/Paper2D/Content/' was aborted.
[2017.11.27-08.38.13:576][583]LogDirectoryWatcher: A directory notification for '../../../Engine/Plugins/Runtime/GearVR/Content/' was aborted.
[2017.11.27-08.38.13:581][583]LogModuleManager: Shutting down and abandoning module DirectoryWatcher (161)
[2017.11.27-08.38.13:585][583]LogModuleManager: Shutting down and abandoning module KismetCompiler (158)
[2017.11.27-08.38.13:585][583]LogModuleManager: Shutting down and abandoning module LevelSequence (156)
[2017.11.27-08.38.13:585][583]LogModuleManager: Shutting down and abandoning module PhysXFormats (154)
[2017.11.27-08.38.13:585][583]LogModuleManager: Shutting down and abandoning module MeshUtilities (152)
[2017.11.27-08.38.13:585][583]LogModuleManager: Shutting down and abandoning module SimplygonSwarm (151)
[2017.11.27-08.38.13:585][583]LogModuleManager: Shutting down and abandoning module SimplygonMeshReduction (149)
[2017.11.27-08.38.13:585][583]LogModuleManager: Shutting down and abandoning module QuadricMeshReduction (147)
[2017.11.27-08.38.13:585][583]LogModuleManager: Shutting down and abandoning module DerivedDataCache (144)
[2017.11.27-08.38.13:628][583]LogDerivedDataCache: Shutdown
[2017.11.27-08.38.13:628][583]LogModuleManager: Shutting down and abandoning module TargetPlatform (142)
[2017.11.27-08.38.13:628][583]LogModuleManager: Shutting down and abandoning module VulkanShaderFormat (141)
[2017.11.27-08.38.13:628][583]LogModuleManager: Shutting down and abandoning module ShaderFormatVectorVM (139)
[2017.11.27-08.38.13:628][583]LogModuleManager: Shutting down and abandoning module ShaderFormatOpenGL (137)
[2017.11.27-08.38.13:628][583]LogModuleManager: Shutting down and abandoning module ShaderFormatD3D (135)
[2017.11.27-08.38.13:628][583]LogModuleManager: Shutting down and abandoning module MetalShaderFormat (133)
[2017.11.27-08.38.13:628][583]LogModuleManager: Shutting down and abandoning module TextureFormatUncompressed (131)
[2017.11.27-08.38.13:628][583]LogModuleManager: Shutting down and abandoning module TextureFormatPVR (129)
[2017.11.27-08.38.13:628][583]LogModuleManager: Shutting down and abandoning module TextureFormatDXT (127)
[2017.11.27-08.38.13:628][583]LogModuleManager: Shutting down and abandoning module TextureFormatIntelISPCTexComp (125)
[2017.11.27-08.38.13:629][583]LogModuleManager: Shutting down and abandoning module TextureFormatASTC (123)
[2017.11.27-08.38.13:629][583]LogModuleManager: Shutting down and abandoning module ImageWrapper (122)
[2017.11.27-08.38.13:629][583]LogModuleManager: Shutting down and abandoning module TextureFormatAndroid (119)
[2017.11.27-08.38.13:629][583]LogModuleManager: Shutting down and abandoning module AudioFormatOpus (117)
[2017.11.27-08.38.13:629][583]LogModuleManager: Shutting down and abandoning module AudioFormatOgg (115)
[2017.11.27-08.38.13:629][583]LogModuleManager: Shutting down and abandoning module AudioFormatADPCM (113)
[2017.11.27-08.38.13:629][583]LogModuleManager: Shutting down and abandoning module LinuxTargetPlatform (111)
[2017.11.27-08.38.13:629][583]LogModuleManager: Shutting down and abandoning module LinuxServerTargetPlatform (109)
[2017.11.27-08.38.13:629][583]LogModuleManager: Shutting down and abandoning module LinuxNoEditorTargetPlatform (107)
[2017.11.27-08.38.13:629][583]LogModuleManager: Shutting down and abandoning module LinuxClientTargetPlatform (105)
[2017.11.27-08.38.13:629][583]LogModuleManager: Shutting down and abandoning module TVOSTargetPlatform (103)
[2017.11.27-08.38.13:629][583]LogModuleManager: Shutting down and abandoning module Messaging (101)
[2017.11.27-08.38.13:629][583]LogModuleManager: Shutting down and abandoning module IOSTargetPlatform (99)
[2017.11.27-08.38.13:629][583]LogModuleManager: Shutting down and abandoning module HTML5TargetPlatform (97)
[2017.11.27-08.38.13:629][583]LogModuleManager: Shutting down and abandoning module Android_PVRTCTargetPlatform (95)
[2017.11.27-08.38.13:629][583]LogModuleManager: Shutting down and abandoning module Android_MultiTargetPlatform (93)
[2017.11.27-08.38.13:629][583]LogModuleManager: Shutting down and abandoning module Android_ETC2TargetPlatform (91)
[2017.11.27-08.38.13:629][583]LogModuleManager: Shutting down and abandoning module Android_ETC1TargetPlatform (89)
[2017.11.27-08.38.13:629][583]LogModuleManager: Shutting down and abandoning module Android_DXTTargetPlatform (87)
[2017.11.27-08.38.13:629][583]LogModuleManager: Shutting down and abandoning module Android_ATCTargetPlatform (85)
[2017.11.27-08.38.13:629][583]LogModuleManager: Shutting down and abandoning module Android_ASTCTargetPlatform (83)
[2017.11.27-08.38.13:629][583]LogModuleManager: Shutting down and abandoning module AndroidTargetPlatform (81)
[2017.11.27-08.38.13:629][583]LogModuleManager: Shutting down and abandoning module WindowsTargetPlatform (79)
[2017.11.27-08.38.13:629][583]LogModuleManager: Shutting down and abandoning module WindowsServerTargetPlatform (77)
[2017.11.27-08.38.13:629][583]LogModuleManager: Shutting down and abandoning module WindowsNoEditorTargetPlatform (75)
[2017.11.27-08.38.13:629][583]LogModuleManager: Shutting down and abandoning module WindowsClientTargetPlatform (73)
[2017.11.27-08.38.13:629][583]LogModuleManager: Shutting down and abandoning module MacTargetPlatform (71)
[2017.11.27-08.38.13:629][583]LogModuleManager: Shutting down and abandoning module MacServerTargetPlatform (69)
[2017.11.27-08.38.13:629][583]LogModuleManager: Shutting down and abandoning module MacNoEditorTargetPlatform (67)
[2017.11.27-08.38.13:629][583]LogModuleManager: Shutting down and abandoning module MacClientTargetPlatform (65)
[2017.11.27-08.38.13:629][583]LogModuleManager: Shutting down and abandoning module AllDesktopTargetPlatform (63)
[2017.11.27-08.38.13:629][583]LogModuleManager: Shutting down and abandoning module InputCore (60)
[2017.11.27-08.38.13:629][583]LogModuleManager: Shutting down and abandoning module Settings (58)
[2017.11.27-08.38.13:629][583]LogModuleManager: Shutting down and abandoning module OculusRift (56)
[2017.11.27-08.38.13:629][583]LogModuleManager: Shutting down and abandoning module GearVRController (54)
[2017.11.27-08.38.13:629][583]LogModuleManager: Shutting down and abandoning module GearVR (52)
[2017.11.27-08.38.13:629][583]LogModuleManager: Shutting down and abandoning module ExampleDeviceProfileSelector (50)
[2017.11.27-08.38.13:630][583]LogModuleManager: Shutting down and abandoning module OnlineBlueprintSupport (48)
[2017.11.27-08.38.13:630][583]LogModuleManager: Shutting down and abandoning module OnlineSubsystem (44)
[2017.11.27-08.38.13:630][583]LogOnline:Display: Unloading online subsystem: NULL
[2017.11.27-08.38.13:630][583]LogModuleManager: Shutting down and abandoning module XMPP (43)
[2017.11.27-08.38.13:630][583]LogModuleManager: Shutting down and abandoning module HTTP (41)
[2017.11.27-08.38.13:630][583]LogHttp:Display: Http module shutting down, but needs to wait on 1 outstanding Http requests:
[2017.11.27-08.38.13:630][583]LogHttp:Display: 	verb=[POST] url=[https://datarouter.ol.epicgames.com/datarouter/api/v1/public/data?SessionID=%7B69AE0E86-4286-3995-7816-61934F5C1CE6%7D&AppID=UEEditor.Rocket.Release&AppVersion=4.16.3-3561208%2B%2B%2BUE4%2BRelease-4.16&UserID=77a9eb4f462cfdf02b7f6988945b7494%7C678323adc543409c9e4b9a2089a91c33%7C80bd5cb6-d69c-4264-8e08-a361daa0d06d&AppEnvironment=datacollector-binary&UploadType=eteventstream] status=Processing
[2017.11.27-08.38.13:658][583]LogModuleManager: Shutting down and abandoning module SSL (40)
[2017.11.27-08.38.13:659][583]LogModuleManager: Shutting down and abandoning module HTTPChunkInstaller (36)
[2017.11.27-08.38.13:659][583]LogModuleManager: Shutting down and abandoning module AnimationModifiers (34)
[2017.11.27-08.38.13:659][583]LogModuleManager: Shutting down and abandoning module PropertyEditor (33)
[2017.11.27-08.38.13:660][583]LogModuleManager: Shutting down and abandoning module AudioEditor (30)
[2017.11.27-08.38.13:660][583]LogModuleManager: Shutting down and abandoning module TextureCompressor (28)
[2017.11.27-08.38.13:660][583]LogModuleManager: Shutting down and abandoning module ShaderCore (26)
[2017.11.27-08.38.13:660][583]LogModuleManager: Shutting down and abandoning module Landscape (24)
[2017.11.27-08.38.13:660][583]LogModuleManager: Shutting down and abandoning module SlateRHIRenderer (22)
[2017.11.27-08.38.13:662][583]LogModuleManager: Shutting down and abandoning module OpenGLDrv (20)
[2017.11.27-08.38.13:662][583]LogModuleManager: Shutting down and abandoning module D3D11RHI (18)
[2017.11.27-08.38.13:662][583]LogModuleManager: Shutting down and abandoning module AnimGraphRuntime (16)
[2017.11.27-08.38.13:662][583]LogModuleManager: Shutting down and abandoning module Renderer (14)
[2017.11.27-08.38.13:662][583]LogModuleManager: Shutting down and abandoning module Engine (12)
[2017.11.27-08.38.13:662][583]LogModuleManager: Shutting down and abandoning module CoreUObject (10)
[2017.11.27-08.38.13:662][583]LogModuleManager: Shutting down and abandoning module NetworkFile (8)
[2017.11.27-08.38.13:662][583]LogModuleManager: Shutting down and abandoning module StreamingFile (6)
[2017.11.27-08.38.13:662][583]LogModuleManager: Shutting down and abandoning module SandboxFile (4)
[2017.11.27-08.38.13:662][583]LogModuleManager: Shutting down and abandoning module PakFile (2)
[2017.11.27-08.38.13:663][583]LogExit: Exiting.
[2017.11.27-08.38.13:676][583]Log file closed, 11/27/17 01:38:13
