Log file open, 11/05/17 15:03:43
LogInit:Display: Running engine for game: The_Arsonist
LogPlatformFile: Not using cached read wrapper
LogInit:Display: RandInit(1005400365) SRandInit(1005400365).
LogTaskGraph: Started task graph with 5 named threads and 8 total threads with 1 sets of task threads.
LogStats: Stats thread started at 0.091171
LogInit: Using libcurl 7.47.1
LogInit:  - built for x86_64-pc-win32
LogInit:  - supports SSL with OpenSSL/1.0.2g
LogInit:  - supports HTTP deflate (compression) using libz 1.2.8
LogInit:  - other features:
LogInit:      CURL_VERSION_SSL
LogInit:      CURL_VERSION_LIBZ
LogInit:      CURL_VERSION_IPV6
LogInit:      CURL_VERSION_ASYNCHDNS
LogInit:      CURL_VERSION_LARGEFILE
LogInit:      CURL_VERSION_IDN
LogInit:  CurlRequestOptions (configurable via config and command line):
LogInit:  - bVerifyPeer = false  - Libcurl will NOT verify peer certificate
LogInit:  - bUseHttpProxy = false  - Libcurl will NOT use HTTP proxy
LogInit:  - bDontReuseConnections = false  - Libcurl will reuse connections
LogInit:  - CertBundlePath = nullptr  - Libcurl will use whatever was configured at build time.
LogInit: Build: ++UE4+Release-4.16-CL-3561208
LogInit: Engine Version: 4.16.3-3561208+++UE4+Release-4.16
LogInit: Compatible Engine Version: 4.16.0-3452394+++UE4+Release-4.16
LogInit: Net CL: 3452394
LogDevObjectVersion: Number of dev versions registered: 16
LogDevObjectVersion:   Dev-Blueprints (B0D832E4-1F89-4F0D-ACCF-7EB736FD4AA2): 9
LogDevObjectVersion:   Dev-Build (E1C64328-A22C-4D53-A36C-8E866417BD8C): 0
LogDevObjectVersion:   Dev-Core (375EC13C-06E4-48FB-B500-84F0262A717E): 2
LogDevObjectVersion:   Dev-Editor (E4B068ED-F494-42E9-A231-DA0B2E46BB41): 17
LogDevObjectVersion:   Dev-Framework (CFFC743F-43B0-4480-9391-14DF171D2073): 23
LogDevObjectVersion:   Dev-Mobile (B02B49B5-BB20-44E9-A304-32B752E40360): 0
LogDevObjectVersion:   Dev-Networking (A4E4105C-59A1-49B5-A7C5-40C4547EDFEE): 0
LogDevObjectVersion:   Dev-Online (39C831C9-5AE6-47DC-9A44-9C173E1C8E7C): 0
LogDevObjectVersion:   Dev-Physics (78F01B33-EBEA-4F98-B9B4-84EACCB95AA2): 0
LogDevObjectVersion:   Dev-Platform (6631380F-2D4D-43E0-8009-CF276956A95A): 0
LogDevObjectVersion:   Dev-Rendering (12F88B9F-8875-4AFC-A67C-D90C383ABD29): 15
LogDevObjectVersion:   Dev-Sequencer (7B5AE74C-D270-4C10-A958-57980B212A5A): 4
LogDevObjectVersion:   Dev-VR (D7296918-1DD6-4BDD-9DE2-64A83CC13884): 0
LogDevObjectVersion:   Dev-LoadTimes (C2A15278-BFE7-4AFE-6C17-90FF531DF755): 1
LogDevObjectVersion:   Private-Geometry (6EACA3D4-40EC-4CC1-B786-8BED09428FC5): 1
LogDevObjectVersion:   Dev-AnimPhys (29E575DD-E0A3-4627-9D10-D276232CDCEA): 3
LogInit: Compiled (64-bit): Jul 28 2017 11:49:47
LogInit: Compiled with Visual C++: 19.00.24215.01
LogInit: Build Configuration: Development
LogInit: Branch Name: ++UE4+Release-4.16
LogInit: Command line:  
LogInit: Base directory: F:/Unreal/UE_4.16/Engine/Binaries/Win64/
LogInit: Installed Engine Build: 1
LogInit: Presizing for max 8388607 objects, including 0 objects not considered by GC, pre-allocating 0 bytes for permanent pool.
LogInit: Object subsystem initialized
[2017.11.05-22.03.43:708][  0]LogInit: Selected Device Profile: [Windows]
[2017.11.05-22.03.43:708][  0]LogInit: Applying CVar settings loaded from the selected device profile: [Windows]
[2017.11.05-22.03.43:730][  0]LogInit: Computer: SPAGHETTI
[2017.11.05-22.03.43:730][  0]LogInit: User: default
[2017.11.05-22.03.43:730][  0]LogInit: CPU Page size=4096, Cores=4
[2017.11.05-22.03.43:730][  0]LogInit: High frequency timer resolution =3.429153 MHz
[2017.11.05-22.03.43:730][  0]LogMemory: Memory total: Physical=16.0GB (16GB approx)
[2017.11.05-22.03.43:730][  0]LogMemory: Platform Memory Stats for Windows
[2017.11.05-22.03.43:730][  0]LogMemory: Process Physical Memory: 271.76 MB used, 271.76 MB peak
[2017.11.05-22.03.43:730][  0]LogMemory: Process Virtual Memory: 261.43 MB used, 261.43 MB peak
[2017.11.05-22.03.43:730][  0]LogMemory: Physical Memory: 6970.92 MB used,  9380.21 MB free, 16351.14 MB total
[2017.11.05-22.03.43:730][  0]LogMemory: Virtual Memory: 638.35 MB used,  9380.21 MB free, 134217728.00 MB total
[2017.11.05-22.03.43:793][  0]LogInit: Using OS detected language (en-US).
[2017.11.05-22.03.43:793][  0]LogInit: Using OS detected locale (en-US).
[2017.11.05-22.03.43:796][  0]LogTextLocalizationManager: No specific localization for 'en-US' exists, so the 'en' localization will be used.
[2017.11.05-22.03.44:664][  0]LogD3D11RHI: D3D11 adapters:
[2017.11.05-22.03.44:704][  0]LogD3D11RHI:    0. 'NVIDIA GeForce GTX 1060 6GB' (Feature Level 11_0)
[2017.11.05-22.03.44:704][  0]LogD3D11RHI:       6064/0/8175 MB DedicatedVideo/DedicatedSystem/SharedSystem, Outputs:1, VendorId:0x10de
[2017.11.05-22.03.44:706][  0]LogD3D11RHI:    1. 'Microsoft Basic Render Driver' (Feature Level 11_0)
[2017.11.05-22.03.44:706][  0]LogD3D11RHI:       0/0/8175 MB DedicatedVideo/DedicatedSystem/SharedSystem, Outputs:0, VendorId:0x1414
[2017.11.05-22.03.44:706][  0]LogD3D11RHI: Chosen D3D11 Adapter: 0
[2017.11.05-22.03.44:709][  0]LogD3D11RHI: Creating new Direct3DDevice
[2017.11.05-22.03.44:709][  0]LogD3D11RHI:     GPU DeviceId: 0x1c03 (for the marketing name, search the web for "GPU Device Id")
[2017.11.05-22.03.44:709][  0]LogWindows: EnumDisplayDevices:
[2017.11.05-22.03.44:710][  0]LogWindows:    0. 'NVIDIA GeForce GTX 1060 6GB' (P:1 D:1)
[2017.11.05-22.03.44:710][  0]LogWindows:    1. 'NVIDIA GeForce GTX 1060 6GB' (P:0 D:0)
[2017.11.05-22.03.44:710][  0]LogWindows:    2. 'NVIDIA GeForce GTX 1060 6GB' (P:0 D:0)
[2017.11.05-22.03.44:710][  0]LogWindows:    3. 'NVIDIA GeForce GTX 1060 6GB' (P:0 D:0)
[2017.11.05-22.03.44:710][  0]LogWindows: DebugString: FoundDriverCount:4 
[2017.11.05-22.03.44:710][  0]LogD3D11RHI:     Adapter Name: NVIDIA GeForce GTX 1060 6GB
[2017.11.05-22.03.44:710][  0]LogD3D11RHI:   Driver Version: 388.00 (internal:23.21.13.8800, unified:388.00)
[2017.11.05-22.03.44:710][  0]LogD3D11RHI:      Driver Date: 10-12-2017
[2017.11.05-22.03.44:710][  0]LogRHI: Texture pool is 1361 MB (70% of 1945 MB)
[2017.11.05-22.03.44:735][  0]LogD3D11RHI: Async texture creation enabled
[2017.11.05-22.03.44:745][  0]LogD3D11RHI: GPU Timing Frequency: 1000.000000 (Debug: 2 1)
[2017.11.05-22.03.44:747][  0]LogShaderCompilers: Guid format shader working directory is 12 characters bigger than the processId version (../../../../Projects/The_Arsonist/The-Arsonist/Intermediate/Shaders/WorkingDirectory/19004/).
[2017.11.05-22.03.44:747][  0]LogShaderCompilers: Cleaned the shader compiler working directory 'C:/Users/default.default-PC/AppData/Local/Temp/UnrealShaderWorkingDir/52F192D541412E5B523677BE1EC5B421/'.
[2017.11.05-22.03.44:747][  0]LogShaderCompilers:Display: Using Local Shader Compiler.
[2017.11.05-22.03.45:811][  0]LogTemp:Display: Loaded TP AllDesktopTargetPlatform
[2017.11.05-22.03.45:857][  0]LogTemp:Display: Loaded TP MacClientTargetPlatform
[2017.11.05-22.03.45:901][  0]LogTemp:Display: Loaded TP MacNoEditorTargetPlatform
[2017.11.05-22.03.45:947][  0]LogTemp:Display: Loaded TP MacServerTargetPlatform
[2017.11.05-22.03.45:994][  0]LogTemp:Display: Loaded TP MacTargetPlatform
[2017.11.05-22.03.46:041][  0]LogTemp:Display: Loaded TP WindowsClientTargetPlatform
[2017.11.05-22.03.46:087][  0]LogTemp:Display: Loaded TP WindowsNoEditorTargetPlatform
[2017.11.05-22.03.46:151][  0]LogTemp:Display: Loaded TP WindowsServerTargetPlatform
[2017.11.05-22.03.46:197][  0]LogTemp:Display: Loaded TP WindowsTargetPlatform
[2017.11.05-22.03.46:240][  0]LogTemp:Display: Loaded TP AndroidTargetPlatform
[2017.11.05-22.03.46:284][  0]LogTemp:Display: Loaded TP Android_ASTCTargetPlatform
[2017.11.05-22.03.46:329][  0]LogTemp:Display: Loaded TP Android_ATCTargetPlatform
[2017.11.05-22.03.46:395][  0]LogTemp:Display: Loaded TP Android_DXTTargetPlatform
[2017.11.05-22.03.46:443][  0]LogTemp:Display: Loaded TP Android_ETC1TargetPlatform
[2017.11.05-22.03.46:492][  0]LogTemp:Display: Loaded TP Android_ETC2TargetPlatform
[2017.11.05-22.03.46:583][  0]LogTemp:Display: Loaded TP Android_MultiTargetPlatform
[2017.11.05-22.03.46:583][  0]LogTemp:Display: Loaded TP Android_PVRTCTargetPlatform
[2017.11.05-22.03.46:616][  0]LogTemp:Display: Loaded TP HTML5TargetPlatform
[2017.11.05-22.03.46:702][  0]LogTemp:Display: Loaded TP IOSTargetPlatform
[2017.11.05-22.03.46:730][  0]LogTemp:Display: Loaded TP TVOSTargetPlatform
[2017.11.05-22.03.46:775][  0]LogTemp:Display: Loaded TP LinuxClientTargetPlatform
[2017.11.05-22.03.46:821][  0]LogTemp:Display: Loaded TP LinuxNoEditorTargetPlatform
[2017.11.05-22.03.46:865][  0]LogTemp:Display: Loaded TP LinuxServerTargetPlatform
[2017.11.05-22.03.46:909][  0]LogTemp:Display: Loaded TP LinuxTargetPlatform
[2017.11.05-22.03.46:909][  0]LogTargetPlatformManager:Display: Building Assets For Windows
[2017.11.05-22.03.47:343][  0]LogDerivedDataCache:Display: Max Cache Size: 512 MB
[2017.11.05-22.03.47:422][  0]LogDerivedDataCache: Loaded boot cache 0.08s 90MB C:/Users/default.default-PC/AppData/Local/UnrealEngine/4.16/DerivedDataCache/Boot.ddc.
[2017.11.05-22.03.47:422][  0]LogDerivedDataCache:Display: Loaded Boot cache: C:/Users/default.default-PC/AppData/Local/UnrealEngine/4.16/DerivedDataCache/Boot.ddc
[2017.11.05-22.03.47:422][  0]LogDerivedDataCache: FDerivedDataBackendGraph:  Pak pak cache file ../../../../Projects/The_Arsonist/The-Arsonist/DerivedDataCache/DDC.ddp not found, will not use a pak cache.
[2017.11.05-22.03.47:422][  0]LogDerivedDataCache: Unable to find inner node Pak for hierarchical cache Hierarchy.
[2017.11.05-22.03.47:422][  0]LogDerivedDataCache: FDerivedDataBackendGraph:  CompressedPak pak cache file ../../../../Projects/The_Arsonist/The-Arsonist/DerivedDataCache/Compressed.ddp not found, will not use a pak cache.
[2017.11.05-22.03.47:422][  0]LogDerivedDataCache: Unable to find inner node CompressedPak for hierarchical cache Hierarchy.
[2017.11.05-22.03.47:439][  0]LogDerivedDataCache:Display: Pak cache opened for reading ../../../Engine/DerivedDataCache/Compressed.ddp.
[2017.11.05-22.03.47:450][  0]LogDerivedDataCache: Using Local data cache path C:/Users/default.default-PC/AppData/Local/UnrealEngine/Common/DerivedDataCache: Writable
[2017.11.05-22.03.47:461][  0]LogMaterial: Verifying Global Shaders for PCD3D_SM5
[2017.11.05-22.03.47:461][  0]LogSlate: Using Freetype 2.6.0
[2017.11.05-22.03.47:461][  0]LogSlate: SlateFontCache - WITH_FREETYPE: 1, WITH_HARFBUZZ: 1
[2017.11.05-22.03.47:461][  0]LogSlate: SlateFontCache - WITH_FREETYPE: 1, WITH_HARFBUZZ: 1
[2017.11.05-22.03.47:813][  0]LogInit: Selected Device Profile: [Windows]
[2017.11.05-22.03.47:877][  0]LogContentStreaming: Texture pool size is 0.00 MB
[2017.11.05-22.03.48:030][  0]LogMeshUtilities: Using QuadricMeshReduction for automatic static mesh reduction
[2017.11.05-22.03.48:068][  0]LogSimplygon: Simplygon DLL not present - disabling.
[2017.11.05-22.03.48:111][  0]LogMeshUtilities: Using SimplygonSwarm for distributed automatic mesh merging
[2017.11.05-22.03.48:111][  0]LogMeshUtilities: No automatic skeletal mesh reduction module available
[2017.11.05-22.03.48:111][  0]LogMeshUtilities: No automatic mesh merging module available
[2017.11.05-22.03.48:643][  0]LogNetVersion: The_Arsonist , NetCL: 3452394, EngineNetVer: 2, GameNetVer: 0 (Checksum: 1174752045)
[2017.11.05-22.03.48:703][  0]LogAssetRegistry: FAssetRegistry took 0.0254 seconds to start up
[2017.11.05-22.03.48:757][  0]LogPackageLocalizationCache: Processed 4 localized package path(s) for 2 prioritized culture(s) in 0.035073 seconds
[2017.11.05-22.03.48:763][  0]LogUObjectArray: 34194 objects as part of root set at end of initial load.
[2017.11.05-22.03.48:763][  0]LogUObjectAllocator: 7260416 out of 0 bytes used by permanent object pool.
[2017.11.05-22.03.48:763][  0]LogUObjectArray: CloseDisregardForGC: 0/0 objects in disregard for GC pool
[2017.11.05-22.03.48:821][  0]LogInit: WinSock: version 1.1 (2.2), MaxSocks=32767, MaxUdp=65467
[2017.11.05-22.03.50:972][  0]LogTcpMessaging: Initializing TcpMessaging bridge
[2017.11.05-22.03.51:010][  0]LogUdpMessaging: Initializing bridge on interface 0.0.0.0:0 to multicast group 230.0.0.1:6666.
[2017.11.05-22.03.51:480][  0]LogMaterial: Uniform references updated for custom material expression Custom.
[2017.11.05-22.03.51:850][  0]SourceControl: Info Source control is disabled
[2017.11.05-22.03.51:852][  0]SourceControl: Info Source control is disabled
[2017.11.05-22.03.51:893][  0]SourceControl: Info Source control is disabled
[2017.11.05-22.03.51:933][  0]SourceControl: Info Source control is disabled
[2017.11.05-22.03.52:525][  0]LogAndroidPermission: UAndroidPermissionCallbackProxy::GetInstance
[2017.11.05-22.03.53:046][  0]LogEngine: Initializing Engine...
[2017.11.05-22.03.53:053][  0]LogHMD: Failed to initialize OpenVR with code 108
[2017.11.05-22.03.53:245][  0]LogStats: UGameplayTagsManager::ConstructGameplayTagTree: Construct from data asset -  0.000 s
[2017.11.05-22.03.53:245][  0]LogStats: UGameplayTagsManager::ConstructGameplayTagTree: GameplayTagTreeChangedEvent.Broadcast -  0.000 s
[2017.11.05-22.03.53:354][  0]LogAIModule: Creating AISystem for world Untitled
[2017.11.05-22.03.53:361][  0]LogInit: XAudio2 using 'Headset Earphone (Corsair VOID Surround USB Sound Adapter)' : 6 channels at 48 kHz using 16 bits per sample (channel mask 0x3f)
[2017.11.05-22.03.53:495][  0]LogInit: FAudioDevice initialized.
[2017.11.05-22.03.53:539][  0]LogDerivedDataCache: Saved boot cache 0.04s 90MB C:/Users/default.default-PC/AppData/Local/UnrealEngine/4.16/DerivedDataCache/Boot.ddc.
[2017.11.05-22.03.53:549][  0]LogInit: Texture streaming: Enabled
[2017.11.05-22.03.53:638][  0]LogEngineSessionManager: EngineSessionManager initialized
[2017.11.05-22.03.53:822][  0]LogInit: Transaction tracking system initialized
[2017.11.05-22.03.54:085][  0]BlueprintLog: New page: Editor Load
[2017.11.05-22.03.54:893][  0]LocalizationService: Info Localization service is disabled
[2017.11.05-22.03.55:738][  0]LogConsoleResponse:Display: 
[2017.11.05-22.03.55:877][  0]LogCook:Display: Max memory allowance for cook 16384mb min free memory 0mb
[2017.11.05-22.03.55:877][  0]LogCook:Display: Mobile HDR setting 1
[2017.11.05-22.03.56:007][  0]LogFileCache: Scanning file cache for directory 'F:/Unreal/Projects/The_Arsonist/The-Arsonist/Content/' took 0.01s
[2017.11.05-22.03.56:778][  0]SourceControl: Info Source control is disabled
[2017.11.05-22.03.56:778][  0]Cmd: MAP LOAD FILE="../../../Engine/Content/Maps/Templates/Template_Default.umap" TEMPLATE=1 SHOWPROGRESS=1 FEATURELEVEL=3
[2017.11.05-22.03.56:778][  0]LightingResults: New page: Lighting Build
[2017.11.05-22.03.56:817][  0]MapCheck: New page: Map Check
[2017.11.05-22.03.56:817][  0]LightingResults: New page: Lighting Build
[2017.11.05-22.03.57:052][  0]LogAIModule: Creating AISystem for world Untitled_1
[2017.11.05-22.03.57:053][  0]LogActorComponent: RegisterComponentWithWorld: (/Temp/Untitled_1.Untitled_1:PersistentLevel.WorldSettings_1.StaticMeshComponent0) Trying to register component with IsPendingKill() == true. Aborting.
[2017.11.05-22.03.57:057][  0]LogEditorServer: Finished looking for orphan Actors (0.000 secs)
[2017.11.05-22.03.57:074][  0]Cmd: MAP CHECKDEP NOCLEARLOG
[2017.11.05-22.03.57:114][  0]MapCheck: Info Map check complete: 0 Error(s), 0 Warning(s), took 40.457ms to complete.
[2017.11.05-22.03.57:114][  0]LogFileHelpers: Loading map 'Template_Default' took 0.336
[2017.11.05-22.03.57:177][  0]LogWindowsTextInputMethodSystem:Display: IME system now deactivated.
[2017.11.05-22.03.57:259][  0]LogCollectionManager: Loaded 0 collections in 0.001512 seconds
[2017.11.05-22.03.57:330][  0]LogFileCache: Scanning file cache for directory 'F:/Unreal/Projects/The_Arsonist/The-Arsonist/Saved/Collections/' took 0.01s
[2017.11.05-22.03.57:330][  0]LogFileCache: Scanning file cache for directory 'F:/Unreal/Projects/The_Arsonist/The-Arsonist/Content/Developers/default/Collections/' took 0.01s
[2017.11.05-22.03.57:330][  0]LogFileCache: Scanning file cache for directory 'F:/Unreal/Projects/The_Arsonist/The-Arsonist/Content/Collections/' took 0.01s
[2017.11.05-22.03.57:330][  0]LogCollectionManager: Rebuilt the GUID cache for 0 collections in 0.000002 seconds
[2017.11.05-22.03.57:340][  0]LogContentBrowser: Native class hierarchy populated in 0.0095 seconds. Added 2329 classes and 491 folders.
[2017.11.05-22.03.57:395][  0]LogContentBrowser: Native class hierarchy updated for 'WidgetCarousel' in 0.0006 seconds. Added 0 classes and 0 folders.
[2017.11.05-22.03.57:432][  0]LogContentBrowser: Native class hierarchy updated for 'AddContentDialog' in 0.0005 seconds. Added 0 classes and 0 folders.
[2017.11.05-22.03.57:472][  0]LogContentBrowser: Native class hierarchy updated for 'SceneOutliner' in 0.0006 seconds. Added 1 classes and 2 folders.
[2017.11.05-22.03.57:549][  0]LogCrashTracker: Crashtracker disabled due to settings.
[2017.11.05-22.03.57:553][  0]LogSlate: Took 0.000211 seconds to synchronously load lazily loaded font '../../../Engine/Content/Slate/Fonts/Roboto-Regular.ttf' (155K)
[2017.11.05-22.03.57:555][  0]LogSlate: Took 0.000167 seconds to synchronously load lazily loaded font '../../../Engine/Content/Slate/Fonts/Roboto-Bold.ttf' (160K)
[2017.11.05-22.03.57:561][  0]LogSlate: Took 0.000204 seconds to synchronously load lazily loaded font '../../../Engine/Content/Editor/Slate/Fonts/FontAwesome.ttf' (139K)
[2017.11.05-22.03.57:663][  0]LogRenderer: Reallocating scene render targets to support 1208x572 NumSamples 1 (Frame:1).
[2017.11.05-22.03.57:749][  0]LogUObjectGlobals:Warning: Failed to find object 'Class None.'
[2017.11.05-22.03.57:807][  0]LogContentBrowser: Native class hierarchy updated for 'HierarchicalLODOutliner' in 0.0006 seconds. Added 1 classes and 2 folders.
[2017.11.05-22.03.57:807][  0]LogLoad: (Engine Initialization) Total time: 15.76 seconds
[2017.11.05-22.03.57:807][  0]LogLoad: (Engine Initialization) Total Blueprint compile time: 0.09 seconds
[2017.11.05-22.03.57:807][  0]LogExternalProfiler: No external profilers were discovered.  External profiling features will not be available.
[2017.11.05-22.03.57:826][  0]LogOcInput: OculusInput pre-init called
[2017.11.05-22.03.57:826][  0]LogHMD: Starting GearVRController plugin
[2017.11.05-22.03.57:842][  0]LogAssetRegistry: Asset discovery search completed in 9.1603 seconds
[2017.11.05-22.03.57:843][  0]LogCollectionManager: Rebuilt the object cache for 0 collections in 0.000001 seconds (found 0 objects)
[2017.11.05-22.03.57:843][  0]LogCollectionManager: Fixed up redirectors for 0 collections in 0.000033 seconds (updated 0 objects)
[2017.11.05-22.03.57:844][  0]LogContentStreaming: Texture pool size now 1000 MB
[2017.11.05-22.03.57:909][  0]LogSlate: Took 0.000132 seconds to synchronously load lazily loaded font '../../../Engine/Content/Slate/Fonts/Roboto-Light.ttf' (159K)
[2017.11.05-22.04.10:131][455]LogSlate: Took 0.000171 seconds to synchronously load lazily loaded font '../../../Engine/Content/Slate/Fonts/Roboto-Light.ttf' (159K)
[2017.11.05-22.04.35:213][771]LogAIModule: Creating AISystem for world WhiteBox_002
[2017.11.05-22.04.35:232][771]Cmd: MAP LOAD FILE="../../../../Projects/The_Arsonist/The-Arsonist/Content/Scenes/WhiteBox_002.umap" TEMPLATE=0 SHOWPROGRESS=1 FEATURELEVEL=3
[2017.11.05-22.04.35:232][771]LightingResults: New page: Lighting Build
[2017.11.05-22.04.35:234][771]LoadErrors: New page: Loading map: WhiteBox_002.umap
[2017.11.05-22.04.35:234][771]MapCheck: New page: Map Check
[2017.11.05-22.04.35:234][771]LightingResults: New page: Lighting Build
[2017.11.05-22.04.35:290][771]LogUObjectHash:Warning: Ambiguous search, could be ObjectProperty /Script/Engine.LevelCollection:PersistentLevel or ObjectProperty /Script/Engine.World:PersistentLevel
[2017.11.05-22.04.35:290][771]LogUObjectHash:Warning: Ambiguous search, could be ObjectProperty /Script/Engine.LevelCollection:PersistentLevel or Level /Game/Scenes/WhiteBox_002.WhiteBox_002:PersistentLevel
[2017.11.05-22.04.35:290][771]LogUObjectHash:Warning: Ambiguous search, could be ObjectProperty /Script/Engine.LevelCollection:PersistentLevel or ObjectProperty /Script/Engine.World:PersistentLevel
[2017.11.05-22.04.35:290][771]LogUObjectHash:Warning: Ambiguous search, could be ObjectProperty /Script/Engine.LevelCollection:PersistentLevel or Level /Game/Scenes/WhiteBox_002.WhiteBox_002:PersistentLevel
[2017.11.05-22.04.35:295][771]LogEditorServer: Finished looking for orphan Actors (0.000 secs)
[2017.11.05-22.04.35:323][771]Cmd: MAP CHECKDEP NOCLEARLOG
[2017.11.05-22.04.35:365][771]MapCheck: Info Map check complete: 0 Error(s), 0 Warning(s), took 41.802ms to complete.
[2017.11.05-22.04.35:365][771]LogFileHelpers: Loading map 'WhiteBox_002' took 0.133
[2017.11.05-22.05.00:626][437]LogEditorViewport: Clicking on Actor (LMB): StaticMeshActor (ArsonistBox_004_BoxBrush)
[2017.11.05-22.05.01:672][531]LogEditorViewport: Clicking on Actor (LMB): CineCameraActor (Camera_01)
[2017.11.05-22.06.58:047][677]Cmd: TRANSACTION UNDO
[2017.11.05-22.06.58:047][677]LogEditorTransaction: Undo Set Key
[2017.11.05-22.06.58:057][677]LogSlate: Took 0.000217 seconds to synchronously load lazily loaded font '../../../Engine/Content/Slate/Fonts/Roboto-Light.ttf' (159K)
[2017.11.05-22.07.28:965][320]Cmd: TRANSACTION UNDO
[2017.11.05-22.07.28:965][320]LogEditorTransaction: Undo Move Keys
[2017.11.05-22.08.57:551][236]Cmd: TRANSACTION UNDO
[2017.11.05-22.08.57:551][236]LogEditorTransaction: Undo Move Keys
[2017.11.05-22.12.19:664][411]LogEditor: Attempting to add actor of class 'CineCameraActor' to level at -815.00,105.00,20.00
[2017.11.05-22.12.21:649][635]LogEditor: Attempting to add actor of class 'CineCameraActor' to level at -160.00,110.00,0.00
[2017.11.05-22.16.03:362][321]Cmd: TRANSACTION UNDO
[2017.11.05-22.16.03:362][321]LogEditorTransaction: Undo Rotate Actors
[2017.11.05-22.17.14:143][709]Cmd: TRANSACTION UNDO
[2017.11.05-22.17.14:143][709]LogEditorTransaction: Undo Set Key
[2017.11.05-22.17.15:938][854]Cmd: TRANSACTION UNDO
[2017.11.05-22.17.15:938][854]LogEditorTransaction: Undo Move Actors
[2017.11.05-22.17.16:282][883]Cmd: TRANSACTION UNDO
[2017.11.05-22.17.16:282][883]LogEditorTransaction: Undo Move Actors
[2017.11.05-22.17.16:585][909]Cmd: TRANSACTION UNDO
[2017.11.05-22.17.16:585][909]LogEditorTransaction: Undo Move Actors
[2017.11.05-22.17.16:837][930]Cmd: TRANSACTION UNDO
[2017.11.05-22.17.16:837][930]LogEditorTransaction: Undo Rotate Actors
[2017.11.05-22.17.17:034][946]Cmd: TRANSACTION UNDO
[2017.11.05-22.17.17:034][946]LogEditorTransaction: Undo Move Actors
[2017.11.05-22.17.17:594][996]Cmd: TRANSACTION UNDO
[2017.11.05-22.17.17:594][996]LogEditorTransaction: Undo Move Actors
[2017.11.05-22.17.17:961][ 28]Cmd: TRANSACTION UNDO
[2017.11.05-22.17.17:961][ 28]LogEditorTransaction: Undo Move Actors
[2017.11.05-22.17.18:387][ 65]Cmd: TRANSACTION UNDO
[2017.11.05-22.17.18:387][ 65]LogEditorTransaction: Undo Rotate Actors
[2017.11.05-22.18.25:606][122]LogEditorViewport: Clicking on Actor (LMB): BP_Sky_Sphere_C (Sky Sphere)
[2017.11.05-22.18.27:493][294]LogEditorViewport: Clicking on Actor (LMB): CineCameraActor (Camera_02)
[2017.11.05-22.18.40:490][457]LogSlate: Took 0.008554 seconds to synchronously load lazily loaded font '../../../Engine/Content/Editor/Slate/Fonts/Roboto-Italic.ttf' (157K)
[2017.11.05-22.19.42:880][308]LogSavePackage: Save=114.41ms
[2017.11.05-22.19.42:880][308]LogSavePackage: Moving '../../../../Projects/The_Arsonist/The-Arsonist/Saved/WhiteBox_002_Auto166CD4A2746D3E8B98CBDF1AD099C40A8.tmp' to '../../../../Projects/The_Arsonist/The-Arsonist/Saved/Autosaves/Game/Scenes/WhiteBox_002_Auto1.umap'
[2017.11.05-22.19.42:890][308]LogSavePackage:Display: Finished SavePackage ../../../../Projects/The_Arsonist/The-Arsonist/Saved/Autosaves/Game/Scenes/WhiteBox_002_Auto1.umap
[2017.11.05-22.19.42:908][308]LogFileHelpers: Editor autosave (incl. sublevels) for '/Game/Scenes/WhiteBox_002' took 0.251
[2017.11.05-22.19.42:908][308]LogFileHelpers: Editor autosave (incl. sublevels) for all levels took 0.251
[2017.11.05-22.19.42:915][308]OBJ SavePackage: Generating thumbnails for [0] asset(s) in package [/Game/Animation_Scenes/Scene_01] ([1] browsable assets)...
[2017.11.05-22.19.42:915][308]OBJ SavePackage: Finished generating thumbnails for package [/Game/Animation_Scenes/Scene_01]
[2017.11.05-22.19.42:927][308]LogSavePackage: Save=8.65ms
[2017.11.05-22.19.42:927][308]LogSavePackage: Moving '../../../../Projects/The_Arsonist/The-Arsonist/Saved/Scene_01_Auto1321A4D334EA3FC38934518BEC6603838.tmp' to '../../../../Projects/The_Arsonist/The-Arsonist/Saved/Autosaves/Game/Animation_Scenes/Scene_01_Auto1.uasset'
[2017.11.05-22.19.42:927][308]LogSavePackage:Display: Finished SavePackage ../../../../Projects/The_Arsonist/The-Arsonist/Saved/Autosaves/Game/Animation_Scenes/Scene_01_Auto1.uasset
[2017.11.05-22.19.42:927][308]LogFileHelpers: Auto-saving content packages took 0.013
[2017.11.05-22.19.48:531][832]Cmd: OBJ SAVEPACKAGE PACKAGE="/Game/Scenes/WhiteBox_002" FILE="../../../../Projects/The_Arsonist/The-Arsonist/Content/Scenes/WhiteBox_002.umap" SILENT=true AUTOSAVING=false KEEPDIRTY=false
[2017.11.05-22.19.48:588][832]LogSavePackage: Save=45.58ms
[2017.11.05-22.19.48:588][832]LogSavePackage: Moving '../../../../Projects/The_Arsonist/The-Arsonist/Saved/WhiteBox_00216500D6948D0448B5614AA8D01B7A56A.tmp' to '../../../../Projects/The_Arsonist/The-Arsonist/Content/Scenes/WhiteBox_002.umap'
[2017.11.05-22.19.48:602][832]LogSavePackage:Display: Finished SavePackage ../../../../Projects/The_Arsonist/The-Arsonist/Content/Scenes/WhiteBox_002.umap
[2017.11.05-22.19.48:620][832]Cmd: OBJ SAVEPACKAGE PACKAGE="/Game/Scenes/WhiteBox_002_BuiltData" FILE="../../../../Projects/The_Arsonist/The-Arsonist/Content/Scenes/WhiteBox_002_BuiltData.uasset" SILENT=true
[2017.11.05-22.19.48:672][832]LogSavePackage: Save=48.60ms
[2017.11.05-22.19.48:672][832]LogSavePackage: Moving '../../../../Projects/The_Arsonist/The-Arsonist/Saved/WhiteBox_002_BuiltData4FB7B82D45827E6356A97D814E873BA0.tmp' to '../../../../Projects/The_Arsonist/The-Arsonist/Content/Scenes/WhiteBox_002_BuiltData.uasset'
[2017.11.05-22.19.48:673][832]LogSavePackage:Display: Finished SavePackage ../../../../Projects/The_Arsonist/The-Arsonist/Content/Scenes/WhiteBox_002_BuiltData.uasset
[2017.11.05-22.19.53:133][206]Cmd: OBJ SAVEPACKAGE PACKAGE="/Game/Animation_Scenes/Scene_01" FILE="../../../../Projects/The_Arsonist/The-Arsonist/Content/Animation_Scenes/Scene_01.uasset" SILENT=true
[2017.11.05-22.19.53:151][206]LogSavePackage: Save=14.47ms
[2017.11.05-22.19.53:151][206]LogSavePackage: Moving '../../../../Projects/The_Arsonist/The-Arsonist/Saved/Scene_012C3FF6F544BA905C5C0AAA92197912A4.tmp' to '../../../../Projects/The_Arsonist/The-Arsonist/Content/Animation_Scenes/Scene_01.uasset'
[2017.11.05-22.19.53:152][206]LogSavePackage:Display: Finished SavePackage ../../../../Projects/The_Arsonist/The-Arsonist/Content/Animation_Scenes/Scene_01.uasset
[2017.11.05-22.19.55:100][385]Cmd: OBJ SAVEPACKAGE PACKAGE="/Game/Scenes/WhiteBox_002" FILE="../../../../Projects/The_Arsonist/The-Arsonist/Content/Scenes/WhiteBox_002.umap" SILENT=true AUTOSAVING=false KEEPDIRTY=false
[2017.11.05-22.19.55:153][385]LogSavePackage: Save=41.95ms
[2017.11.05-22.19.55:153][385]LogSavePackage: Moving '../../../../Projects/The_Arsonist/The-Arsonist/Saved/WhiteBox_002F5F82C9B491DA32232A6D9BBDB929FAB.tmp' to '../../../../Projects/The_Arsonist/The-Arsonist/Content/Scenes/WhiteBox_002.umap'
[2017.11.05-22.19.55:154][385]LogSavePackage:Display: Finished SavePackage ../../../../Projects/The_Arsonist/The-Arsonist/Content/Scenes/WhiteBox_002.umap
[2017.11.05-22.19.55:171][385]Cmd: OBJ SAVEPACKAGE PACKAGE="/Game/Scenes/WhiteBox_002_BuiltData" FILE="../../../../Projects/The_Arsonist/The-Arsonist/Content/Scenes/WhiteBox_002_BuiltData.uasset" SILENT=true
[2017.11.05-22.19.55:200][385]LogSavePackage: Save=27.41ms
[2017.11.05-22.19.55:200][385]LogSavePackage: Moving '../../../../Projects/The_Arsonist/The-Arsonist/Saved/WhiteBox_002_BuiltDataFC395D6F4BC1D8F9F67FAFB237F24799.tmp' to '../../../../Projects/The_Arsonist/The-Arsonist/Content/Scenes/WhiteBox_002_BuiltData.uasset'
[2017.11.05-22.19.55:201][385]LogSavePackage:Display: Finished SavePackage ../../../../Projects/The_Arsonist/The-Arsonist/Content/Scenes/WhiteBox_002_BuiltData.uasset
[2017.11.06-02.29.52:346][562]LogRenderer: Reallocating scene render targets to support 1208x576 NumSamples 1 (Frame:171168).
[2017.11.06-02.29.52:452][563]LogRenderer: Reallocating scene render targets to support 1208x584 NumSamples 1 (Frame:171174).
[2017.11.06-02.29.52:583][564]LogRenderer: Reallocating scene render targets to support 1208x592 NumSamples 1 (Frame:171180).
[2017.11.06-02.29.52:816][567]LogRenderer: Reallocating scene render targets to support 1208x600 NumSamples 1 (Frame:171192).
[2017.11.06-02.29.52:927][568]LogRenderer: Reallocating scene render targets to support 1208x604 NumSamples 1 (Frame:171198).
[2017.11.06-02.29.53:185][577]LogRenderer: Reallocating scene render targets to support 1208x608 NumSamples 1 (Frame:171208).
[2017.11.06-02.29.53:246][577]LogRenderer: Reallocating scene render targets to support 1208x624 NumSamples 1 (Frame:171210).
[2017.11.06-02.29.53:363][578]LogRenderer: Reallocating scene render targets to support 1208x648 NumSamples 1 (Frame:171216).
[2017.11.06-02.29.53:506][579]LogRenderer: Reallocating scene render targets to support 1208x672 NumSamples 1 (Frame:171222).
[2017.11.06-02.29.53:628][580]LogRenderer: Reallocating scene render targets to support 1208x680 NumSamples 1 (Frame:171228).
[2017.11.06-02.30.41:640][822]LogEditorViewport: Clicking on Actor (LMB): CineCameraActor (Camera_02)
[2017.11.06-02.32.57:390][ 94]LogSavePackage: Save=45.16ms
[2017.11.06-02.32.57:390][ 94]LogSavePackage: Moving '../../../../Projects/The_Arsonist/The-Arsonist/Saved/WhiteBox_002_Auto2579544564E692B89A09C66A2E331D437.tmp' to '../../../../Projects/The_Arsonist/The-Arsonist/Saved/Autosaves/Game/Scenes/WhiteBox_002_Auto2.umap'
[2017.11.06-02.32.57:391][ 94]LogSavePackage:Display: Finished SavePackage ../../../../Projects/The_Arsonist/The-Arsonist/Saved/Autosaves/Game/Scenes/WhiteBox_002_Auto2.umap
[2017.11.06-02.32.57:393][ 94]LogFileHelpers: Editor autosave (incl. sublevels) for '/Game/Scenes/WhiteBox_002' took 0.063
[2017.11.06-02.32.57:393][ 94]LogFileHelpers: Editor autosave (incl. sublevels) for all levels took 0.063
[2017.11.06-02.32.57:394][ 94]OBJ SavePackage: Generating thumbnails for [0] asset(s) in package [/Game/Animation_Scenes/Scene_01] ([1] browsable assets)...
[2017.11.06-02.32.57:394][ 94]OBJ SavePackage: Finished generating thumbnails for package [/Game/Animation_Scenes/Scene_01]
[2017.11.06-02.32.57:406][ 94]LogSavePackage: Save=8.82ms
[2017.11.06-02.32.57:406][ 94]LogSavePackage: Moving '../../../../Projects/The_Arsonist/The-Arsonist/Saved/Scene_01_Auto2890C8201425B5131774C2D804A16DCBD.tmp' to '../../../../Projects/The_Arsonist/The-Arsonist/Saved/Autosaves/Game/Animation_Scenes/Scene_01_Auto2.uasset'
[2017.11.06-02.32.57:407][ 94]LogSavePackage:Display: Finished SavePackage ../../../../Projects/The_Arsonist/The-Arsonist/Saved/Autosaves/Game/Animation_Scenes/Scene_01_Auto2.uasset
[2017.11.06-02.32.57:407][ 94]LogFileHelpers: Auto-saving content packages took 0.013
[2017.11.06-02.35.00:079][722]Cmd: TRANSACTION UNDO
[2017.11.06-02.35.00:079][722]LogEditorTransaction: Undo Set Float Key Value
[2017.11.06-02.35.01:151][808]Cmd: TRANSACTION UNDO
[2017.11.06-02.35.01:151][808]LogEditorTransaction: Undo Add Keys at Current Time
[2017.11.06-02.44.35:891][130]LogFileHelpers: Editor autosave (incl. sublevels) for '/Game/Scenes/WhiteBox_002' took 0.011
[2017.11.06-02.44.35:893][130]OBJ SavePackage: Generating thumbnails for [0] asset(s) in package [/Game/Animation_Scenes/Scene_01] ([1] browsable assets)...
[2017.11.06-02.44.35:893][130]OBJ SavePackage: Finished generating thumbnails for package [/Game/Animation_Scenes/Scene_01]
[2017.11.06-02.44.35:914][130]LogSavePackage: Save=14.59ms
[2017.11.06-02.44.35:914][130]LogSavePackage: Moving '../../../../Projects/The_Arsonist/The-Arsonist/Saved/Scene_01_Auto336D4CF464E5E6C43E260B2AD2219CBAD.tmp' to '../../../../Projects/The_Arsonist/The-Arsonist/Saved/Autosaves/Game/Animation_Scenes/Scene_01_Auto3.uasset'
[2017.11.06-02.44.35:915][130]LogSavePackage:Display: Finished SavePackage ../../../../Projects/The_Arsonist/The-Arsonist/Saved/Autosaves/Game/Animation_Scenes/Scene_01_Auto3.uasset
[2017.11.06-02.44.35:915][130]LogFileHelpers: Auto-saving content packages took 0.023
[2017.11.06-02.57.44:862][215]LogEditor: Attempting to add actor of class 'CineCameraActor' to level at -200.00,-15.00,0.00
[2017.11.06-02.57.46:306][370]LogEditor: Attempting to add actor of class 'CineCameraActor' to level at -95.00,65.00,5.00
[2017.11.06-02.59.22:968][114]LogEditorViewport: Clicking on Actor (LMB): CineCameraActor (Camera_02)
[2017.11.06-03.03.04:847][608]LogSavePackage: Save=52.05ms
[2017.11.06-03.03.04:847][608]LogSavePackage: Moving '../../../../Projects/The_Arsonist/The-Arsonist/Saved/WhiteBox_002_Auto42B27D07C49B48DE20A5D30A46A0874C7.tmp' to '../../../../Projects/The_Arsonist/The-Arsonist/Saved/Autosaves/Game/Scenes/WhiteBox_002_Auto4.umap'
[2017.11.06-03.03.04:848][608]LogSavePackage:Display: Finished SavePackage ../../../../Projects/The_Arsonist/The-Arsonist/Saved/Autosaves/Game/Scenes/WhiteBox_002_Auto4.umap
[2017.11.06-03.03.04:849][608]LogFileHelpers: Editor autosave (incl. sublevels) for '/Game/Scenes/WhiteBox_002' took 0.073
[2017.11.06-03.03.04:849][608]LogFileHelpers: Editor autosave (incl. sublevels) for all levels took 0.073
[2017.11.06-03.03.04:851][608]OBJ SavePackage: Generating thumbnails for [0] asset(s) in package [/Game/Animation_Scenes/Scene_01] ([1] browsable assets)...
[2017.11.06-03.03.04:851][608]OBJ SavePackage: Finished generating thumbnails for package [/Game/Animation_Scenes/Scene_01]
[2017.11.06-03.03.04:869][608]LogSavePackage: Save=13.91ms
[2017.11.06-03.03.04:869][608]LogSavePackage: Moving '../../../../Projects/The_Arsonist/The-Arsonist/Saved/Scene_01_Auto4B9CF93FE41CD5DA49653ADACE661E903.tmp' to '../../../../Projects/The_Arsonist/The-Arsonist/Saved/Autosaves/Game/Animation_Scenes/Scene_01_Auto4.uasset'
[2017.11.06-03.03.04:870][608]LogSavePackage:Display: Finished SavePackage ../../../../Projects/The_Arsonist/The-Arsonist/Saved/Autosaves/Game/Animation_Scenes/Scene_01_Auto4.uasset
[2017.11.06-03.03.04:870][608]LogFileHelpers: Auto-saving content packages took 0.019
[2017.11.06-03.11.15:648][ 66]Cmd: OBJ SAVEPACKAGE PACKAGE="/Game/Animation_Scenes/Scene_01" FILE="../../../../Projects/The_Arsonist/The-Arsonist/Content/Animation_Scenes/Scene_01.uasset" SILENT=true
[2017.11.06-03.11.15:672][ 66]LogSavePackage: Save=20.38ms
[2017.11.06-03.11.15:672][ 66]LogSavePackage: Moving '../../../../Projects/The_Arsonist/The-Arsonist/Saved/Scene_0109614DED44B19D3F2300B3B275C43D29.tmp' to '../../../../Projects/The_Arsonist/The-Arsonist/Content/Animation_Scenes/Scene_01.uasset'
[2017.11.06-03.11.15:675][ 66]LogSavePackage:Display: Finished SavePackage ../../../../Projects/The_Arsonist/The-Arsonist/Content/Animation_Scenes/Scene_01.uasset
[2017.11.06-03.15.07:211][530]LogFileHelpers: Editor autosave (incl. sublevels) for '/Game/Scenes/WhiteBox_002' took 0.011
[2017.11.06-03.15.07:213][530]OBJ SavePackage: Generating thumbnails for [0] asset(s) in package [/Game/Animation_Scenes/Scene_01] ([1] browsable assets)...
[2017.11.06-03.15.07:213][530]OBJ SavePackage: Finished generating thumbnails for package [/Game/Animation_Scenes/Scene_01]
[2017.11.06-03.15.07:228][530]LogSavePackage: Save=11.89ms
[2017.11.06-03.15.07:228][530]LogSavePackage: Moving '../../../../Projects/The_Arsonist/The-Arsonist/Saved/Scene_01_Auto5D0F25677413178DF3ADC3A996053B53B.tmp' to '../../../../Projects/The_Arsonist/The-Arsonist/Saved/Autosaves/Game/Animation_Scenes/Scene_01_Auto5.uasset'
[2017.11.06-03.15.07:228][530]LogSavePackage:Display: Finished SavePackage ../../../../Projects/The_Arsonist/The-Arsonist/Saved/Autosaves/Game/Animation_Scenes/Scene_01_Auto5.uasset
[2017.11.06-03.15.07:228][530]LogFileHelpers: Auto-saving content packages took 0.016
[2017.11.06-03.25.11:365][840]Cmd: TRANSACTION UNDO
[2017.11.06-03.25.11:366][840]LogEditorTransaction: Undo Rotate Actors
[2017.11.06-03.29.09:937][514]Cmd: TRANSACTION UNDO
[2017.11.06-03.29.09:937][514]LogEditorTransaction: Undo Rotate Actors
[2017.11.06-03.29.22:819][548]Cmd: TRANSACTION UNDO
[2017.11.06-03.29.22:819][548]LogEditorTransaction: Undo Rotate Actors
[2017.11.06-03.29.30:964][188]Cmd: TRANSACTION UNDO
[2017.11.06-03.29.30:965][188]LogEditorTransaction: Undo Rotate Actors
[2017.11.06-03.29.31:296][209]Cmd: TRANSACTION UNDO
[2017.11.06-03.29.31:296][209]LogEditorTransaction: Undo Rotate Actors
[2017.11.06-03.29.31:613][230]Cmd: TRANSACTION UNDO
[2017.11.06-03.29.31:613][230]LogEditorTransaction: Undo Select Actors/Components
[2017.11.06-03.29.31:810][243]Cmd: TRANSACTION UNDO
[2017.11.06-03.29.31:810][243]LogEditorTransaction: Undo Select Actors/Components
[2017.11.06-03.29.31:978][255]Cmd: TRANSACTION UNDO
[2017.11.06-03.29.31:978][255]LogEditorTransaction: Undo Select Actors/Components
[2017.11.06-03.29.32:144][267]Cmd: TRANSACTION UNDO
[2017.11.06-03.29.32:144][267]LogEditorTransaction: Undo Select Actors/Components
[2017.11.06-03.29.32:318][279]Cmd: TRANSACTION UNDO
[2017.11.06-03.29.32:318][279]LogEditorTransaction: Undo Set Float Key Value
[2017.11.06-03.29.32:452][288]Cmd: TRANSACTION UNDO
[2017.11.06-03.29.32:452][288]LogEditorTransaction: Undo Set Float Key Value
[2017.11.06-03.29.32:653][302]Cmd: TRANSACTION UNDO
[2017.11.06-03.29.32:653][302]LogEditorTransaction: Undo Set Float Key Value
[2017.11.06-03.29.32:900][320]Cmd: TRANSACTION UNDO
[2017.11.06-03.29.32:900][320]LogEditorTransaction: Undo Delete Selected Keys
[2017.11.06-03.29.33:353][354]Cmd: TRANSACTION UNDO
[2017.11.06-03.29.33:353][354]LogEditorTransaction: Undo Select Actors/Components
[2017.11.06-03.29.33:660][377]Cmd: TRANSACTION UNDO
[2017.11.06-03.29.33:660][377]LogEditorTransaction: Undo Select Actors/Components
[2017.11.06-03.29.34:572][447]Cmd: TRANSACTION UNDO
[2017.11.06-03.29.34:572][447]LogEditorTransaction: Undo Select Actors/Components
[2017.11.06-03.29.34:866][469]Cmd: TRANSACTION UNDO
[2017.11.06-03.29.34:867][469]LogEditorTransaction: Undo Select Actors/Components
[2017.11.06-03.29.35:157][491]Cmd: TRANSACTION UNDO
[2017.11.06-03.29.35:157][491]LogEditorTransaction: Undo Select Actors/Components
[2017.11.06-03.29.35:326][503]Cmd: TRANSACTION UNDO
[2017.11.06-03.29.35:326][503]LogEditorTransaction: Undo Select Actors/Components
[2017.11.06-03.29.35:496][515]Cmd: TRANSACTION UNDO
[2017.11.06-03.29.35:496][515]LogEditorTransaction: Undo Select Actors/Components
[2017.11.06-03.29.35:627][524]Cmd: TRANSACTION UNDO
[2017.11.06-03.29.35:627][524]LogEditorTransaction: Undo Select Actors/Components
[2017.11.06-03.29.35:796][536]Cmd: TRANSACTION UNDO
[2017.11.06-03.29.35:796][536]LogEditorTransaction: Undo Select Actors/Components
[2017.11.06-03.29.35:974][549]Cmd: TRANSACTION UNDO
[2017.11.06-03.29.35:974][549]LogEditorTransaction: Undo Select Actors/Components
[2017.11.06-03.29.36:140][561]Cmd: TRANSACTION UNDO
[2017.11.06-03.29.36:141][561]LogEditorTransaction: Undo Select Actors/Components
[2017.11.06-03.29.36:314][573]Cmd: TRANSACTION UNDO
[2017.11.06-03.29.36:314][573]LogEditorTransaction: Undo Add Keys at Current Time
[2017.11.06-03.29.36:480][585]Cmd: TRANSACTION UNDO
[2017.11.06-03.29.36:480][585]LogEditorTransaction: Undo Add Keys at Current Time
[2017.11.06-03.32.23:590][959]Cmd: TRANSACTION UNDO
[2017.11.06-03.32.23:590][959]LogEditorTransaction: Undo Set Float Key Value
[2017.11.06-03.32.52:515][322]Cmd: TRANSACTION UNDO
[2017.11.06-03.32.52:515][322]LogEditorTransaction: Undo Set Float Key Value
[2017.11.06-03.32.59:254][862]Cmd: TRANSACTION UNDO
[2017.11.06-03.32.59:254][862]LogEditorTransaction: Undo Set Float Key Value
[2017.11.06-03.33.18:548][403]LogEditorViewport: Clicking on Actor (LMB): BP_Sky_Sphere_C (Sky Sphere)
[2017.11.06-03.33.20:992][601]LogEditorViewport: Clicking on Actor (LMB): CineCameraActor (Camera_03)
[2017.11.06-03.34.13:156][562]Cmd: TRANSACTION UNDO
[2017.11.06-03.34.13:156][562]LogEditorTransaction: Undo Rotate Actors
[2017.11.06-03.37.05:341][272]Cmd: TRANSACTION UNDO
[2017.11.06-03.37.05:341][272]LogEditorTransaction: Undo Delete Keys
[2017.11.06-03.38.58:376][297]Cmd: OBJ SAVEPACKAGE PACKAGE="/Game/Animation_Scenes/Scene_01" FILE="../../../../Projects/The_Arsonist/The-Arsonist/Content/Animation_Scenes/Scene_01.uasset" SILENT=true
[2017.11.06-03.38.58:398][297]LogSavePackage: Save=17.17ms
[2017.11.06-03.38.58:398][297]LogSavePackage: Moving '../../../../Projects/The_Arsonist/The-Arsonist/Saved/Scene_0104DAF1EF417CB259B87AA4B640263D6C.tmp' to '../../../../Projects/The_Arsonist/The-Arsonist/Content/Animation_Scenes/Scene_01.uasset'
[2017.11.06-03.38.58:400][297]LogSavePackage:Display: Finished SavePackage ../../../../Projects/The_Arsonist/The-Arsonist/Content/Animation_Scenes/Scene_01.uasset
[2017.11.06-03.38.59:254][355]LogSavePackage: Save=48.91ms
[2017.11.06-03.38.59:254][355]LogSavePackage: Moving '../../../../Projects/The_Arsonist/The-Arsonist/Saved/WhiteBox_002_Auto6C41D60584D7108AFA7886B8162C0F096.tmp' to '../../../../Projects/The_Arsonist/The-Arsonist/Saved/Autosaves/Game/Scenes/WhiteBox_002_Auto6.umap'
[2017.11.06-03.38.59:255][355]LogSavePackage:Display: Finished SavePackage ../../../../Projects/The_Arsonist/The-Arsonist/Saved/Autosaves/Game/Scenes/WhiteBox_002_Auto6.umap
[2017.11.06-03.38.59:256][355]LogFileHelpers: Editor autosave (incl. sublevels) for '/Game/Scenes/WhiteBox_002' took 0.066
[2017.11.06-03.38.59:256][355]LogFileHelpers: Editor autosave (incl. sublevels) for all levels took 0.066
[2017.11.06-03.39.04:232][745]Cmd: OBJ SAVEPACKAGE PACKAGE="/Game/Scenes/WhiteBox_002" FILE="../../../../Projects/The_Arsonist/The-Arsonist/Content/Scenes/WhiteBox_002.umap" SILENT=true AUTOSAVING=false KEEPDIRTY=false
[2017.11.06-03.39.04:292][745]LogSavePackage: Save=46.72ms
[2017.11.06-03.39.04:292][745]LogSavePackage: Moving '../../../../Projects/The_Arsonist/The-Arsonist/Saved/WhiteBox_0023F29C6C448AD845ECF8736ACFAC27846.tmp' to '../../../../Projects/The_Arsonist/The-Arsonist/Content/Scenes/WhiteBox_002.umap'
[2017.11.06-03.39.04:294][745]LogSavePackage:Display: Finished SavePackage ../../../../Projects/The_Arsonist/The-Arsonist/Content/Scenes/WhiteBox_002.umap
[2017.11.06-03.39.04:313][745]Cmd: OBJ SAVEPACKAGE PACKAGE="/Game/Scenes/WhiteBox_002_BuiltData" FILE="../../../../Projects/The_Arsonist/The-Arsonist/Content/Scenes/WhiteBox_002_BuiltData.uasset" SILENT=true
[2017.11.06-03.39.04:360][745]LogSavePackage: Save=42.54ms
[2017.11.06-03.39.04:360][745]LogSavePackage: Moving '../../../../Projects/The_Arsonist/The-Arsonist/Saved/WhiteBox_002_BuiltDataF9E5D5464B23EF46EFD49B8B5E6F3543.tmp' to '../../../../Projects/The_Arsonist/The-Arsonist/Content/Scenes/WhiteBox_002_BuiltData.uasset'
[2017.11.06-03.39.04:361][745]LogSavePackage:Display: Finished SavePackage ../../../../Projects/The_Arsonist/The-Arsonist/Content/Scenes/WhiteBox_002_BuiltData.uasset
[2017.11.06-03.51.58:626][761]LogFileHelpers: Editor autosave (incl. sublevels) for '/Game/Scenes/WhiteBox_002' took 0.011
[2017.11.06-03.51.58:627][761]OBJ SavePackage: Generating thumbnails for [0] asset(s) in package [/Game/Animation_Scenes/Scene_01] ([1] browsable assets)...
[2017.11.06-03.51.58:628][761]OBJ SavePackage: Finished generating thumbnails for package [/Game/Animation_Scenes/Scene_01]
[2017.11.06-03.51.58:644][761]LogSavePackage: Save=11.38ms
[2017.11.06-03.51.58:644][761]LogSavePackage: Moving '../../../../Projects/The_Arsonist/The-Arsonist/Saved/Scene_01_Auto75B0420A742BC0F25020B98BCCC1237FC.tmp' to '../../../../Projects/The_Arsonist/The-Arsonist/Saved/Autosaves/Game/Animation_Scenes/Scene_01_Auto7.uasset'
[2017.11.06-03.51.58:645][761]LogSavePackage:Display: Finished SavePackage ../../../../Projects/The_Arsonist/The-Arsonist/Saved/Autosaves/Game/Animation_Scenes/Scene_01_Auto7.uasset
[2017.11.06-03.51.58:645][761]LogFileHelpers: Auto-saving content packages took 0.018
[2017.11.06-03.54.14:697][294]Cmd: TRANSACTION UNDO
[2017.11.06-03.54.14:697][294]LogEditorTransaction: Undo Add Keys at Current Time
[2017.11.06-03.54.15:243][330]Cmd: TRANSACTION UNDO
[2017.11.06-03.54.15:243][330]LogEditorTransaction: Undo Add Keys at Current Time
[2017.11.06-04.02.02:824][607]LogFileHelpers: Editor autosave (incl. sublevels) for '/Game/Scenes/WhiteBox_002' took 0.012
[2017.11.06-04.02.02:825][607]OBJ SavePackage: Generating thumbnails for [0] asset(s) in package [/Game/Animation_Scenes/Scene_01] ([1] browsable assets)...
[2017.11.06-04.02.02:825][607]OBJ SavePackage: Finished generating thumbnails for package [/Game/Animation_Scenes/Scene_01]
[2017.11.06-04.02.02:841][607]LogSavePackage: Save=12.51ms
[2017.11.06-04.02.02:841][607]LogSavePackage: Moving '../../../../Projects/The_Arsonist/The-Arsonist/Saved/Scene_01_Auto8AE95A38A469BABCC81CFAE8E7C6681A0.tmp' to '../../../../Projects/The_Arsonist/The-Arsonist/Saved/Autosaves/Game/Animation_Scenes/Scene_01_Auto8.uasset'
[2017.11.06-04.02.02:842][607]LogSavePackage:Display: Finished SavePackage ../../../../Projects/The_Arsonist/The-Arsonist/Saved/Autosaves/Game/Animation_Scenes/Scene_01_Auto8.uasset
[2017.11.06-04.02.02:842][607]LogFileHelpers: Auto-saving content packages took 0.018
[2017.11.06-05.49.28:498][ 36]LogEditor: Attempting to add actor of class 'CineCameraActor' to level at -550.00,-20.00,170.00
[2017.11.06-05.49.29:381][119]LogEditor: Attempting to add actor of class 'CineCameraActor' to level at -175.00,280.00,0.00
[2017.11.06-05.53.30:096][ 58]LogEditorViewport: Clicking on Actor (LMB): CineCameraActor (Camera_04)
[2017.11.06-05.54.45:251][ 29]Cmd: TRANSACTION UNDO
[2017.11.06-05.54.45:251][ 29]LogEditorTransaction: Undo Add Keys at Current Time
[2017.11.06-05.55.18:958][695]LogEditorViewport: Clicking on Actor (LMB): StaticMeshActor (ArsonistBox_004_BoxBrush16)
[2017.11.06-05.55.20:123][785]LogEditorViewport: Clicking on Actor (LMB): CineCameraActor (Camera_04)
[2017.11.06-05.55.41:363][480]Cmd: TRANSACTION UNDO
[2017.11.06-05.55.41:363][480]LogEditorTransaction: Undo Move Actors
[2017.11.06-05.58.01:256][674]Cmd: OBJ SAVEPACKAGE PACKAGE="/Game/Scenes/WhiteBox_002" FILE="../../../../Projects/The_Arsonist/The-Arsonist/Content/Scenes/WhiteBox_002.umap" SILENT=true AUTOSAVING=false KEEPDIRTY=false
[2017.11.06-05.58.01:345][674]LogSavePackage: Save=54.59ms
[2017.11.06-05.58.01:345][674]LogSavePackage: Moving '../../../../Projects/The_Arsonist/The-Arsonist/Saved/WhiteBox_002D70B54084562C5C67E8D0F87634AC4ED.tmp' to '../../../../Projects/The_Arsonist/The-Arsonist/Content/Scenes/WhiteBox_002.umap'
[2017.11.06-05.58.01:347][674]LogSavePackage:Display: Finished SavePackage ../../../../Projects/The_Arsonist/The-Arsonist/Content/Scenes/WhiteBox_002.umap
[2017.11.06-05.58.01:366][674]Cmd: OBJ SAVEPACKAGE PACKAGE="/Game/Scenes/WhiteBox_002_BuiltData" FILE="../../../../Projects/The_Arsonist/The-Arsonist/Content/Scenes/WhiteBox_002_BuiltData.uasset" SILENT=true
[2017.11.06-05.58.01:403][674]LogSavePackage: Save=33.07ms
[2017.11.06-05.58.01:403][674]LogSavePackage: Moving '../../../../Projects/The_Arsonist/The-Arsonist/Saved/WhiteBox_002_BuiltData4888B6F041582F2B4128548427891DF8.tmp' to '../../../../Projects/The_Arsonist/The-Arsonist/Content/Scenes/WhiteBox_002_BuiltData.uasset'
[2017.11.06-05.58.01:404][674]LogSavePackage:Display: Finished SavePackage ../../../../Projects/The_Arsonist/The-Arsonist/Content/Scenes/WhiteBox_002_BuiltData.uasset
[2017.11.06-05.58.02:923][787]Cmd: OBJ SAVEPACKAGE PACKAGE="/Game/Animation_Scenes/Scene_01" FILE="../../../../Projects/The_Arsonist/The-Arsonist/Content/Animation_Scenes/Scene_01.uasset" SILENT=true
[2017.11.06-05.58.02:950][787]LogSavePackage: Save=22.98ms
[2017.11.06-05.58.02:950][787]LogSavePackage: Moving '../../../../Projects/The_Arsonist/The-Arsonist/Saved/Scene_010E074D234755829CD22AC19D4EDE7B79.tmp' to '../../../../Projects/The_Arsonist/The-Arsonist/Content/Animation_Scenes/Scene_01.uasset'
[2017.11.06-05.58.02:951][787]LogSavePackage:Display: Finished SavePackage ../../../../Projects/The_Arsonist/The-Arsonist/Content/Animation_Scenes/Scene_01.uasset
[2017.11.06-06.13.27:264][677]Cmd: OBJ SAVEPACKAGE PACKAGE="/Game/Scenes/WhiteBox_002" FILE="../../../../Projects/The_Arsonist/The-Arsonist/Content/Scenes/WhiteBox_002.umap" SILENT=true AUTOSAVING=false KEEPDIRTY=false
[2017.11.06-06.13.27:329][677]LogSavePackage: Save=50.03ms
[2017.11.06-06.13.27:329][677]LogSavePackage: Moving '../../../../Projects/The_Arsonist/The-Arsonist/Saved/WhiteBox_0029D36A07744CD7A8D481E4AA59259C502.tmp' to '../../../../Projects/The_Arsonist/The-Arsonist/Content/Scenes/WhiteBox_002.umap'
[2017.11.06-06.13.27:330][677]LogSavePackage:Display: Finished SavePackage ../../../../Projects/The_Arsonist/The-Arsonist/Content/Scenes/WhiteBox_002.umap
[2017.11.06-06.13.27:349][677]Cmd: OBJ SAVEPACKAGE PACKAGE="/Game/Scenes/WhiteBox_002_BuiltData" FILE="../../../../Projects/The_Arsonist/The-Arsonist/Content/Scenes/WhiteBox_002_BuiltData.uasset" SILENT=true
[2017.11.06-06.13.27:381][677]LogSavePackage: Save=28.43ms
[2017.11.06-06.13.27:381][677]LogSavePackage: Moving '../../../../Projects/The_Arsonist/The-Arsonist/Saved/WhiteBox_002_BuiltData689AA4304261FD3A00F06099E15343EC.tmp' to '../../../../Projects/The_Arsonist/The-Arsonist/Content/Scenes/WhiteBox_002_BuiltData.uasset'
[2017.11.06-06.13.27:382][677]LogSavePackage:Display: Finished SavePackage ../../../../Projects/The_Arsonist/The-Arsonist/Content/Scenes/WhiteBox_002_BuiltData.uasset
[2017.11.06-06.13.29:690][844]Cmd: OBJ SAVEPACKAGE PACKAGE="/Game/Animation_Scenes/Scene_01" FILE="../../../../Projects/The_Arsonist/The-Arsonist/Content/Animation_Scenes/Scene_01.uasset" SILENT=true
[2017.11.06-06.13.29:718][844]LogSavePackage: Save=24.18ms
[2017.11.06-06.13.29:718][844]LogSavePackage: Moving '../../../../Projects/The_Arsonist/The-Arsonist/Saved/Scene_01C8E91519404F13EA58C9C6813737EAD3.tmp' to '../../../../Projects/The_Arsonist/The-Arsonist/Content/Animation_Scenes/Scene_01.uasset'
[2017.11.06-06.13.29:720][844]LogSavePackage:Display: Finished SavePackage ../../../../Projects/The_Arsonist/The-Arsonist/Content/Animation_Scenes/Scene_01.uasset
[2017.11.06-06.13.30:791][909]LogWindowsTextInputMethodSystem:Display: IME system now deactivated.
[2017.11.06-06.13.31:098][910]Cmd: QUIT_EDITOR
[2017.11.06-06.13.31:129][910]LogExit: Preparing to exit.
[2017.11.06-06.13.32:420][910]LogDirectoryWatcher: A directory notification for 'F:/Unreal/Projects/The_Arsonist/The-Arsonist/Content/' was aborted.
[2017.11.06-06.13.32:489][910]LogExit: Editor shut down
[2017.11.06-06.13.32:514][910]LogExit: Transaction tracking system shut down
[2017.11.06-06.13.32:650][910]LogObj: Freed 0b from 0 cluster array pools.
[2017.11.06-06.13.32:650][910]LogExit: Object subsystem successfully closed.
[2017.11.06-06.13.32:671][910]LogD3D11RHI: Shutdown
[2017.11.06-06.13.32:671][910]LogD3D11RHI: CleanupD3DDevice
[2017.11.06-06.13.32:802][910]LogD3D11RHI: ~FD3D11DynamicRHI
[2017.11.06-06.13.32:814][910]LogModuleManager: Shutting down and abandoning module SequencerWidgets (526)
[2017.11.06-06.13.32:814][910]LogModuleManager: Shutting down and abandoning module HierarchicalLODOutliner (524)
[2017.11.06-06.13.32:814][910]LogModuleManager: Shutting down and abandoning module CrashTracker (522)
[2017.11.06-06.13.32:814][910]LogModuleManager: Shutting down and abandoning module SceneOutliner (520)
[2017.11.06-06.13.32:814][910]LogModuleManager: Shutting down and abandoning module AddContentDialog (518)
[2017.11.06-06.13.32:814][910]LogDirectoryWatcher: A directory notification for 'F:/Unreal/UE_4.16/FeaturePacks/' was aborted.
[2017.11.06-06.13.32:820][910]LogModuleManager: Shutting down and abandoning module WidgetCarousel (517)
[2017.11.06-06.13.32:820][910]LogModuleManager: Shutting down and abandoning module EditorWidgets (514)
[2017.11.06-06.13.32:820][910]LogModuleManager: Shutting down and abandoning module CollectionManager (512)
[2017.11.06-06.13.32:820][910]LogDirectoryWatcher: A directory notification for 'F:/Unreal/Projects/The_Arsonist/The-Arsonist/Content/Collections/' was aborted.
[2017.11.06-06.13.32:820][910]LogDirectoryWatcher: A directory notification for 'F:/Unreal/Projects/The_Arsonist/The-Arsonist/Content/Developers/default/Collections/' was aborted.
[2017.11.06-06.13.32:820][910]LogDirectoryWatcher: A directory notification for 'F:/Unreal/Projects/The_Arsonist/The-Arsonist/Saved/Collections/' was aborted.
[2017.11.06-06.13.32:820][910]LogModuleManager: Shutting down and abandoning module StatsViewer (510)
[2017.11.06-06.13.32:820][910]LogModuleManager: Shutting down and abandoning module FoliageEdit (508)
[2017.11.06-06.13.32:820][910]LogModuleManager: Shutting down and abandoning module LandscapeEditor (506)
[2017.11.06-06.13.32:820][910]LogModuleManager: Shutting down and abandoning module MeshPaintMode (504)
[2017.11.06-06.13.32:820][910]LogModuleManager: Shutting down and abandoning module SceneDepthPickerMode (502)
[2017.11.06-06.13.32:820][910]LogModuleManager: Shutting down and abandoning module ActorPickerMode (500)
[2017.11.06-06.13.32:820][910]LogModuleManager: Shutting down and abandoning module GeometryMode (498)
[2017.11.06-06.13.32:820][910]LogModuleManager: Shutting down and abandoning module TextureAlignMode (496)
[2017.11.06-06.13.32:820][910]LogModuleManager: Shutting down and abandoning module BspMode (494)
[2017.11.06-06.13.32:820][910]LogModuleManager: Shutting down and abandoning module HardwareSurvey (492)
[2017.11.06-06.13.32:820][910]LogModuleManager: Shutting down and abandoning module SequenceRecorderSections (490)
[2017.11.06-06.13.32:820][910]LogModuleManager: Shutting down and abandoning module AutomationWorker (488)
[2017.11.06-06.13.32:820][910]LogModuleManager: Shutting down and abandoning module MatineeToLevelSequence (486)
[2017.11.06-06.13.32:820][910]LogModuleManager: Shutting down and abandoning module LevelSequenceEditor (484)
[2017.11.06-06.13.32:821][910]LogModuleManager: Shutting down and abandoning module PlacementMode (483)
[2017.11.06-06.13.32:821][910]LogModuleManager: Shutting down and abandoning module WmfMediaFactory (480)
[2017.11.06-06.13.32:821][910]LogModuleManager: Shutting down and abandoning module WmfMediaEditor (478)
[2017.11.06-06.13.32:821][910]LogModuleManager: Shutting down and abandoning module AvfMediaFactory (476)
[2017.11.06-06.13.32:821][910]LogModuleManager: Shutting down and abandoning module AvfMediaEditor (474)
[2017.11.06-06.13.32:821][910]LogModuleManager: Shutting down and abandoning module AndroidMediaFactory (472)
[2017.11.06-06.13.32:821][910]LogModuleManager: Shutting down and abandoning module Media (471)
[2017.11.06-06.13.32:821][910]LogModuleManager: Shutting down and abandoning module AndroidMediaEditor (468)
[2017.11.06-06.13.32:821][910]LogModuleManager: Shutting down and abandoning module CharacterAI (466)
[2017.11.06-06.13.32:821][910]LogModuleManager: Shutting down and abandoning module AudioCapture (464)
[2017.11.06-06.13.32:821][910]LogModuleManager: Shutting down and abandoning module SequenceRecorder (463)
[2017.11.06-06.13.32:821][910]LogModuleManager: Shutting down and abandoning module SmartSnapping (460)
[2017.11.06-06.13.32:821][910]LogModuleManager: Shutting down and abandoning module SessionServices (458)
[2017.11.06-06.13.32:821][910]LogModuleManager: Shutting down and abandoning module ViewportSnapping (456)
[2017.11.06-06.13.32:821][910]LogModuleManager: Shutting down and abandoning module ViewportInteraction (454)
[2017.11.06-06.13.32:821][910]LogModuleManager: Shutting down and abandoning module ClothPainter (452)
[2017.11.06-06.13.32:821][910]LogModuleManager: Shutting down and abandoning module LogVisualizer (450)
[2017.11.06-06.13.32:821][910]LogModuleManager: Shutting down and abandoning module IntroTutorials (448)
[2017.11.06-06.13.32:821][910]LogModuleManager: Shutting down and abandoning module GameProjectGeneration (447)
[2017.11.06-06.13.32:821][910]LogModuleManager: Shutting down and abandoning module EditorLiveStreaming (444)
[2017.11.06-06.13.32:821][910]LogModuleManager: Shutting down and abandoning module IOSPlatformEditor (442)
[2017.11.06-06.13.32:821][910]LogModuleManager: Shutting down and abandoning module HTML5PlatformEditor (440)
[2017.11.06-06.13.32:821][910]LogModuleManager: Shutting down and abandoning module AndroidPlatformEditor (438)
[2017.11.06-06.13.32:821][910]LogModuleManager: Shutting down and abandoning module AndroidDeviceDetection (437)
[2017.11.06-06.13.33:110][910]LogModuleManager: Shutting down and abandoning module IOSRuntimeSettings (434)
[2017.11.06-06.13.33:110][910]LogModuleManager: Shutting down and abandoning module AndroidRuntimeSettings (432)
[2017.11.06-06.13.33:110][910]LogModuleManager: Shutting down and abandoning module InputBindingEditor (430)
[2017.11.06-06.13.33:110][910]LogModuleManager: Shutting down and abandoning module MergeActors (428)
[2017.11.06-06.13.33:110][910]LogModuleManager: Shutting down and abandoning module SizeMap (426)
[2017.11.06-06.13.33:110][910]LogModuleManager: Shutting down and abandoning module TreeMap (424)
[2017.11.06-06.13.33:110][910]LogModuleManager: Shutting down and abandoning module ReferenceViewer (422)
[2017.11.06-06.13.33:110][910]LogModuleManager: Shutting down and abandoning module LocalizationDashboard (420)
[2017.11.06-06.13.33:110][910]LogModuleManager: Shutting down and abandoning module LocalizationService (419)
[2017.11.06-06.13.33:110][910]LogModuleManager: Shutting down and abandoning module HardwareTargeting (416)
[2017.11.06-06.13.33:110][910]LogModuleManager: Shutting down and abandoning module DeviceProfileEditor (414)
[2017.11.06-06.13.33:110][910]LogModuleManager: Shutting down and abandoning module UndoHistory (412)
[2017.11.06-06.13.33:110][910]LogModuleManager: Shutting down and abandoning module UserFeedback (410)
[2017.11.06-06.13.33:110][910]LogModuleManager: Shutting down and abandoning module XmlParser (408)
[2017.11.06-06.13.33:110][910]LogModuleManager: Shutting down and abandoning module Blutility (406)
[2017.11.06-06.13.33:110][910]LogModuleManager: Shutting down and abandoning module ProjectSettingsViewer (404)
[2017.11.06-06.13.33:110][910]LogModuleManager: Shutting down and abandoning module ProjectTargetPlatformEditor (403)
[2017.11.06-06.13.33:110][910]LogModuleManager: Shutting down and abandoning module EditorSettingsViewer (400)
[2017.11.06-06.13.33:110][910]LogModuleManager: Shutting down and abandoning module SettingsEditor (398)
[2017.11.06-06.13.33:110][910]LogModuleManager: Shutting down and abandoning module ProjectLauncher (396)
[2017.11.06-06.13.33:110][910]LogModuleManager: Shutting down and abandoning module SessionFrontend (394)
[2017.11.06-06.13.33:110][910]LogModuleManager: Shutting down and abandoning module ProfilerClient (392)
[2017.11.06-06.13.33:110][910]LogModuleManager: Shutting down and abandoning module DeviceManager (390)
[2017.11.06-06.13.33:111][910]LogModuleManager: Shutting down and abandoning module TargetDeviceServices (389)
[2017.11.06-06.13.33:165][910]LogModuleManager: Shutting down and abandoning module AutomationController (386)
[2017.11.06-06.13.33:165][910]LogModuleManager: Shutting down and abandoning module AutomationWindow (384)
[2017.11.06-06.13.33:165][910]LogModuleManager: Shutting down and abandoning module Layers (382)
[2017.11.06-06.13.33:165][910]LogModuleManager: Shutting down and abandoning module ComponentVisualizers (380)
[2017.11.06-06.13.33:165][910]LogModuleManager: Shutting down and abandoning module DetailCustomizations (378)
[2017.11.06-06.13.33:165][910]LogModuleManager: Shutting down and abandoning module PackagesDialog (376)
[2017.11.06-06.13.33:165][910]LogModuleManager: Shutting down and abandoning module Persona (374)
[2017.11.06-06.13.33:165][910]LogModuleManager: Shutting down and abandoning module AdvancedPreviewScene (373)
[2017.11.06-06.13.33:165][910]LogModuleManager: Shutting down and abandoning module AnimGraph (371)
[2017.11.06-06.13.33:165][910]LogModuleManager: Shutting down and abandoning module Kismet (368)
[2017.11.06-06.13.33:165][910]LogModuleManager: Shutting down and abandoning module ClassViewer (366)
[2017.11.06-06.13.33:165][910]LogModuleManager: Shutting down and abandoning module Toolbox (364)
[2017.11.06-06.13.33:165][910]LogModuleManager: Shutting down and abandoning module ModuleUI (362)
[2017.11.06-06.13.33:166][910]LogModuleManager: Shutting down and abandoning module MovieSceneTools (360)
[2017.11.06-06.13.33:166][910]LogModuleManager: Shutting down and abandoning module OutputLog (358)
[2017.11.06-06.13.33:166][910]LogModuleManager: Shutting down and abandoning module GammaUI (356)
[2017.11.06-06.13.33:166][910]LogModuleManager: Shutting down and abandoning module Documentation (354)
[2017.11.06-06.13.33:166][910]LogModuleManager: Shutting down and abandoning module MovieSceneTracks (352)
[2017.11.06-06.13.33:166][910]LogModuleManager: Shutting down and abandoning module MovieScene (350)
[2017.11.06-06.13.33:166][910]LogModuleManager: Shutting down and abandoning module Niagara (348)
[2017.11.06-06.13.33:166][910]LogModuleManager: Shutting down and abandoning module NiagaraEditor (347)
[2017.11.06-06.13.33:166][910]LogModuleManager: Shutting down and abandoning module StreamingPauseRendering (344)
[2017.11.06-06.13.33:166][910]LogModuleManager: Shutting down and abandoning module AnalyticsET (342)
[2017.11.06-06.13.33:166][910]LogModuleManager: Shutting down and abandoning module PortalServices (340)
[2017.11.06-06.13.33:166][910]LogModuleManager: Shutting down and abandoning module PortalRpc (338)
[2017.11.06-06.13.33:166][910]LogModuleManager: Shutting down and abandoning module MessagingRpc (336)
[2017.11.06-06.13.33:166][910]LogModuleManager: Shutting down and abandoning module AIModule (334)
[2017.11.06-06.13.33:166][910]LogModuleManager: Shutting down and abandoning module GameplayDebugger (333)
[2017.11.06-06.13.33:166][910]LogModuleManager: Shutting down and abandoning module AITestSuite (331)
[2017.11.06-06.13.33:166][910]LogModuleManager: Shutting down and abandoning module ProfilerService (328)
[2017.11.06-06.13.33:300][910]LogModuleManager: Shutting down and abandoning module TaskGraph (326)
[2017.11.06-06.13.33:300][910]LogModuleManager: Shutting down and abandoning module SteamVRController (324)
[2017.11.06-06.13.33:300][910]LogModuleManager: Shutting down and abandoning module SteamVR (322)
[2017.11.06-06.13.33:300][910]LogModuleManager: Shutting down and abandoning module ProceduralMeshComponentEditor (320)
[2017.11.06-06.13.33:300][910]LogModuleManager: Shutting down and abandoning module ProceduralMeshComponent (318)
[2017.11.06-06.13.33:300][910]LogModuleManager: Shutting down and abandoning module OculusLibrary (316)
[2017.11.06-06.13.33:300][910]LogModuleManager: Shutting down and abandoning module OculusInput (314)
[2017.11.06-06.13.33:300][910]LogModuleManager: Shutting down and abandoning module MobilePatchingUtils (312)
[2017.11.06-06.13.33:300][910]LogModuleManager: Shutting down and abandoning module CustomMeshComponent (310)
[2017.11.06-06.13.33:300][910]LogModuleManager: Shutting down and abandoning module CableComponent (308)
[2017.11.06-06.13.33:300][910]LogModuleManager: Shutting down and abandoning module ArchVisCharacter (306)
[2017.11.06-06.13.33:300][910]LogModuleManager: Shutting down and abandoning module AndroidPermission (304)
[2017.11.06-06.13.33:300][910]LogModuleManager: Shutting down and abandoning module MediaPlayerEditor (300)
[2017.11.06-06.13.33:300][910]LogModuleManager: Shutting down and abandoning module HTML5Networking (298)
[2017.11.06-06.13.33:300][910]LogModuleManager: Shutting down and abandoning module AlembicImporter (296)
[2017.11.06-06.13.33:300][910]LogModuleManager: Shutting down and abandoning module AlembicLibrary (295)
[2017.11.06-06.13.33:300][910]LogModuleManager: Shutting down and abandoning module GeometryCache (294)
[2017.11.06-06.13.33:300][910]LogModuleManager: Shutting down and abandoning module GeometryCacheEd (293)
[2017.11.06-06.13.33:300][910]LogModuleManager: Shutting down and abandoning module SuperSearchEditor (288)
[2017.11.06-06.13.33:300][910]LogModuleManager: Shutting down and abandoning module SuperSearch (287)
[2017.11.06-06.13.33:300][910]LogModuleManager: Shutting down and abandoning module SpeedTreeImporter (284)
[2017.11.06-06.13.33:300][910]LogModuleManager: Shutting down and abandoning module PluginBrowser (282)
[2017.11.06-06.13.33:301][910]LogModuleManager: Shutting down and abandoning module MobileLauncherProfileWizard (280)
[2017.11.06-06.13.33:301][910]LogModuleManager: Shutting down and abandoning module VisualStudioSourceCodeAccess (278)
[2017.11.06-06.13.33:301][910]LogModuleManager: Shutting down and abandoning module DesktopPlatform (277)
[2017.11.06-06.13.33:301][910]LogModuleManager: Shutting down and abandoning module UObjectPlugin (274)
[2017.11.06-06.13.33:301][910]LogModuleManager: Shutting down and abandoning module SubversionSourceControl (272)
[2017.11.06-06.13.33:301][910]LogModuleManager: Shutting down and abandoning module PerforceSourceControl (270)
[2017.11.06-06.13.33:301][910]LogModuleManager: Shutting down and abandoning module GitSourceControl (268)
[2017.11.06-06.13.33:301][910]LogModuleManager: Shutting down and abandoning module SourceControl (267)
[2017.11.06-06.13.33:301][910]LogModuleManager: Shutting down and abandoning module LightPropagationVolumeEditor (264)
[2017.11.06-06.13.33:301][910]LogModuleManager: Shutting down and abandoning module PaperTiledImporter (262)
[2017.11.06-06.13.33:301][910]LogModuleManager: Shutting down and abandoning module PaperSpriteSheetImporter (260)
[2017.11.06-06.13.33:301][910]LogModuleManager: Shutting down and abandoning module Paper2DEditor (258)
[2017.11.06-06.13.33:301][910]LogModuleManager: Shutting down and abandoning module MeshPaint (257)
[2017.11.06-06.13.33:301][910]LogModuleManager: Shutting down and abandoning module LevelEditor (255)
[2017.11.06-06.13.33:302][910]LogModuleManager: Shutting down and abandoning module PixelInspectorModule (254)
[2017.11.06-06.13.33:302][910]LogModuleManager: Shutting down and abandoning module MainFrame (252)
[2017.11.06-06.13.33:302][910]LogModuleManager: Shutting down and abandoning module HotReload (251)
[2017.11.06-06.13.33:302][910]LogModuleManager: Shutting down and abandoning module PhysXVehiclesEditor (246)
[2017.11.06-06.13.33:303][910]LogModuleManager: Shutting down and abandoning module PhysXVehicles (244)
[2017.11.06-06.13.33:303][910]LogModuleManager: Shutting down and abandoning module LocationServicesBPLibrary (242)
[2017.11.06-06.13.33:303][910]LogModuleManager: Shutting down and abandoning module ImmediatePhysicsEditor (240)
[2017.11.06-06.13.33:303][910]LogModuleManager: Shutting down and abandoning module ImmediatePhysics (238)
[2017.11.06-06.13.33:303][910]LogModuleManager: Shutting down and abandoning module UdpMessaging (236)
[2017.11.06-06.13.33:403][910]LogModuleManager: Shutting down and abandoning module TcpMessaging (234)
[2017.11.06-06.13.33:504][910]LogModuleManager: Shutting down and abandoning module GameplayTagsEditor (232)
[2017.11.06-06.13.33:504][910]LogModuleManager: Shutting down and abandoning module FacialAnimationEditor (230)
[2017.11.06-06.13.33:504][910]LogModuleManager: Shutting down and abandoning module FacialAnimation (228)
[2017.11.06-06.13.33:504][910]LogModuleManager: Shutting down and abandoning module AssetManagerEditor (226)
[2017.11.06-06.13.33:504][910]LogModuleManager: Shutting down and abandoning module GraphEditor (225)
[2017.11.06-06.13.33:504][910]LogModuleManager: Shutting down and abandoning module ContentBrowser (223)
[2017.11.06-06.13.33:506][910]LogModuleManager: Shutting down and abandoning module LightPropagationVolumeRuntime (220)
[2017.11.06-06.13.33:506][910]LogModuleManager: Shutting down and abandoning module Paper2D (218)
[2017.11.06-06.13.33:506][910]LogModuleManager: Shutting down and abandoning module WindowsMoviePlayer (216)
[2017.11.06-06.13.33:506][910]LogModuleManager: Shutting down and abandoning module WmfMedia (214)
[2017.11.06-06.13.33:506][910]LogModuleManager: Shutting down and abandoning module ClothingSystemEditor (212)
[2017.11.06-06.13.33:506][910]LogModuleManager: Shutting down and abandoning module ClothingSystemRuntime (210)
[2017.11.06-06.13.33:506][910]LogModuleManager: Shutting down and abandoning module MediaAssets (208)
[2017.11.06-06.13.33:506][910]LogModuleManager: Shutting down and abandoning module GameLiveStreaming (206)
[2017.11.06-06.13.33:506][910]LogModuleManager: Shutting down and abandoning module VREditor (204)
[2017.11.06-06.13.33:506][910]LogModuleManager: Shutting down and abandoning module StringTableEditor (202)
[2017.11.06-06.13.33:507][910]LogModuleManager: Shutting down and abandoning module GameplayTasksEditor (200)
[2017.11.06-06.13.33:507][910]LogModuleManager: Shutting down and abandoning module BehaviorTreeEditor (198)
[2017.11.06-06.13.33:507][910]LogModuleManager: Shutting down and abandoning module FunctionalTesting (196)
[2017.11.06-06.13.33:507][910]LogModuleManager: Shutting down and abandoning module CollisionAnalyzer (194)
[2017.11.06-06.13.33:507][910]LogModuleManager: Shutting down and abandoning module UMG (192)
[2017.11.06-06.13.33:507][910]LogModuleManager: Shutting down and abandoning module UMGEditor (191)
[2017.11.06-06.13.33:507][910]LogModuleManager: Shutting down and abandoning module Sequencer (190)
[2017.11.06-06.13.33:507][910]LogModuleManager: Shutting down and abandoning module AssetTools (188)
[2017.11.06-06.13.33:507][910]LogModuleManager: Shutting down and abandoning module MessageLog (187)
[2017.11.06-06.13.33:507][910]LogModuleManager: Shutting down and abandoning module WorkspaceMenuStructure (186)
[2017.11.06-06.13.33:507][910]LogModuleManager: Shutting down and abandoning module SlateReflector (180)
[2017.11.06-06.13.33:507][910]LogModuleManager: Shutting down and abandoning module Slate (178)
[2017.11.06-06.13.33:507][910]LogModuleManager: Shutting down and abandoning module EditorStyle (176)
[2017.11.06-06.13.33:510][910]LogModuleManager: Shutting down and abandoning module SourceCodeAccess (174)
[2017.11.06-06.13.33:510][910]LogModuleManager: Shutting down and abandoning module HeadMountedDisplay (172)
[2017.11.06-06.13.33:511][910]LogModuleManager: Shutting down and abandoning module XAudio2 (170)
[2017.11.06-06.13.33:511][910]LogModuleManager: Shutting down and abandoning module Networking (168)
[2017.11.06-06.13.33:511][910]LogModuleManager: Shutting down and abandoning module Core (164)
[2017.11.06-06.13.33:511][910]LogModuleManager: Shutting down and abandoning module AssetRegistry (162)
[2017.11.06-06.13.33:701][910]LogDirectoryWatcher: A directory notification for '../../../Engine/Content/' was aborted.
[2017.11.06-06.13.33:701][910]LogDirectoryWatcher: A directory notification for '../../../../Projects/The_Arsonist/The-Arsonist/Content/' was aborted.
[2017.11.06-06.13.33:701][910]LogDirectoryWatcher: A directory notification for '../../../Engine/Plugins/2D/Paper2D/Content/' was aborted.
[2017.11.06-06.13.33:701][910]LogDirectoryWatcher: A directory notification for '../../../Engine/Plugins/Runtime/GearVR/Content/' was aborted.
[2017.11.06-06.13.33:707][910]LogModuleManager: Shutting down and abandoning module DirectoryWatcher (161)
[2017.11.06-06.13.33:721][910]LogModuleManager: Shutting down and abandoning module KismetCompiler (158)
[2017.11.06-06.13.33:721][910]LogModuleManager: Shutting down and abandoning module LevelSequence (156)
[2017.11.06-06.13.33:721][910]LogModuleManager: Shutting down and abandoning module PhysXFormats (154)
[2017.11.06-06.13.33:721][910]LogModuleManager: Shutting down and abandoning module MeshUtilities (152)
[2017.11.06-06.13.33:721][910]LogModuleManager: Shutting down and abandoning module SimplygonSwarm (151)
[2017.11.06-06.13.33:721][910]LogModuleManager: Shutting down and abandoning module SimplygonMeshReduction (149)
[2017.11.06-06.13.33:721][910]LogModuleManager: Shutting down and abandoning module QuadricMeshReduction (147)
[2017.11.06-06.13.33:721][910]LogModuleManager: Shutting down and abandoning module DerivedDataCache (144)
[2017.11.06-06.13.33:818][910]LogDerivedDataCache: Shutdown
[2017.11.06-06.13.33:819][910]LogModuleManager: Shutting down and abandoning module TargetPlatform (142)
[2017.11.06-06.13.33:819][910]LogModuleManager: Shutting down and abandoning module VulkanShaderFormat (141)
[2017.11.06-06.13.33:819][910]LogModuleManager: Shutting down and abandoning module ShaderFormatVectorVM (139)
[2017.11.06-06.13.33:819][910]LogModuleManager: Shutting down and abandoning module ShaderFormatOpenGL (137)
[2017.11.06-06.13.33:819][910]LogModuleManager: Shutting down and abandoning module ShaderFormatD3D (135)
[2017.11.06-06.13.33:819][910]LogModuleManager: Shutting down and abandoning module MetalShaderFormat (133)
[2017.11.06-06.13.33:819][910]LogModuleManager: Shutting down and abandoning module TextureFormatUncompressed (131)
[2017.11.06-06.13.33:819][910]LogModuleManager: Shutting down and abandoning module TextureFormatPVR (129)
[2017.11.06-06.13.33:819][910]LogModuleManager: Shutting down and abandoning module TextureFormatDXT (127)
[2017.11.06-06.13.33:819][910]LogModuleManager: Shutting down and abandoning module TextureFormatIntelISPCTexComp (125)
[2017.11.06-06.13.33:820][910]LogModuleManager: Shutting down and abandoning module TextureFormatASTC (123)
[2017.11.06-06.13.33:821][910]LogModuleManager: Shutting down and abandoning module ImageWrapper (122)
[2017.11.06-06.13.33:821][910]LogModuleManager: Shutting down and abandoning module TextureFormatAndroid (119)
[2017.11.06-06.13.33:821][910]LogModuleManager: Shutting down and abandoning module AudioFormatOpus (117)
[2017.11.06-06.13.33:821][910]LogModuleManager: Shutting down and abandoning module AudioFormatOgg (115)
[2017.11.06-06.13.33:821][910]LogModuleManager: Shutting down and abandoning module AudioFormatADPCM (113)
[2017.11.06-06.13.33:821][910]LogModuleManager: Shutting down and abandoning module LinuxTargetPlatform (111)
[2017.11.06-06.13.33:821][910]LogModuleManager: Shutting down and abandoning module LinuxServerTargetPlatform (109)
[2017.11.06-06.13.33:822][910]LogModuleManager: Shutting down and abandoning module LinuxNoEditorTargetPlatform (107)
[2017.11.06-06.13.33:822][910]LogModuleManager: Shutting down and abandoning module LinuxClientTargetPlatform (105)
[2017.11.06-06.13.33:822][910]LogModuleManager: Shutting down and abandoning module TVOSTargetPlatform (103)
[2017.11.06-06.13.33:823][910]LogModuleManager: Shutting down and abandoning module Messaging (101)
[2017.11.06-06.13.33:823][910]LogModuleManager: Shutting down and abandoning module IOSTargetPlatform (99)
[2017.11.06-06.13.33:823][910]LogModuleManager: Shutting down and abandoning module HTML5TargetPlatform (97)
[2017.11.06-06.13.33:823][910]LogModuleManager: Shutting down and abandoning module Android_PVRTCTargetPlatform (95)
[2017.11.06-06.13.33:823][910]LogModuleManager: Shutting down and abandoning module Android_MultiTargetPlatform (93)
[2017.11.06-06.13.33:823][910]LogModuleManager: Shutting down and abandoning module Android_ETC2TargetPlatform (91)
[2017.11.06-06.13.33:823][910]LogModuleManager: Shutting down and abandoning module Android_ETC1TargetPlatform (89)
[2017.11.06-06.13.33:823][910]LogModuleManager: Shutting down and abandoning module Android_DXTTargetPlatform (87)
[2017.11.06-06.13.33:823][910]LogModuleManager: Shutting down and abandoning module Android_ATCTargetPlatform (85)
[2017.11.06-06.13.33:823][910]LogModuleManager: Shutting down and abandoning module Android_ASTCTargetPlatform (83)
[2017.11.06-06.13.33:823][910]LogModuleManager: Shutting down and abandoning module AndroidTargetPlatform (81)
[2017.11.06-06.13.33:823][910]LogModuleManager: Shutting down and abandoning module WindowsTargetPlatform (79)
[2017.11.06-06.13.33:823][910]LogModuleManager: Shutting down and abandoning module WindowsServerTargetPlatform (77)
[2017.11.06-06.13.33:823][910]LogModuleManager: Shutting down and abandoning module WindowsNoEditorTargetPlatform (75)
[2017.11.06-06.13.33:824][910]LogModuleManager: Shutting down and abandoning module WindowsClientTargetPlatform (73)
[2017.11.06-06.13.33:824][910]LogModuleManager: Shutting down and abandoning module MacTargetPlatform (71)
[2017.11.06-06.13.33:824][910]LogModuleManager: Shutting down and abandoning module MacServerTargetPlatform (69)
[2017.11.06-06.13.33:824][910]LogModuleManager: Shutting down and abandoning module MacNoEditorTargetPlatform (67)
[2017.11.06-06.13.33:824][910]LogModuleManager: Shutting down and abandoning module MacClientTargetPlatform (65)
[2017.11.06-06.13.33:824][910]LogModuleManager: Shutting down and abandoning module AllDesktopTargetPlatform (63)
[2017.11.06-06.13.33:824][910]LogModuleManager: Shutting down and abandoning module InputCore (60)
[2017.11.06-06.13.33:824][910]LogModuleManager: Shutting down and abandoning module Settings (58)
[2017.11.06-06.13.33:824][910]LogModuleManager: Shutting down and abandoning module OculusRift (56)
[2017.11.06-06.13.33:824][910]LogModuleManager: Shutting down and abandoning module GearVRController (54)
[2017.11.06-06.13.33:824][910]LogModuleManager: Shutting down and abandoning module GearVR (52)
[2017.11.06-06.13.33:824][910]LogModuleManager: Shutting down and abandoning module ExampleDeviceProfileSelector (50)
[2017.11.06-06.13.33:824][910]LogModuleManager: Shutting down and abandoning module OnlineBlueprintSupport (48)
[2017.11.06-06.13.33:824][910]LogModuleManager: Shutting down and abandoning module OnlineSubsystem (44)
[2017.11.06-06.13.33:824][910]LogOnline:Display: Unloading online subsystem: NULL
[2017.11.06-06.13.33:824][910]LogModuleManager: Shutting down and abandoning module XMPP (43)
[2017.11.06-06.13.33:825][910]LogModuleManager: Shutting down and abandoning module HTTP (41)
[2017.11.06-06.13.33:825][910]LogHttp:Display: Http module shutting down, but needs to wait on 1 outstanding Http requests:
[2017.11.06-06.13.33:825][910]LogHttp:Display: 	verb=[POST] url=[https://datarouter.ol.epicgames.com/datarouter/api/v1/public/data?SessionID=%7B2805FB60-43C9-7AF6-36DC-0F8B102894D4%7D&AppID=UEEditor.Rocket.Release&AppVersion=4.16.3-3561208%2B%2B%2BUE4%2BRelease-4.16&UserID=77a9eb4f462cfdf02b7f6988945b7494%7C678323adc543409c9e4b9a2089a91c33%7C80bd5cb6-d69c-4264-8e08-a361daa0d06d&AppEnvironment=datacollector-binary&UploadType=eteventstream] status=Processing
[2017.11.06-06.13.33:837][910]LogModuleManager: Shutting down and abandoning module SSL (40)
[2017.11.06-06.13.33:839][910]LogModuleManager: Shutting down and abandoning module HTTPChunkInstaller (36)
[2017.11.06-06.13.33:839][910]LogModuleManager: Shutting down and abandoning module AnimationModifiers (34)
[2017.11.06-06.13.33:839][910]LogModuleManager: Shutting down and abandoning module PropertyEditor (33)
[2017.11.06-06.13.33:839][910]LogModuleManager: Shutting down and abandoning module AudioEditor (30)
[2017.11.06-06.13.33:839][910]LogModuleManager: Shutting down and abandoning module TextureCompressor (28)
[2017.11.06-06.13.33:840][910]LogModuleManager: Shutting down and abandoning module ShaderCore (26)
[2017.11.06-06.13.33:840][910]LogModuleManager: Shutting down and abandoning module Landscape (24)
[2017.11.06-06.13.33:840][910]LogModuleManager: Shutting down and abandoning module SlateRHIRenderer (22)
[2017.11.06-06.13.33:852][910]LogModuleManager: Shutting down and abandoning module OpenGLDrv (20)
[2017.11.06-06.13.33:852][910]LogModuleManager: Shutting down and abandoning module D3D11RHI (18)
[2017.11.06-06.13.33:852][910]LogModuleManager: Shutting down and abandoning module AnimGraphRuntime (16)
[2017.11.06-06.13.33:852][910]LogModuleManager: Shutting down and abandoning module Renderer (14)
[2017.11.06-06.13.33:852][910]LogModuleManager: Shutting down and abandoning module Engine (12)
[2017.11.06-06.13.33:852][910]LogModuleManager: Shutting down and abandoning module CoreUObject (10)
[2017.11.06-06.13.33:852][910]LogModuleManager: Shutting down and abandoning module NetworkFile (8)
[2017.11.06-06.13.33:852][910]LogModuleManager: Shutting down and abandoning module StreamingFile (6)
[2017.11.06-06.13.33:852][910]LogModuleManager: Shutting down and abandoning module SandboxFile (4)
[2017.11.06-06.13.33:852][910]LogModuleManager: Shutting down and abandoning module PakFile (2)
[2017.11.06-06.13.33:854][910]LogExit: Exiting.
[2017.11.06-06.13.33:867][910]Log file closed, 11/05/17 23:13:33
